C:\Users\cfk30\OneDrive\Documents\ECE4910\thesis\flash_attn\flash_attn\hls\.autopilot\db\flashattn.pp.0.cpp:2393:5: warning: Added loop label VITIS_LOOP_676_1:   [xilinx-label-all-loops]
    for (unsigned i = low; i != high+1; ++i) {
    ^~~
    VITIS_LOOP_676_1: 
C:\Users\cfk30\OneDrive\Documents\ECE4910\thesis\flash_attn\flash_attn\hls\.autopilot\db\flashattn.pp.0.cpp:2393:5: note: FIX-IT applied suggested code changes
C:\Users\cfk30\OneDrive\Documents\ECE4910\thesis\flash_attn\flash_attn\hls\.autopilot\db\flashattn.pp.0.cpp:2407:5: warning: Added loop label VITIS_LOOP_690_1:   [xilinx-label-all-loops]
    for (unsigned i = low; i != high+1; ++i) {
    ^~~
    VITIS_LOOP_690_1: 
C:\Users\cfk30\OneDrive\Documents\ECE4910\thesis\flash_attn\flash_attn\hls\.autopilot\db\flashattn.pp.0.cpp:2407:5: note: FIX-IT applied suggested code changes
C:\Users\cfk30\OneDrive\Documents\ECE4910\thesis\flash_attn\flash_attn\hls\.autopilot\db\flashattn.pp.0.cpp:2421:5: warning: Added loop label VITIS_LOOP_704_1:   [xilinx-label-all-loops]
    for (unsigned i = low; i != high+1; ++i) {
    ^~~
    VITIS_LOOP_704_1: 
C:\Users\cfk30\OneDrive\Documents\ECE4910\thesis\flash_attn\flash_attn\hls\.autopilot\db\flashattn.pp.0.cpp:2421:5: note: FIX-IT applied suggested code changes
C:\Users\cfk30\OneDrive\Documents\ECE4910\thesis\flash_attn\flash_attn\hls\.autopilot\db\flashattn.pp.0.cpp:4055:7: warning: Added loop label VITIS_LOOP_1248_1:   [xilinx-label-all-loops]
      for (i = 0; i < __N - 1; ++i) {
      ^~~
      VITIS_LOOP_1248_1: 
C:\Users\cfk30\OneDrive\Documents\ECE4910\thesis\flash_attn\flash_attn\hls\.autopilot\db\flashattn.pp.0.cpp:4055:7: note: FIX-IT applied suggested code changes
C:\Users\cfk30\OneDrive\Documents\ECE4910\thesis\flash_attn\flash_attn\hls\.autopilot\db\flashattn.pp.0.cpp:9781:3: warning: Added loop label VITIS_LOOP_25_1:   [xilinx-label-all-loops]
  for(int col = 0; col < 64; col++)
  ^~~
  VITIS_LOOP_25_1: 
C:\Users\cfk30\OneDrive\Documents\ECE4910\thesis\flash_attn\flash_attn\hls\.autopilot\db\flashattn.pp.0.cpp:9781:3: note: FIX-IT applied suggested code changes
C:\Users\cfk30\OneDrive\Documents\ECE4910\thesis\flash_attn\flash_attn\hls\.autopilot\db\flashattn.pp.0.cpp:9791:3: warning: Added loop label VITIS_LOOP_35_2:   [xilinx-label-all-loops]
  for(int col = 0; col < 64; col++)
  ^~~
  VITIS_LOOP_35_2: 
C:\Users\cfk30\OneDrive\Documents\ECE4910\thesis\flash_attn\flash_attn\hls\.autopilot\db\flashattn.pp.0.cpp:9791:3: note: FIX-IT applied suggested code changes
C:\Users\cfk30\OneDrive\Documents\ECE4910\thesis\flash_attn\flash_attn\hls\.autopilot\db\flashattn.pp.0.cpp:9804:3: warning: Added loop label VITIS_LOOP_48_3:   [xilinx-label-all-loops]
  for(int col = 0; col < 64; col++)
  ^~~
  VITIS_LOOP_48_3: 
C:\Users\cfk30\OneDrive\Documents\ECE4910\thesis\flash_attn\flash_attn\hls\.autopilot\db\flashattn.pp.0.cpp:9804:3: note: FIX-IT applied suggested code changes
