

================================================================
== Vitis HLS Report for 'flashattn'
================================================================
* Date:           Fri Apr 11 19:30:28 2025

* Version:        2024.2 (Build 5238294 on Nov  8 2024)
* Project:        flash_attn
* Solution:       hls (Vivado IP Flow Target)
* Product family: zynq
* Target device:  xc7z020-clg400-1


================================================================
== Performance Estimates
================================================================
+ Timing: 
    * Summary: 
    +--------+----------+----------+------------+
    |  Clock |  Target  | Estimated| Uncertainty|
    +--------+----------+----------+------------+
    |ap_clk  |  10.00 ns|  7.256 ns|     2.70 ns|
    +--------+----------+----------+------------+

+ Latency: 
    * Summary: 
    +---------+---------+-----------+-----------+------+------+---------+
    |  Latency (cycles) |   Latency (absolute)  |   Interval  | Pipeline|
    |   min   |   max   |    min    |    max    |  min |  max |   Type  |
    +---------+---------+-----------+-----------+------+------+---------+
    |     6529|     6529|  65.290 us|  65.290 us|  6530|  6530|       no|
    +---------+---------+-----------+-----------+------+------+---------+

    + Detail: 
        * Instance: 
        N/A

        * Loop: 
        N/A

============================================================
+ Verbose Summary: Synthesis Manager
============================================================
InlineROM: 1
ExposeGlobal: 0
============================================================
+ Verbose Summary: CDFG Model
============================================================
IsTopModel: 1
ResetActiveHigh: 1
IsCombinational: 0
IsDatapathOnly: 0
HasWiredReturn: 1
HasMFsm: 0
HasVarLatency: 1
IsPipeline: 0
IsRtlPipelined: 0
IsInstanceOverlapped: 0
IsDontTouch: 0
HasImplIP: 0
IsGatedGlobalClock: 0


============================================================
+ Verbose Summary: Schedule
============================================================
* Number of FSM states : 6
* Pipeline : 0
* Dataflow Pipeline: 0

* FSM state transitions: 
1 --> 2 
2 --> 3 
3 --> 4 
4 --> 5 
5 --> 6 
6 --> 

* FSM state operations: 

State 1 <SV = 0> <Delay = 3.25>
ST_1 : Operation 7 [1/1] (0.00ns)   --->   "%Q_tile = alloca i64 1" [flashattn.cpp:20]   --->   Operation 7 'alloca' 'Q_tile' <Predicate = true> <Delay = 0.00>
ST_1 : Operation 8 [1/1] (0.00ns)   --->   "%Q_tile_1 = alloca i64 1" [flashattn.cpp:20]   --->   Operation 8 'alloca' 'Q_tile_1' <Predicate = true> <Delay = 0.00>
ST_1 : Operation 9 [1/1] (0.00ns)   --->   "%Q_tile_2 = alloca i64 1" [flashattn.cpp:20]   --->   Operation 9 'alloca' 'Q_tile_2' <Predicate = true> <Delay = 0.00>
ST_1 : Operation 10 [1/1] (0.00ns)   --->   "%Q_tile_3 = alloca i64 1" [flashattn.cpp:20]   --->   Operation 10 'alloca' 'Q_tile_3' <Predicate = true> <Delay = 0.00>
ST_1 : Operation 11 [1/1] (0.00ns)   --->   "%Q_tile_4 = alloca i64 1" [flashattn.cpp:20]   --->   Operation 11 'alloca' 'Q_tile_4' <Predicate = true> <Delay = 0.00>
ST_1 : Operation 12 [1/1] (0.00ns)   --->   "%Q_tile_5 = alloca i64 1" [flashattn.cpp:20]   --->   Operation 12 'alloca' 'Q_tile_5' <Predicate = true> <Delay = 0.00>
ST_1 : Operation 13 [1/1] (0.00ns)   --->   "%Q_tile_6 = alloca i64 1" [flashattn.cpp:20]   --->   Operation 13 'alloca' 'Q_tile_6' <Predicate = true> <Delay = 0.00>
ST_1 : Operation 14 [1/1] (0.00ns)   --->   "%Q_tile_7 = alloca i64 1" [flashattn.cpp:20]   --->   Operation 14 'alloca' 'Q_tile_7' <Predicate = true> <Delay = 0.00>
ST_1 : Operation 15 [1/1] (0.00ns)   --->   "%Q_tile_8 = alloca i64 1" [flashattn.cpp:20]   --->   Operation 15 'alloca' 'Q_tile_8' <Predicate = true> <Delay = 0.00>
ST_1 : Operation 16 [1/1] (0.00ns)   --->   "%Q_tile_9 = alloca i64 1" [flashattn.cpp:20]   --->   Operation 16 'alloca' 'Q_tile_9' <Predicate = true> <Delay = 0.00>
ST_1 : Operation 17 [1/1] (0.00ns)   --->   "%Q_tile_10 = alloca i64 1" [flashattn.cpp:20]   --->   Operation 17 'alloca' 'Q_tile_10' <Predicate = true> <Delay = 0.00>
ST_1 : Operation 18 [1/1] (0.00ns)   --->   "%Q_tile_11 = alloca i64 1" [flashattn.cpp:20]   --->   Operation 18 'alloca' 'Q_tile_11' <Predicate = true> <Delay = 0.00>
ST_1 : Operation 19 [1/1] (0.00ns)   --->   "%Q_tile_12 = alloca i64 1" [flashattn.cpp:20]   --->   Operation 19 'alloca' 'Q_tile_12' <Predicate = true> <Delay = 0.00>
ST_1 : Operation 20 [1/1] (0.00ns)   --->   "%Q_tile_13 = alloca i64 1" [flashattn.cpp:20]   --->   Operation 20 'alloca' 'Q_tile_13' <Predicate = true> <Delay = 0.00>
ST_1 : Operation 21 [1/1] (0.00ns)   --->   "%Q_tile_14 = alloca i64 1" [flashattn.cpp:20]   --->   Operation 21 'alloca' 'Q_tile_14' <Predicate = true> <Delay = 0.00>
ST_1 : Operation 22 [1/1] (0.00ns)   --->   "%Q_tile_15 = alloca i64 1" [flashattn.cpp:20]   --->   Operation 22 'alloca' 'Q_tile_15' <Predicate = true> <Delay = 0.00>
ST_1 : Operation 23 [1/1] (0.00ns)   --->   "%Q_tile_16 = alloca i64 1" [flashattn.cpp:20]   --->   Operation 23 'alloca' 'Q_tile_16' <Predicate = true> <Delay = 0.00>
ST_1 : Operation 24 [1/1] (0.00ns)   --->   "%Q_tile_17 = alloca i64 1" [flashattn.cpp:20]   --->   Operation 24 'alloca' 'Q_tile_17' <Predicate = true> <Delay = 0.00>
ST_1 : Operation 25 [1/1] (0.00ns)   --->   "%Q_tile_18 = alloca i64 1" [flashattn.cpp:20]   --->   Operation 25 'alloca' 'Q_tile_18' <Predicate = true> <Delay = 0.00>
ST_1 : Operation 26 [1/1] (0.00ns)   --->   "%Q_tile_19 = alloca i64 1" [flashattn.cpp:20]   --->   Operation 26 'alloca' 'Q_tile_19' <Predicate = true> <Delay = 0.00>
ST_1 : Operation 27 [1/1] (0.00ns)   --->   "%Q_tile_20 = alloca i64 1" [flashattn.cpp:20]   --->   Operation 27 'alloca' 'Q_tile_20' <Predicate = true> <Delay = 0.00>
ST_1 : Operation 28 [1/1] (0.00ns)   --->   "%Q_tile_21 = alloca i64 1" [flashattn.cpp:20]   --->   Operation 28 'alloca' 'Q_tile_21' <Predicate = true> <Delay = 0.00>
ST_1 : Operation 29 [1/1] (0.00ns)   --->   "%Q_tile_22 = alloca i64 1" [flashattn.cpp:20]   --->   Operation 29 'alloca' 'Q_tile_22' <Predicate = true> <Delay = 0.00>
ST_1 : Operation 30 [1/1] (0.00ns)   --->   "%Q_tile_23 = alloca i64 1" [flashattn.cpp:20]   --->   Operation 30 'alloca' 'Q_tile_23' <Predicate = true> <Delay = 0.00>
ST_1 : Operation 31 [1/1] (0.00ns)   --->   "%Q_tile_24 = alloca i64 1" [flashattn.cpp:20]   --->   Operation 31 'alloca' 'Q_tile_24' <Predicate = true> <Delay = 0.00>
ST_1 : Operation 32 [1/1] (0.00ns)   --->   "%Q_tile_25 = alloca i64 1" [flashattn.cpp:20]   --->   Operation 32 'alloca' 'Q_tile_25' <Predicate = true> <Delay = 0.00>
ST_1 : Operation 33 [1/1] (0.00ns)   --->   "%Q_tile_26 = alloca i64 1" [flashattn.cpp:20]   --->   Operation 33 'alloca' 'Q_tile_26' <Predicate = true> <Delay = 0.00>
ST_1 : Operation 34 [1/1] (0.00ns)   --->   "%Q_tile_27 = alloca i64 1" [flashattn.cpp:20]   --->   Operation 34 'alloca' 'Q_tile_27' <Predicate = true> <Delay = 0.00>
ST_1 : Operation 35 [1/1] (0.00ns)   --->   "%Q_tile_28 = alloca i64 1" [flashattn.cpp:20]   --->   Operation 35 'alloca' 'Q_tile_28' <Predicate = true> <Delay = 0.00>
ST_1 : Operation 36 [1/1] (0.00ns)   --->   "%Q_tile_29 = alloca i64 1" [flashattn.cpp:20]   --->   Operation 36 'alloca' 'Q_tile_29' <Predicate = true> <Delay = 0.00>
ST_1 : Operation 37 [1/1] (0.00ns)   --->   "%Q_tile_30 = alloca i64 1" [flashattn.cpp:20]   --->   Operation 37 'alloca' 'Q_tile_30' <Predicate = true> <Delay = 0.00>
ST_1 : Operation 38 [1/1] (0.00ns)   --->   "%Q_tile_31 = alloca i64 1" [flashattn.cpp:20]   --->   Operation 38 'alloca' 'Q_tile_31' <Predicate = true> <Delay = 0.00>
ST_1 : Operation 39 [1/1] (0.00ns)   --->   "%Q_tile_32 = alloca i64 1" [flashattn.cpp:20]   --->   Operation 39 'alloca' 'Q_tile_32' <Predicate = true> <Delay = 0.00>
ST_1 : Operation 40 [1/1] (0.00ns)   --->   "%Q_tile_33 = alloca i64 1" [flashattn.cpp:20]   --->   Operation 40 'alloca' 'Q_tile_33' <Predicate = true> <Delay = 0.00>
ST_1 : Operation 41 [1/1] (0.00ns)   --->   "%Q_tile_34 = alloca i64 1" [flashattn.cpp:20]   --->   Operation 41 'alloca' 'Q_tile_34' <Predicate = true> <Delay = 0.00>
ST_1 : Operation 42 [1/1] (0.00ns)   --->   "%Q_tile_35 = alloca i64 1" [flashattn.cpp:20]   --->   Operation 42 'alloca' 'Q_tile_35' <Predicate = true> <Delay = 0.00>
ST_1 : Operation 43 [1/1] (0.00ns)   --->   "%Q_tile_36 = alloca i64 1" [flashattn.cpp:20]   --->   Operation 43 'alloca' 'Q_tile_36' <Predicate = true> <Delay = 0.00>
ST_1 : Operation 44 [1/1] (0.00ns)   --->   "%Q_tile_37 = alloca i64 1" [flashattn.cpp:20]   --->   Operation 44 'alloca' 'Q_tile_37' <Predicate = true> <Delay = 0.00>
ST_1 : Operation 45 [1/1] (0.00ns)   --->   "%Q_tile_38 = alloca i64 1" [flashattn.cpp:20]   --->   Operation 45 'alloca' 'Q_tile_38' <Predicate = true> <Delay = 0.00>
ST_1 : Operation 46 [1/1] (0.00ns)   --->   "%Q_tile_39 = alloca i64 1" [flashattn.cpp:20]   --->   Operation 46 'alloca' 'Q_tile_39' <Predicate = true> <Delay = 0.00>
ST_1 : Operation 47 [1/1] (0.00ns)   --->   "%Q_tile_40 = alloca i64 1" [flashattn.cpp:20]   --->   Operation 47 'alloca' 'Q_tile_40' <Predicate = true> <Delay = 0.00>
ST_1 : Operation 48 [1/1] (0.00ns)   --->   "%Q_tile_41 = alloca i64 1" [flashattn.cpp:20]   --->   Operation 48 'alloca' 'Q_tile_41' <Predicate = true> <Delay = 0.00>
ST_1 : Operation 49 [1/1] (0.00ns)   --->   "%Q_tile_42 = alloca i64 1" [flashattn.cpp:20]   --->   Operation 49 'alloca' 'Q_tile_42' <Predicate = true> <Delay = 0.00>
ST_1 : Operation 50 [1/1] (0.00ns)   --->   "%Q_tile_43 = alloca i64 1" [flashattn.cpp:20]   --->   Operation 50 'alloca' 'Q_tile_43' <Predicate = true> <Delay = 0.00>
ST_1 : Operation 51 [1/1] (0.00ns)   --->   "%Q_tile_44 = alloca i64 1" [flashattn.cpp:20]   --->   Operation 51 'alloca' 'Q_tile_44' <Predicate = true> <Delay = 0.00>
ST_1 : Operation 52 [1/1] (0.00ns)   --->   "%Q_tile_45 = alloca i64 1" [flashattn.cpp:20]   --->   Operation 52 'alloca' 'Q_tile_45' <Predicate = true> <Delay = 0.00>
ST_1 : Operation 53 [1/1] (0.00ns)   --->   "%Q_tile_46 = alloca i64 1" [flashattn.cpp:20]   --->   Operation 53 'alloca' 'Q_tile_46' <Predicate = true> <Delay = 0.00>
ST_1 : Operation 54 [1/1] (0.00ns)   --->   "%Q_tile_47 = alloca i64 1" [flashattn.cpp:20]   --->   Operation 54 'alloca' 'Q_tile_47' <Predicate = true> <Delay = 0.00>
ST_1 : Operation 55 [1/1] (0.00ns)   --->   "%Q_tile_48 = alloca i64 1" [flashattn.cpp:20]   --->   Operation 55 'alloca' 'Q_tile_48' <Predicate = true> <Delay = 0.00>
ST_1 : Operation 56 [1/1] (0.00ns)   --->   "%Q_tile_49 = alloca i64 1" [flashattn.cpp:20]   --->   Operation 56 'alloca' 'Q_tile_49' <Predicate = true> <Delay = 0.00>
ST_1 : Operation 57 [1/1] (0.00ns)   --->   "%Q_tile_50 = alloca i64 1" [flashattn.cpp:20]   --->   Operation 57 'alloca' 'Q_tile_50' <Predicate = true> <Delay = 0.00>
ST_1 : Operation 58 [1/1] (0.00ns)   --->   "%Q_tile_51 = alloca i64 1" [flashattn.cpp:20]   --->   Operation 58 'alloca' 'Q_tile_51' <Predicate = true> <Delay = 0.00>
ST_1 : Operation 59 [1/1] (0.00ns)   --->   "%Q_tile_52 = alloca i64 1" [flashattn.cpp:20]   --->   Operation 59 'alloca' 'Q_tile_52' <Predicate = true> <Delay = 0.00>
ST_1 : Operation 60 [1/1] (0.00ns)   --->   "%Q_tile_53 = alloca i64 1" [flashattn.cpp:20]   --->   Operation 60 'alloca' 'Q_tile_53' <Predicate = true> <Delay = 0.00>
ST_1 : Operation 61 [1/1] (0.00ns)   --->   "%Q_tile_54 = alloca i64 1" [flashattn.cpp:20]   --->   Operation 61 'alloca' 'Q_tile_54' <Predicate = true> <Delay = 0.00>
ST_1 : Operation 62 [1/1] (0.00ns)   --->   "%Q_tile_55 = alloca i64 1" [flashattn.cpp:20]   --->   Operation 62 'alloca' 'Q_tile_55' <Predicate = true> <Delay = 0.00>
ST_1 : Operation 63 [1/1] (0.00ns)   --->   "%Q_tile_56 = alloca i64 1" [flashattn.cpp:20]   --->   Operation 63 'alloca' 'Q_tile_56' <Predicate = true> <Delay = 0.00>
ST_1 : Operation 64 [1/1] (0.00ns)   --->   "%Q_tile_57 = alloca i64 1" [flashattn.cpp:20]   --->   Operation 64 'alloca' 'Q_tile_57' <Predicate = true> <Delay = 0.00>
ST_1 : Operation 65 [1/1] (0.00ns)   --->   "%Q_tile_58 = alloca i64 1" [flashattn.cpp:20]   --->   Operation 65 'alloca' 'Q_tile_58' <Predicate = true> <Delay = 0.00>
ST_1 : Operation 66 [1/1] (0.00ns)   --->   "%Q_tile_59 = alloca i64 1" [flashattn.cpp:20]   --->   Operation 66 'alloca' 'Q_tile_59' <Predicate = true> <Delay = 0.00>
ST_1 : Operation 67 [1/1] (0.00ns)   --->   "%Q_tile_60 = alloca i64 1" [flashattn.cpp:20]   --->   Operation 67 'alloca' 'Q_tile_60' <Predicate = true> <Delay = 0.00>
ST_1 : Operation 68 [1/1] (0.00ns)   --->   "%Q_tile_61 = alloca i64 1" [flashattn.cpp:20]   --->   Operation 68 'alloca' 'Q_tile_61' <Predicate = true> <Delay = 0.00>
ST_1 : Operation 69 [1/1] (0.00ns)   --->   "%Q_tile_62 = alloca i64 1" [flashattn.cpp:20]   --->   Operation 69 'alloca' 'Q_tile_62' <Predicate = true> <Delay = 0.00>
ST_1 : Operation 70 [1/1] (0.00ns)   --->   "%Q_tile_63 = alloca i64 1" [flashattn.cpp:20]   --->   Operation 70 'alloca' 'Q_tile_63' <Predicate = true> <Delay = 0.00>
ST_1 : Operation 71 [1/1] (0.00ns)   --->   "%K_tile = alloca i64 1" [flashattn.cpp:21]   --->   Operation 71 'alloca' 'K_tile' <Predicate = true> <Delay = 0.00>
ST_1 : Operation 72 [1/1] (0.00ns)   --->   "%K_tile_1 = alloca i64 1" [flashattn.cpp:21]   --->   Operation 72 'alloca' 'K_tile_1' <Predicate = true> <Delay = 0.00>
ST_1 : Operation 73 [1/1] (0.00ns)   --->   "%K_tile_2 = alloca i64 1" [flashattn.cpp:21]   --->   Operation 73 'alloca' 'K_tile_2' <Predicate = true> <Delay = 0.00>
ST_1 : Operation 74 [1/1] (0.00ns)   --->   "%K_tile_3 = alloca i64 1" [flashattn.cpp:21]   --->   Operation 74 'alloca' 'K_tile_3' <Predicate = true> <Delay = 0.00>
ST_1 : Operation 75 [1/1] (0.00ns)   --->   "%K_tile_4 = alloca i64 1" [flashattn.cpp:21]   --->   Operation 75 'alloca' 'K_tile_4' <Predicate = true> <Delay = 0.00>
ST_1 : Operation 76 [1/1] (0.00ns)   --->   "%K_tile_5 = alloca i64 1" [flashattn.cpp:21]   --->   Operation 76 'alloca' 'K_tile_5' <Predicate = true> <Delay = 0.00>
ST_1 : Operation 77 [1/1] (0.00ns)   --->   "%K_tile_6 = alloca i64 1" [flashattn.cpp:21]   --->   Operation 77 'alloca' 'K_tile_6' <Predicate = true> <Delay = 0.00>
ST_1 : Operation 78 [1/1] (0.00ns)   --->   "%K_tile_7 = alloca i64 1" [flashattn.cpp:21]   --->   Operation 78 'alloca' 'K_tile_7' <Predicate = true> <Delay = 0.00>
ST_1 : Operation 79 [1/1] (0.00ns)   --->   "%K_tile_8 = alloca i64 1" [flashattn.cpp:21]   --->   Operation 79 'alloca' 'K_tile_8' <Predicate = true> <Delay = 0.00>
ST_1 : Operation 80 [1/1] (0.00ns)   --->   "%K_tile_9 = alloca i64 1" [flashattn.cpp:21]   --->   Operation 80 'alloca' 'K_tile_9' <Predicate = true> <Delay = 0.00>
ST_1 : Operation 81 [1/1] (0.00ns)   --->   "%K_tile_10 = alloca i64 1" [flashattn.cpp:21]   --->   Operation 81 'alloca' 'K_tile_10' <Predicate = true> <Delay = 0.00>
ST_1 : Operation 82 [1/1] (0.00ns)   --->   "%K_tile_11 = alloca i64 1" [flashattn.cpp:21]   --->   Operation 82 'alloca' 'K_tile_11' <Predicate = true> <Delay = 0.00>
ST_1 : Operation 83 [1/1] (0.00ns)   --->   "%K_tile_12 = alloca i64 1" [flashattn.cpp:21]   --->   Operation 83 'alloca' 'K_tile_12' <Predicate = true> <Delay = 0.00>
ST_1 : Operation 84 [1/1] (0.00ns)   --->   "%K_tile_13 = alloca i64 1" [flashattn.cpp:21]   --->   Operation 84 'alloca' 'K_tile_13' <Predicate = true> <Delay = 0.00>
ST_1 : Operation 85 [1/1] (0.00ns)   --->   "%K_tile_14 = alloca i64 1" [flashattn.cpp:21]   --->   Operation 85 'alloca' 'K_tile_14' <Predicate = true> <Delay = 0.00>
ST_1 : Operation 86 [1/1] (0.00ns)   --->   "%K_tile_15 = alloca i64 1" [flashattn.cpp:21]   --->   Operation 86 'alloca' 'K_tile_15' <Predicate = true> <Delay = 0.00>
ST_1 : Operation 87 [1/1] (0.00ns)   --->   "%K_tile_16 = alloca i64 1" [flashattn.cpp:21]   --->   Operation 87 'alloca' 'K_tile_16' <Predicate = true> <Delay = 0.00>
ST_1 : Operation 88 [1/1] (0.00ns)   --->   "%K_tile_17 = alloca i64 1" [flashattn.cpp:21]   --->   Operation 88 'alloca' 'K_tile_17' <Predicate = true> <Delay = 0.00>
ST_1 : Operation 89 [1/1] (0.00ns)   --->   "%K_tile_18 = alloca i64 1" [flashattn.cpp:21]   --->   Operation 89 'alloca' 'K_tile_18' <Predicate = true> <Delay = 0.00>
ST_1 : Operation 90 [1/1] (0.00ns)   --->   "%K_tile_19 = alloca i64 1" [flashattn.cpp:21]   --->   Operation 90 'alloca' 'K_tile_19' <Predicate = true> <Delay = 0.00>
ST_1 : Operation 91 [1/1] (0.00ns)   --->   "%K_tile_20 = alloca i64 1" [flashattn.cpp:21]   --->   Operation 91 'alloca' 'K_tile_20' <Predicate = true> <Delay = 0.00>
ST_1 : Operation 92 [1/1] (0.00ns)   --->   "%K_tile_21 = alloca i64 1" [flashattn.cpp:21]   --->   Operation 92 'alloca' 'K_tile_21' <Predicate = true> <Delay = 0.00>
ST_1 : Operation 93 [1/1] (0.00ns)   --->   "%K_tile_22 = alloca i64 1" [flashattn.cpp:21]   --->   Operation 93 'alloca' 'K_tile_22' <Predicate = true> <Delay = 0.00>
ST_1 : Operation 94 [1/1] (0.00ns)   --->   "%K_tile_23 = alloca i64 1" [flashattn.cpp:21]   --->   Operation 94 'alloca' 'K_tile_23' <Predicate = true> <Delay = 0.00>
ST_1 : Operation 95 [1/1] (0.00ns)   --->   "%K_tile_24 = alloca i64 1" [flashattn.cpp:21]   --->   Operation 95 'alloca' 'K_tile_24' <Predicate = true> <Delay = 0.00>
ST_1 : Operation 96 [1/1] (0.00ns)   --->   "%K_tile_25 = alloca i64 1" [flashattn.cpp:21]   --->   Operation 96 'alloca' 'K_tile_25' <Predicate = true> <Delay = 0.00>
ST_1 : Operation 97 [1/1] (0.00ns)   --->   "%K_tile_26 = alloca i64 1" [flashattn.cpp:21]   --->   Operation 97 'alloca' 'K_tile_26' <Predicate = true> <Delay = 0.00>
ST_1 : Operation 98 [1/1] (0.00ns)   --->   "%K_tile_27 = alloca i64 1" [flashattn.cpp:21]   --->   Operation 98 'alloca' 'K_tile_27' <Predicate = true> <Delay = 0.00>
ST_1 : Operation 99 [1/1] (0.00ns)   --->   "%K_tile_28 = alloca i64 1" [flashattn.cpp:21]   --->   Operation 99 'alloca' 'K_tile_28' <Predicate = true> <Delay = 0.00>
ST_1 : Operation 100 [1/1] (0.00ns)   --->   "%K_tile_29 = alloca i64 1" [flashattn.cpp:21]   --->   Operation 100 'alloca' 'K_tile_29' <Predicate = true> <Delay = 0.00>
ST_1 : Operation 101 [1/1] (0.00ns)   --->   "%K_tile_30 = alloca i64 1" [flashattn.cpp:21]   --->   Operation 101 'alloca' 'K_tile_30' <Predicate = true> <Delay = 0.00>
ST_1 : Operation 102 [1/1] (0.00ns)   --->   "%K_tile_31 = alloca i64 1" [flashattn.cpp:21]   --->   Operation 102 'alloca' 'K_tile_31' <Predicate = true> <Delay = 0.00>
ST_1 : Operation 103 [1/1] (0.00ns)   --->   "%K_tile_32 = alloca i64 1" [flashattn.cpp:21]   --->   Operation 103 'alloca' 'K_tile_32' <Predicate = true> <Delay = 0.00>
ST_1 : Operation 104 [1/1] (0.00ns)   --->   "%K_tile_33 = alloca i64 1" [flashattn.cpp:21]   --->   Operation 104 'alloca' 'K_tile_33' <Predicate = true> <Delay = 0.00>
ST_1 : Operation 105 [1/1] (0.00ns)   --->   "%K_tile_34 = alloca i64 1" [flashattn.cpp:21]   --->   Operation 105 'alloca' 'K_tile_34' <Predicate = true> <Delay = 0.00>
ST_1 : Operation 106 [1/1] (0.00ns)   --->   "%K_tile_35 = alloca i64 1" [flashattn.cpp:21]   --->   Operation 106 'alloca' 'K_tile_35' <Predicate = true> <Delay = 0.00>
ST_1 : Operation 107 [1/1] (0.00ns)   --->   "%K_tile_36 = alloca i64 1" [flashattn.cpp:21]   --->   Operation 107 'alloca' 'K_tile_36' <Predicate = true> <Delay = 0.00>
ST_1 : Operation 108 [1/1] (0.00ns)   --->   "%K_tile_37 = alloca i64 1" [flashattn.cpp:21]   --->   Operation 108 'alloca' 'K_tile_37' <Predicate = true> <Delay = 0.00>
ST_1 : Operation 109 [1/1] (0.00ns)   --->   "%K_tile_38 = alloca i64 1" [flashattn.cpp:21]   --->   Operation 109 'alloca' 'K_tile_38' <Predicate = true> <Delay = 0.00>
ST_1 : Operation 110 [1/1] (0.00ns)   --->   "%K_tile_39 = alloca i64 1" [flashattn.cpp:21]   --->   Operation 110 'alloca' 'K_tile_39' <Predicate = true> <Delay = 0.00>
ST_1 : Operation 111 [1/1] (0.00ns)   --->   "%K_tile_40 = alloca i64 1" [flashattn.cpp:21]   --->   Operation 111 'alloca' 'K_tile_40' <Predicate = true> <Delay = 0.00>
ST_1 : Operation 112 [1/1] (0.00ns)   --->   "%K_tile_41 = alloca i64 1" [flashattn.cpp:21]   --->   Operation 112 'alloca' 'K_tile_41' <Predicate = true> <Delay = 0.00>
ST_1 : Operation 113 [1/1] (0.00ns)   --->   "%K_tile_42 = alloca i64 1" [flashattn.cpp:21]   --->   Operation 113 'alloca' 'K_tile_42' <Predicate = true> <Delay = 0.00>
ST_1 : Operation 114 [1/1] (0.00ns)   --->   "%K_tile_43 = alloca i64 1" [flashattn.cpp:21]   --->   Operation 114 'alloca' 'K_tile_43' <Predicate = true> <Delay = 0.00>
ST_1 : Operation 115 [1/1] (0.00ns)   --->   "%K_tile_44 = alloca i64 1" [flashattn.cpp:21]   --->   Operation 115 'alloca' 'K_tile_44' <Predicate = true> <Delay = 0.00>
ST_1 : Operation 116 [1/1] (0.00ns)   --->   "%K_tile_45 = alloca i64 1" [flashattn.cpp:21]   --->   Operation 116 'alloca' 'K_tile_45' <Predicate = true> <Delay = 0.00>
ST_1 : Operation 117 [1/1] (0.00ns)   --->   "%K_tile_46 = alloca i64 1" [flashattn.cpp:21]   --->   Operation 117 'alloca' 'K_tile_46' <Predicate = true> <Delay = 0.00>
ST_1 : Operation 118 [1/1] (0.00ns)   --->   "%K_tile_47 = alloca i64 1" [flashattn.cpp:21]   --->   Operation 118 'alloca' 'K_tile_47' <Predicate = true> <Delay = 0.00>
ST_1 : Operation 119 [1/1] (0.00ns)   --->   "%K_tile_48 = alloca i64 1" [flashattn.cpp:21]   --->   Operation 119 'alloca' 'K_tile_48' <Predicate = true> <Delay = 0.00>
ST_1 : Operation 120 [1/1] (0.00ns)   --->   "%K_tile_49 = alloca i64 1" [flashattn.cpp:21]   --->   Operation 120 'alloca' 'K_tile_49' <Predicate = true> <Delay = 0.00>
ST_1 : Operation 121 [1/1] (0.00ns)   --->   "%K_tile_50 = alloca i64 1" [flashattn.cpp:21]   --->   Operation 121 'alloca' 'K_tile_50' <Predicate = true> <Delay = 0.00>
ST_1 : Operation 122 [1/1] (0.00ns)   --->   "%K_tile_51 = alloca i64 1" [flashattn.cpp:21]   --->   Operation 122 'alloca' 'K_tile_51' <Predicate = true> <Delay = 0.00>
ST_1 : Operation 123 [1/1] (0.00ns)   --->   "%K_tile_52 = alloca i64 1" [flashattn.cpp:21]   --->   Operation 123 'alloca' 'K_tile_52' <Predicate = true> <Delay = 0.00>
ST_1 : Operation 124 [1/1] (0.00ns)   --->   "%K_tile_53 = alloca i64 1" [flashattn.cpp:21]   --->   Operation 124 'alloca' 'K_tile_53' <Predicate = true> <Delay = 0.00>
ST_1 : Operation 125 [1/1] (0.00ns)   --->   "%K_tile_54 = alloca i64 1" [flashattn.cpp:21]   --->   Operation 125 'alloca' 'K_tile_54' <Predicate = true> <Delay = 0.00>
ST_1 : Operation 126 [1/1] (0.00ns)   --->   "%K_tile_55 = alloca i64 1" [flashattn.cpp:21]   --->   Operation 126 'alloca' 'K_tile_55' <Predicate = true> <Delay = 0.00>
ST_1 : Operation 127 [1/1] (0.00ns)   --->   "%K_tile_56 = alloca i64 1" [flashattn.cpp:21]   --->   Operation 127 'alloca' 'K_tile_56' <Predicate = true> <Delay = 0.00>
ST_1 : Operation 128 [1/1] (0.00ns)   --->   "%K_tile_57 = alloca i64 1" [flashattn.cpp:21]   --->   Operation 128 'alloca' 'K_tile_57' <Predicate = true> <Delay = 0.00>
ST_1 : Operation 129 [1/1] (0.00ns)   --->   "%K_tile_58 = alloca i64 1" [flashattn.cpp:21]   --->   Operation 129 'alloca' 'K_tile_58' <Predicate = true> <Delay = 0.00>
ST_1 : Operation 130 [1/1] (0.00ns)   --->   "%K_tile_59 = alloca i64 1" [flashattn.cpp:21]   --->   Operation 130 'alloca' 'K_tile_59' <Predicate = true> <Delay = 0.00>
ST_1 : Operation 131 [1/1] (0.00ns)   --->   "%K_tile_60 = alloca i64 1" [flashattn.cpp:21]   --->   Operation 131 'alloca' 'K_tile_60' <Predicate = true> <Delay = 0.00>
ST_1 : Operation 132 [1/1] (0.00ns)   --->   "%K_tile_61 = alloca i64 1" [flashattn.cpp:21]   --->   Operation 132 'alloca' 'K_tile_61' <Predicate = true> <Delay = 0.00>
ST_1 : Operation 133 [1/1] (0.00ns)   --->   "%K_tile_62 = alloca i64 1" [flashattn.cpp:21]   --->   Operation 133 'alloca' 'K_tile_62' <Predicate = true> <Delay = 0.00>
ST_1 : Operation 134 [1/1] (0.00ns)   --->   "%K_tile_63 = alloca i64 1" [flashattn.cpp:21]   --->   Operation 134 'alloca' 'K_tile_63' <Predicate = true> <Delay = 0.00>
ST_1 : Operation 135 [1/1] (0.00ns)   --->   "%V_tile = alloca i64 1" [flashattn.cpp:22]   --->   Operation 135 'alloca' 'V_tile' <Predicate = true> <Delay = 0.00>
ST_1 : Operation 136 [1/1] (0.00ns)   --->   "%V_tile_1 = alloca i64 1" [flashattn.cpp:22]   --->   Operation 136 'alloca' 'V_tile_1' <Predicate = true> <Delay = 0.00>
ST_1 : Operation 137 [1/1] (0.00ns)   --->   "%V_tile_2 = alloca i64 1" [flashattn.cpp:22]   --->   Operation 137 'alloca' 'V_tile_2' <Predicate = true> <Delay = 0.00>
ST_1 : Operation 138 [1/1] (0.00ns)   --->   "%V_tile_3 = alloca i64 1" [flashattn.cpp:22]   --->   Operation 138 'alloca' 'V_tile_3' <Predicate = true> <Delay = 0.00>
ST_1 : Operation 139 [1/1] (0.00ns)   --->   "%V_tile_4 = alloca i64 1" [flashattn.cpp:22]   --->   Operation 139 'alloca' 'V_tile_4' <Predicate = true> <Delay = 0.00>
ST_1 : Operation 140 [1/1] (0.00ns)   --->   "%V_tile_5 = alloca i64 1" [flashattn.cpp:22]   --->   Operation 140 'alloca' 'V_tile_5' <Predicate = true> <Delay = 0.00>
ST_1 : Operation 141 [1/1] (0.00ns)   --->   "%V_tile_6 = alloca i64 1" [flashattn.cpp:22]   --->   Operation 141 'alloca' 'V_tile_6' <Predicate = true> <Delay = 0.00>
ST_1 : Operation 142 [1/1] (0.00ns)   --->   "%V_tile_7 = alloca i64 1" [flashattn.cpp:22]   --->   Operation 142 'alloca' 'V_tile_7' <Predicate = true> <Delay = 0.00>
ST_1 : Operation 143 [1/1] (0.00ns)   --->   "%V_tile_8 = alloca i64 1" [flashattn.cpp:22]   --->   Operation 143 'alloca' 'V_tile_8' <Predicate = true> <Delay = 0.00>
ST_1 : Operation 144 [1/1] (0.00ns)   --->   "%V_tile_9 = alloca i64 1" [flashattn.cpp:22]   --->   Operation 144 'alloca' 'V_tile_9' <Predicate = true> <Delay = 0.00>
ST_1 : Operation 145 [1/1] (0.00ns)   --->   "%V_tile_10 = alloca i64 1" [flashattn.cpp:22]   --->   Operation 145 'alloca' 'V_tile_10' <Predicate = true> <Delay = 0.00>
ST_1 : Operation 146 [1/1] (0.00ns)   --->   "%V_tile_11 = alloca i64 1" [flashattn.cpp:22]   --->   Operation 146 'alloca' 'V_tile_11' <Predicate = true> <Delay = 0.00>
ST_1 : Operation 147 [1/1] (0.00ns)   --->   "%V_tile_12 = alloca i64 1" [flashattn.cpp:22]   --->   Operation 147 'alloca' 'V_tile_12' <Predicate = true> <Delay = 0.00>
ST_1 : Operation 148 [1/1] (0.00ns)   --->   "%V_tile_13 = alloca i64 1" [flashattn.cpp:22]   --->   Operation 148 'alloca' 'V_tile_13' <Predicate = true> <Delay = 0.00>
ST_1 : Operation 149 [1/1] (0.00ns)   --->   "%V_tile_14 = alloca i64 1" [flashattn.cpp:22]   --->   Operation 149 'alloca' 'V_tile_14' <Predicate = true> <Delay = 0.00>
ST_1 : Operation 150 [1/1] (0.00ns)   --->   "%V_tile_15 = alloca i64 1" [flashattn.cpp:22]   --->   Operation 150 'alloca' 'V_tile_15' <Predicate = true> <Delay = 0.00>
ST_1 : Operation 151 [1/1] (0.00ns)   --->   "%V_tile_16 = alloca i64 1" [flashattn.cpp:22]   --->   Operation 151 'alloca' 'V_tile_16' <Predicate = true> <Delay = 0.00>
ST_1 : Operation 152 [1/1] (0.00ns)   --->   "%V_tile_17 = alloca i64 1" [flashattn.cpp:22]   --->   Operation 152 'alloca' 'V_tile_17' <Predicate = true> <Delay = 0.00>
ST_1 : Operation 153 [1/1] (0.00ns)   --->   "%V_tile_18 = alloca i64 1" [flashattn.cpp:22]   --->   Operation 153 'alloca' 'V_tile_18' <Predicate = true> <Delay = 0.00>
ST_1 : Operation 154 [1/1] (0.00ns)   --->   "%V_tile_19 = alloca i64 1" [flashattn.cpp:22]   --->   Operation 154 'alloca' 'V_tile_19' <Predicate = true> <Delay = 0.00>
ST_1 : Operation 155 [1/1] (0.00ns)   --->   "%V_tile_20 = alloca i64 1" [flashattn.cpp:22]   --->   Operation 155 'alloca' 'V_tile_20' <Predicate = true> <Delay = 0.00>
ST_1 : Operation 156 [1/1] (0.00ns)   --->   "%V_tile_21 = alloca i64 1" [flashattn.cpp:22]   --->   Operation 156 'alloca' 'V_tile_21' <Predicate = true> <Delay = 0.00>
ST_1 : Operation 157 [1/1] (0.00ns)   --->   "%V_tile_22 = alloca i64 1" [flashattn.cpp:22]   --->   Operation 157 'alloca' 'V_tile_22' <Predicate = true> <Delay = 0.00>
ST_1 : Operation 158 [1/1] (0.00ns)   --->   "%V_tile_23 = alloca i64 1" [flashattn.cpp:22]   --->   Operation 158 'alloca' 'V_tile_23' <Predicate = true> <Delay = 0.00>
ST_1 : Operation 159 [1/1] (0.00ns)   --->   "%V_tile_24 = alloca i64 1" [flashattn.cpp:22]   --->   Operation 159 'alloca' 'V_tile_24' <Predicate = true> <Delay = 0.00>
ST_1 : Operation 160 [1/1] (0.00ns)   --->   "%V_tile_25 = alloca i64 1" [flashattn.cpp:22]   --->   Operation 160 'alloca' 'V_tile_25' <Predicate = true> <Delay = 0.00>
ST_1 : Operation 161 [1/1] (0.00ns)   --->   "%V_tile_26 = alloca i64 1" [flashattn.cpp:22]   --->   Operation 161 'alloca' 'V_tile_26' <Predicate = true> <Delay = 0.00>
ST_1 : Operation 162 [1/1] (0.00ns)   --->   "%V_tile_27 = alloca i64 1" [flashattn.cpp:22]   --->   Operation 162 'alloca' 'V_tile_27' <Predicate = true> <Delay = 0.00>
ST_1 : Operation 163 [1/1] (0.00ns)   --->   "%V_tile_28 = alloca i64 1" [flashattn.cpp:22]   --->   Operation 163 'alloca' 'V_tile_28' <Predicate = true> <Delay = 0.00>
ST_1 : Operation 164 [1/1] (0.00ns)   --->   "%V_tile_29 = alloca i64 1" [flashattn.cpp:22]   --->   Operation 164 'alloca' 'V_tile_29' <Predicate = true> <Delay = 0.00>
ST_1 : Operation 165 [1/1] (0.00ns)   --->   "%V_tile_30 = alloca i64 1" [flashattn.cpp:22]   --->   Operation 165 'alloca' 'V_tile_30' <Predicate = true> <Delay = 0.00>
ST_1 : Operation 166 [1/1] (0.00ns)   --->   "%V_tile_31 = alloca i64 1" [flashattn.cpp:22]   --->   Operation 166 'alloca' 'V_tile_31' <Predicate = true> <Delay = 0.00>
ST_1 : Operation 167 [1/1] (0.00ns)   --->   "%V_tile_32 = alloca i64 1" [flashattn.cpp:22]   --->   Operation 167 'alloca' 'V_tile_32' <Predicate = true> <Delay = 0.00>
ST_1 : Operation 168 [1/1] (0.00ns)   --->   "%V_tile_33 = alloca i64 1" [flashattn.cpp:22]   --->   Operation 168 'alloca' 'V_tile_33' <Predicate = true> <Delay = 0.00>
ST_1 : Operation 169 [1/1] (0.00ns)   --->   "%V_tile_34 = alloca i64 1" [flashattn.cpp:22]   --->   Operation 169 'alloca' 'V_tile_34' <Predicate = true> <Delay = 0.00>
ST_1 : Operation 170 [1/1] (0.00ns)   --->   "%V_tile_35 = alloca i64 1" [flashattn.cpp:22]   --->   Operation 170 'alloca' 'V_tile_35' <Predicate = true> <Delay = 0.00>
ST_1 : Operation 171 [1/1] (0.00ns)   --->   "%V_tile_36 = alloca i64 1" [flashattn.cpp:22]   --->   Operation 171 'alloca' 'V_tile_36' <Predicate = true> <Delay = 0.00>
ST_1 : Operation 172 [1/1] (0.00ns)   --->   "%V_tile_37 = alloca i64 1" [flashattn.cpp:22]   --->   Operation 172 'alloca' 'V_tile_37' <Predicate = true> <Delay = 0.00>
ST_1 : Operation 173 [1/1] (0.00ns)   --->   "%V_tile_38 = alloca i64 1" [flashattn.cpp:22]   --->   Operation 173 'alloca' 'V_tile_38' <Predicate = true> <Delay = 0.00>
ST_1 : Operation 174 [1/1] (0.00ns)   --->   "%V_tile_39 = alloca i64 1" [flashattn.cpp:22]   --->   Operation 174 'alloca' 'V_tile_39' <Predicate = true> <Delay = 0.00>
ST_1 : Operation 175 [1/1] (0.00ns)   --->   "%V_tile_40 = alloca i64 1" [flashattn.cpp:22]   --->   Operation 175 'alloca' 'V_tile_40' <Predicate = true> <Delay = 0.00>
ST_1 : Operation 176 [1/1] (0.00ns)   --->   "%V_tile_41 = alloca i64 1" [flashattn.cpp:22]   --->   Operation 176 'alloca' 'V_tile_41' <Predicate = true> <Delay = 0.00>
ST_1 : Operation 177 [1/1] (0.00ns)   --->   "%V_tile_42 = alloca i64 1" [flashattn.cpp:22]   --->   Operation 177 'alloca' 'V_tile_42' <Predicate = true> <Delay = 0.00>
ST_1 : Operation 178 [1/1] (0.00ns)   --->   "%V_tile_43 = alloca i64 1" [flashattn.cpp:22]   --->   Operation 178 'alloca' 'V_tile_43' <Predicate = true> <Delay = 0.00>
ST_1 : Operation 179 [1/1] (0.00ns)   --->   "%V_tile_44 = alloca i64 1" [flashattn.cpp:22]   --->   Operation 179 'alloca' 'V_tile_44' <Predicate = true> <Delay = 0.00>
ST_1 : Operation 180 [1/1] (0.00ns)   --->   "%V_tile_45 = alloca i64 1" [flashattn.cpp:22]   --->   Operation 180 'alloca' 'V_tile_45' <Predicate = true> <Delay = 0.00>
ST_1 : Operation 181 [1/1] (0.00ns)   --->   "%V_tile_46 = alloca i64 1" [flashattn.cpp:22]   --->   Operation 181 'alloca' 'V_tile_46' <Predicate = true> <Delay = 0.00>
ST_1 : Operation 182 [1/1] (0.00ns)   --->   "%V_tile_47 = alloca i64 1" [flashattn.cpp:22]   --->   Operation 182 'alloca' 'V_tile_47' <Predicate = true> <Delay = 0.00>
ST_1 : Operation 183 [1/1] (0.00ns)   --->   "%V_tile_48 = alloca i64 1" [flashattn.cpp:22]   --->   Operation 183 'alloca' 'V_tile_48' <Predicate = true> <Delay = 0.00>
ST_1 : Operation 184 [1/1] (0.00ns)   --->   "%V_tile_49 = alloca i64 1" [flashattn.cpp:22]   --->   Operation 184 'alloca' 'V_tile_49' <Predicate = true> <Delay = 0.00>
ST_1 : Operation 185 [1/1] (0.00ns)   --->   "%V_tile_50 = alloca i64 1" [flashattn.cpp:22]   --->   Operation 185 'alloca' 'V_tile_50' <Predicate = true> <Delay = 0.00>
ST_1 : Operation 186 [1/1] (0.00ns)   --->   "%V_tile_51 = alloca i64 1" [flashattn.cpp:22]   --->   Operation 186 'alloca' 'V_tile_51' <Predicate = true> <Delay = 0.00>
ST_1 : Operation 187 [1/1] (0.00ns)   --->   "%V_tile_52 = alloca i64 1" [flashattn.cpp:22]   --->   Operation 187 'alloca' 'V_tile_52' <Predicate = true> <Delay = 0.00>
ST_1 : Operation 188 [1/1] (0.00ns)   --->   "%V_tile_53 = alloca i64 1" [flashattn.cpp:22]   --->   Operation 188 'alloca' 'V_tile_53' <Predicate = true> <Delay = 0.00>
ST_1 : Operation 189 [1/1] (0.00ns)   --->   "%V_tile_54 = alloca i64 1" [flashattn.cpp:22]   --->   Operation 189 'alloca' 'V_tile_54' <Predicate = true> <Delay = 0.00>
ST_1 : Operation 190 [1/1] (0.00ns)   --->   "%V_tile_55 = alloca i64 1" [flashattn.cpp:22]   --->   Operation 190 'alloca' 'V_tile_55' <Predicate = true> <Delay = 0.00>
ST_1 : Operation 191 [1/1] (0.00ns)   --->   "%V_tile_56 = alloca i64 1" [flashattn.cpp:22]   --->   Operation 191 'alloca' 'V_tile_56' <Predicate = true> <Delay = 0.00>
ST_1 : Operation 192 [1/1] (0.00ns)   --->   "%V_tile_57 = alloca i64 1" [flashattn.cpp:22]   --->   Operation 192 'alloca' 'V_tile_57' <Predicate = true> <Delay = 0.00>
ST_1 : Operation 193 [1/1] (0.00ns)   --->   "%V_tile_58 = alloca i64 1" [flashattn.cpp:22]   --->   Operation 193 'alloca' 'V_tile_58' <Predicate = true> <Delay = 0.00>
ST_1 : Operation 194 [1/1] (0.00ns)   --->   "%V_tile_59 = alloca i64 1" [flashattn.cpp:22]   --->   Operation 194 'alloca' 'V_tile_59' <Predicate = true> <Delay = 0.00>
ST_1 : Operation 195 [1/1] (0.00ns)   --->   "%V_tile_60 = alloca i64 1" [flashattn.cpp:22]   --->   Operation 195 'alloca' 'V_tile_60' <Predicate = true> <Delay = 0.00>
ST_1 : Operation 196 [1/1] (0.00ns)   --->   "%V_tile_61 = alloca i64 1" [flashattn.cpp:22]   --->   Operation 196 'alloca' 'V_tile_61' <Predicate = true> <Delay = 0.00>
ST_1 : Operation 197 [1/1] (0.00ns)   --->   "%V_tile_62 = alloca i64 1" [flashattn.cpp:22]   --->   Operation 197 'alloca' 'V_tile_62' <Predicate = true> <Delay = 0.00>
ST_1 : Operation 198 [1/1] (0.00ns)   --->   "%V_tile_63 = alloca i64 1" [flashattn.cpp:22]   --->   Operation 198 'alloca' 'V_tile_63' <Predicate = true> <Delay = 0.00>
ST_1 : Operation 199 [1/1] (0.00ns)   --->   "%row_max = alloca i64 1" [flashattn.cpp:26]   --->   Operation 199 'alloca' 'row_max' <Predicate = true> <Delay = 0.00>
ST_1 : Operation 200 [1/1] (0.00ns)   --->   "%exp_sum = alloca i64 1" [flashattn.cpp:27]   --->   Operation 200 'alloca' 'exp_sum' <Predicate = true> <Delay = 0.00>
ST_1 : Operation 201 [1/1] (0.00ns)   --->   "%output_accum = alloca i64 1" [flashattn.cpp:28]   --->   Operation 201 'alloca' 'output_accum' <Predicate = true> <Delay = 0.00>
ST_1 : Operation 202 [1/1] (0.00ns)   --->   "%output_accum_1 = alloca i64 1" [flashattn.cpp:28]   --->   Operation 202 'alloca' 'output_accum_1' <Predicate = true> <Delay = 0.00>
ST_1 : Operation 203 [1/1] (0.00ns)   --->   "%output_accum_2 = alloca i64 1" [flashattn.cpp:28]   --->   Operation 203 'alloca' 'output_accum_2' <Predicate = true> <Delay = 0.00>
ST_1 : Operation 204 [1/1] (0.00ns)   --->   "%output_accum_3 = alloca i64 1" [flashattn.cpp:28]   --->   Operation 204 'alloca' 'output_accum_3' <Predicate = true> <Delay = 0.00>
ST_1 : Operation 205 [1/1] (0.00ns)   --->   "%output_accum_4 = alloca i64 1" [flashattn.cpp:28]   --->   Operation 205 'alloca' 'output_accum_4' <Predicate = true> <Delay = 0.00>
ST_1 : Operation 206 [1/1] (0.00ns)   --->   "%output_accum_5 = alloca i64 1" [flashattn.cpp:28]   --->   Operation 206 'alloca' 'output_accum_5' <Predicate = true> <Delay = 0.00>
ST_1 : Operation 207 [1/1] (0.00ns)   --->   "%output_accum_6 = alloca i64 1" [flashattn.cpp:28]   --->   Operation 207 'alloca' 'output_accum_6' <Predicate = true> <Delay = 0.00>
ST_1 : Operation 208 [1/1] (0.00ns)   --->   "%output_accum_7 = alloca i64 1" [flashattn.cpp:28]   --->   Operation 208 'alloca' 'output_accum_7' <Predicate = true> <Delay = 0.00>
ST_1 : Operation 209 [1/1] (0.00ns)   --->   "%output_accum_8 = alloca i64 1" [flashattn.cpp:28]   --->   Operation 209 'alloca' 'output_accum_8' <Predicate = true> <Delay = 0.00>
ST_1 : Operation 210 [1/1] (0.00ns)   --->   "%output_accum_9 = alloca i64 1" [flashattn.cpp:28]   --->   Operation 210 'alloca' 'output_accum_9' <Predicate = true> <Delay = 0.00>
ST_1 : Operation 211 [1/1] (0.00ns)   --->   "%output_accum_10 = alloca i64 1" [flashattn.cpp:28]   --->   Operation 211 'alloca' 'output_accum_10' <Predicate = true> <Delay = 0.00>
ST_1 : Operation 212 [1/1] (0.00ns)   --->   "%output_accum_11 = alloca i64 1" [flashattn.cpp:28]   --->   Operation 212 'alloca' 'output_accum_11' <Predicate = true> <Delay = 0.00>
ST_1 : Operation 213 [1/1] (0.00ns)   --->   "%output_accum_12 = alloca i64 1" [flashattn.cpp:28]   --->   Operation 213 'alloca' 'output_accum_12' <Predicate = true> <Delay = 0.00>
ST_1 : Operation 214 [1/1] (0.00ns)   --->   "%output_accum_13 = alloca i64 1" [flashattn.cpp:28]   --->   Operation 214 'alloca' 'output_accum_13' <Predicate = true> <Delay = 0.00>
ST_1 : Operation 215 [1/1] (0.00ns)   --->   "%output_accum_14 = alloca i64 1" [flashattn.cpp:28]   --->   Operation 215 'alloca' 'output_accum_14' <Predicate = true> <Delay = 0.00>
ST_1 : Operation 216 [1/1] (0.00ns)   --->   "%output_accum_15 = alloca i64 1" [flashattn.cpp:28]   --->   Operation 216 'alloca' 'output_accum_15' <Predicate = true> <Delay = 0.00>
ST_1 : Operation 217 [1/1] (0.00ns)   --->   "%output_accum_16 = alloca i64 1" [flashattn.cpp:28]   --->   Operation 217 'alloca' 'output_accum_16' <Predicate = true> <Delay = 0.00>
ST_1 : Operation 218 [1/1] (0.00ns)   --->   "%output_accum_17 = alloca i64 1" [flashattn.cpp:28]   --->   Operation 218 'alloca' 'output_accum_17' <Predicate = true> <Delay = 0.00>
ST_1 : Operation 219 [1/1] (0.00ns)   --->   "%output_accum_18 = alloca i64 1" [flashattn.cpp:28]   --->   Operation 219 'alloca' 'output_accum_18' <Predicate = true> <Delay = 0.00>
ST_1 : Operation 220 [1/1] (0.00ns)   --->   "%output_accum_19 = alloca i64 1" [flashattn.cpp:28]   --->   Operation 220 'alloca' 'output_accum_19' <Predicate = true> <Delay = 0.00>
ST_1 : Operation 221 [1/1] (0.00ns)   --->   "%output_accum_20 = alloca i64 1" [flashattn.cpp:28]   --->   Operation 221 'alloca' 'output_accum_20' <Predicate = true> <Delay = 0.00>
ST_1 : Operation 222 [1/1] (0.00ns)   --->   "%output_accum_21 = alloca i64 1" [flashattn.cpp:28]   --->   Operation 222 'alloca' 'output_accum_21' <Predicate = true> <Delay = 0.00>
ST_1 : Operation 223 [1/1] (0.00ns)   --->   "%output_accum_22 = alloca i64 1" [flashattn.cpp:28]   --->   Operation 223 'alloca' 'output_accum_22' <Predicate = true> <Delay = 0.00>
ST_1 : Operation 224 [1/1] (0.00ns)   --->   "%output_accum_23 = alloca i64 1" [flashattn.cpp:28]   --->   Operation 224 'alloca' 'output_accum_23' <Predicate = true> <Delay = 0.00>
ST_1 : Operation 225 [1/1] (0.00ns)   --->   "%output_accum_24 = alloca i64 1" [flashattn.cpp:28]   --->   Operation 225 'alloca' 'output_accum_24' <Predicate = true> <Delay = 0.00>
ST_1 : Operation 226 [1/1] (0.00ns)   --->   "%output_accum_25 = alloca i64 1" [flashattn.cpp:28]   --->   Operation 226 'alloca' 'output_accum_25' <Predicate = true> <Delay = 0.00>
ST_1 : Operation 227 [1/1] (0.00ns)   --->   "%output_accum_26 = alloca i64 1" [flashattn.cpp:28]   --->   Operation 227 'alloca' 'output_accum_26' <Predicate = true> <Delay = 0.00>
ST_1 : Operation 228 [1/1] (0.00ns)   --->   "%output_accum_27 = alloca i64 1" [flashattn.cpp:28]   --->   Operation 228 'alloca' 'output_accum_27' <Predicate = true> <Delay = 0.00>
ST_1 : Operation 229 [1/1] (0.00ns)   --->   "%output_accum_28 = alloca i64 1" [flashattn.cpp:28]   --->   Operation 229 'alloca' 'output_accum_28' <Predicate = true> <Delay = 0.00>
ST_1 : Operation 230 [1/1] (0.00ns)   --->   "%output_accum_29 = alloca i64 1" [flashattn.cpp:28]   --->   Operation 230 'alloca' 'output_accum_29' <Predicate = true> <Delay = 0.00>
ST_1 : Operation 231 [1/1] (0.00ns)   --->   "%output_accum_30 = alloca i64 1" [flashattn.cpp:28]   --->   Operation 231 'alloca' 'output_accum_30' <Predicate = true> <Delay = 0.00>
ST_1 : Operation 232 [1/1] (0.00ns)   --->   "%output_accum_31 = alloca i64 1" [flashattn.cpp:28]   --->   Operation 232 'alloca' 'output_accum_31' <Predicate = true> <Delay = 0.00>
ST_1 : Operation 233 [1/1] (0.00ns)   --->   "%output_accum_32 = alloca i64 1" [flashattn.cpp:28]   --->   Operation 233 'alloca' 'output_accum_32' <Predicate = true> <Delay = 0.00>
ST_1 : Operation 234 [1/1] (0.00ns)   --->   "%output_accum_33 = alloca i64 1" [flashattn.cpp:28]   --->   Operation 234 'alloca' 'output_accum_33' <Predicate = true> <Delay = 0.00>
ST_1 : Operation 235 [1/1] (0.00ns)   --->   "%output_accum_34 = alloca i64 1" [flashattn.cpp:28]   --->   Operation 235 'alloca' 'output_accum_34' <Predicate = true> <Delay = 0.00>
ST_1 : Operation 236 [1/1] (0.00ns)   --->   "%output_accum_35 = alloca i64 1" [flashattn.cpp:28]   --->   Operation 236 'alloca' 'output_accum_35' <Predicate = true> <Delay = 0.00>
ST_1 : Operation 237 [1/1] (0.00ns)   --->   "%output_accum_36 = alloca i64 1" [flashattn.cpp:28]   --->   Operation 237 'alloca' 'output_accum_36' <Predicate = true> <Delay = 0.00>
ST_1 : Operation 238 [1/1] (0.00ns)   --->   "%output_accum_37 = alloca i64 1" [flashattn.cpp:28]   --->   Operation 238 'alloca' 'output_accum_37' <Predicate = true> <Delay = 0.00>
ST_1 : Operation 239 [1/1] (0.00ns)   --->   "%output_accum_38 = alloca i64 1" [flashattn.cpp:28]   --->   Operation 239 'alloca' 'output_accum_38' <Predicate = true> <Delay = 0.00>
ST_1 : Operation 240 [1/1] (0.00ns)   --->   "%output_accum_39 = alloca i64 1" [flashattn.cpp:28]   --->   Operation 240 'alloca' 'output_accum_39' <Predicate = true> <Delay = 0.00>
ST_1 : Operation 241 [1/1] (0.00ns)   --->   "%output_accum_40 = alloca i64 1" [flashattn.cpp:28]   --->   Operation 241 'alloca' 'output_accum_40' <Predicate = true> <Delay = 0.00>
ST_1 : Operation 242 [1/1] (0.00ns)   --->   "%output_accum_41 = alloca i64 1" [flashattn.cpp:28]   --->   Operation 242 'alloca' 'output_accum_41' <Predicate = true> <Delay = 0.00>
ST_1 : Operation 243 [1/1] (0.00ns)   --->   "%output_accum_42 = alloca i64 1" [flashattn.cpp:28]   --->   Operation 243 'alloca' 'output_accum_42' <Predicate = true> <Delay = 0.00>
ST_1 : Operation 244 [1/1] (0.00ns)   --->   "%output_accum_43 = alloca i64 1" [flashattn.cpp:28]   --->   Operation 244 'alloca' 'output_accum_43' <Predicate = true> <Delay = 0.00>
ST_1 : Operation 245 [1/1] (0.00ns)   --->   "%output_accum_44 = alloca i64 1" [flashattn.cpp:28]   --->   Operation 245 'alloca' 'output_accum_44' <Predicate = true> <Delay = 0.00>
ST_1 : Operation 246 [1/1] (0.00ns)   --->   "%output_accum_45 = alloca i64 1" [flashattn.cpp:28]   --->   Operation 246 'alloca' 'output_accum_45' <Predicate = true> <Delay = 0.00>
ST_1 : Operation 247 [1/1] (0.00ns)   --->   "%output_accum_46 = alloca i64 1" [flashattn.cpp:28]   --->   Operation 247 'alloca' 'output_accum_46' <Predicate = true> <Delay = 0.00>
ST_1 : Operation 248 [1/1] (0.00ns)   --->   "%output_accum_47 = alloca i64 1" [flashattn.cpp:28]   --->   Operation 248 'alloca' 'output_accum_47' <Predicate = true> <Delay = 0.00>
ST_1 : Operation 249 [1/1] (0.00ns)   --->   "%output_accum_48 = alloca i64 1" [flashattn.cpp:28]   --->   Operation 249 'alloca' 'output_accum_48' <Predicate = true> <Delay = 0.00>
ST_1 : Operation 250 [1/1] (0.00ns)   --->   "%output_accum_49 = alloca i64 1" [flashattn.cpp:28]   --->   Operation 250 'alloca' 'output_accum_49' <Predicate = true> <Delay = 0.00>
ST_1 : Operation 251 [1/1] (0.00ns)   --->   "%output_accum_50 = alloca i64 1" [flashattn.cpp:28]   --->   Operation 251 'alloca' 'output_accum_50' <Predicate = true> <Delay = 0.00>
ST_1 : Operation 252 [1/1] (0.00ns)   --->   "%output_accum_51 = alloca i64 1" [flashattn.cpp:28]   --->   Operation 252 'alloca' 'output_accum_51' <Predicate = true> <Delay = 0.00>
ST_1 : Operation 253 [1/1] (0.00ns)   --->   "%output_accum_52 = alloca i64 1" [flashattn.cpp:28]   --->   Operation 253 'alloca' 'output_accum_52' <Predicate = true> <Delay = 0.00>
ST_1 : Operation 254 [1/1] (0.00ns)   --->   "%output_accum_53 = alloca i64 1" [flashattn.cpp:28]   --->   Operation 254 'alloca' 'output_accum_53' <Predicate = true> <Delay = 0.00>
ST_1 : Operation 255 [1/1] (0.00ns)   --->   "%output_accum_54 = alloca i64 1" [flashattn.cpp:28]   --->   Operation 255 'alloca' 'output_accum_54' <Predicate = true> <Delay = 0.00>
ST_1 : Operation 256 [1/1] (0.00ns)   --->   "%output_accum_55 = alloca i64 1" [flashattn.cpp:28]   --->   Operation 256 'alloca' 'output_accum_55' <Predicate = true> <Delay = 0.00>
ST_1 : Operation 257 [1/1] (0.00ns)   --->   "%output_accum_56 = alloca i64 1" [flashattn.cpp:28]   --->   Operation 257 'alloca' 'output_accum_56' <Predicate = true> <Delay = 0.00>
ST_1 : Operation 258 [1/1] (0.00ns)   --->   "%output_accum_57 = alloca i64 1" [flashattn.cpp:28]   --->   Operation 258 'alloca' 'output_accum_57' <Predicate = true> <Delay = 0.00>
ST_1 : Operation 259 [1/1] (0.00ns)   --->   "%output_accum_58 = alloca i64 1" [flashattn.cpp:28]   --->   Operation 259 'alloca' 'output_accum_58' <Predicate = true> <Delay = 0.00>
ST_1 : Operation 260 [1/1] (0.00ns)   --->   "%output_accum_59 = alloca i64 1" [flashattn.cpp:28]   --->   Operation 260 'alloca' 'output_accum_59' <Predicate = true> <Delay = 0.00>
ST_1 : Operation 261 [1/1] (0.00ns)   --->   "%output_accum_60 = alloca i64 1" [flashattn.cpp:28]   --->   Operation 261 'alloca' 'output_accum_60' <Predicate = true> <Delay = 0.00>
ST_1 : Operation 262 [1/1] (0.00ns)   --->   "%output_accum_61 = alloca i64 1" [flashattn.cpp:28]   --->   Operation 262 'alloca' 'output_accum_61' <Predicate = true> <Delay = 0.00>
ST_1 : Operation 263 [1/1] (0.00ns)   --->   "%output_accum_62 = alloca i64 1" [flashattn.cpp:28]   --->   Operation 263 'alloca' 'output_accum_62' <Predicate = true> <Delay = 0.00>
ST_1 : Operation 264 [1/1] (0.00ns)   --->   "%output_accum_63 = alloca i64 1" [flashattn.cpp:28]   --->   Operation 264 'alloca' 'output_accum_63' <Predicate = true> <Delay = 0.00>
ST_1 : Operation 265 [2/2] (3.25ns)   --->   "%call_ln0 = call void @flashattn_Pipeline_Read_Q_VITIS_LOOP_34_1, i32 %Q_tile, i32 %Q_tile_1, i32 %Q_tile_2, i32 %Q_tile_3, i32 %Q_tile_4, i32 %Q_tile_5, i32 %Q_tile_6, i32 %Q_tile_7, i32 %Q_tile_8, i32 %Q_tile_9, i32 %Q_tile_10, i32 %Q_tile_11, i32 %Q_tile_12, i32 %Q_tile_13, i32 %Q_tile_14, i32 %Q_tile_15, i32 %Q_tile_16, i32 %Q_tile_17, i32 %Q_tile_18, i32 %Q_tile_19, i32 %Q_tile_20, i32 %Q_tile_21, i32 %Q_tile_22, i32 %Q_tile_23, i32 %Q_tile_24, i32 %Q_tile_25, i32 %Q_tile_26, i32 %Q_tile_27, i32 %Q_tile_28, i32 %Q_tile_29, i32 %Q_tile_30, i32 %Q_tile_31, i32 %Q_tile_32, i32 %Q_tile_33, i32 %Q_tile_34, i32 %Q_tile_35, i32 %Q_tile_36, i32 %Q_tile_37, i32 %Q_tile_38, i32 %Q_tile_39, i32 %Q_tile_40, i32 %Q_tile_41, i32 %Q_tile_42, i32 %Q_tile_43, i32 %Q_tile_44, i32 %Q_tile_45, i32 %Q_tile_46, i32 %Q_tile_47, i32 %Q_tile_48, i32 %Q_tile_49, i32 %Q_tile_50, i32 %Q_tile_51, i32 %Q_tile_52, i32 %Q_tile_53, i32 %Q_tile_54, i32 %Q_tile_55, i32 %Q_tile_56, i32 %Q_tile_57, i32 %Q_tile_58, i32 %Q_tile_59, i32 %Q_tile_60, i32 %Q_tile_61, i32 %Q_tile_62, i32 %Q_tile_63, i32 %Q_tile_in_V_data_V, i4 %Q_tile_in_V_keep_V, i4 %Q_tile_in_V_strb_V, i1 %Q_tile_in_V_last_V"   --->   Operation 265 'call' 'call_ln0' <Predicate = true> <Delay = 3.25> <CoreType = "Generic">   --->   Generic Core
ST_1 : Operation 266 [2/2] (3.25ns)   --->   "%call_ln0 = call void @flashattn_Pipeline_Read_K_and_V_VITIS_LOOP_45_2, i32 %K_tile, i32 %K_tile_1, i32 %K_tile_2, i32 %K_tile_3, i32 %K_tile_4, i32 %K_tile_5, i32 %K_tile_6, i32 %K_tile_7, i32 %K_tile_8, i32 %K_tile_9, i32 %K_tile_10, i32 %K_tile_11, i32 %K_tile_12, i32 %K_tile_13, i32 %K_tile_14, i32 %K_tile_15, i32 %K_tile_16, i32 %K_tile_17, i32 %K_tile_18, i32 %K_tile_19, i32 %K_tile_20, i32 %K_tile_21, i32 %K_tile_22, i32 %K_tile_23, i32 %K_tile_24, i32 %K_tile_25, i32 %K_tile_26, i32 %K_tile_27, i32 %K_tile_28, i32 %K_tile_29, i32 %K_tile_30, i32 %K_tile_31, i32 %K_tile_32, i32 %K_tile_33, i32 %K_tile_34, i32 %K_tile_35, i32 %K_tile_36, i32 %K_tile_37, i32 %K_tile_38, i32 %K_tile_39, i32 %K_tile_40, i32 %K_tile_41, i32 %K_tile_42, i32 %K_tile_43, i32 %K_tile_44, i32 %K_tile_45, i32 %K_tile_46, i32 %K_tile_47, i32 %K_tile_48, i32 %K_tile_49, i32 %K_tile_50, i32 %K_tile_51, i32 %K_tile_52, i32 %K_tile_53, i32 %K_tile_54, i32 %K_tile_55, i32 %K_tile_56, i32 %K_tile_57, i32 %K_tile_58, i32 %K_tile_59, i32 %K_tile_60, i32 %K_tile_61, i32 %K_tile_62, i32 %K_tile_63, i32 %V_tile, i32 %V_tile_1, i32 %V_tile_2, i32 %V_tile_3, i32 %V_tile_4, i32 %V_tile_5, i32 %V_tile_6, i32 %V_tile_7, i32 %V_tile_8, i32 %V_tile_9, i32 %V_tile_10, i32 %V_tile_11, i32 %V_tile_12, i32 %V_tile_13, i32 %V_tile_14, i32 %V_tile_15, i32 %V_tile_16, i32 %V_tile_17, i32 %V_tile_18, i32 %V_tile_19, i32 %V_tile_20, i32 %V_tile_21, i32 %V_tile_22, i32 %V_tile_23, i32 %V_tile_24, i32 %V_tile_25, i32 %V_tile_26, i32 %V_tile_27, i32 %V_tile_28, i32 %V_tile_29, i32 %V_tile_30, i32 %V_tile_31, i32 %V_tile_32, i32 %V_tile_33, i32 %V_tile_34, i32 %V_tile_35, i32 %V_tile_36, i32 %V_tile_37, i32 %V_tile_38, i32 %V_tile_39, i32 %V_tile_40, i32 %V_tile_41, i32 %V_tile_42, i32 %V_tile_43, i32 %V_tile_44, i32 %V_tile_45, i32 %V_tile_46, i32 %V_tile_47, i32 %V_tile_48, i32 %V_tile_49, i32 %V_tile_50, i32 %V_tile_51, i32 %V_tile_52, i32 %V_tile_53, i32 %V_tile_54, i32 %V_tile_55, i32 %V_tile_56, i32 %V_tile_57, i32 %V_tile_58, i32 %V_tile_59, i32 %V_tile_60, i32 %V_tile_61, i32 %V_tile_62, i32 %V_tile_63, i32 %K_tile_in_V_data_V, i4 %K_tile_in_V_keep_V, i4 %K_tile_in_V_strb_V, i1 %K_tile_in_V_last_V, i32 %V_tile_in_V_data_V, i4 %V_tile_in_V_keep_V, i4 %V_tile_in_V_strb_V, i1 %V_tile_in_V_last_V"   --->   Operation 266 'call' 'call_ln0' <Predicate = true> <Delay = 3.25> <CoreType = "Generic">   --->   Generic Core
ST_1 : Operation 267 [2/2] (0.00ns)   --->   "%call_ln0 = call void @flashattn_Pipeline_Init_Accumulators, i32 %output_accum_63, i32 %output_accum_62, i32 %output_accum_61, i32 %output_accum_60, i32 %output_accum_59, i32 %output_accum_58, i32 %output_accum_57, i32 %output_accum_56, i32 %output_accum_55, i32 %output_accum_54, i32 %output_accum_53, i32 %output_accum_52, i32 %output_accum_51, i32 %output_accum_50, i32 %output_accum_49, i32 %output_accum_48, i32 %output_accum_47, i32 %output_accum_46, i32 %output_accum_45, i32 %output_accum_44, i32 %output_accum_43, i32 %output_accum_42, i32 %output_accum_41, i32 %output_accum_40, i32 %output_accum_39, i32 %output_accum_38, i32 %output_accum_37, i32 %output_accum_36, i32 %output_accum_35, i32 %output_accum_34, i32 %output_accum_33, i32 %output_accum_32, i32 %output_accum_31, i32 %output_accum_30, i32 %output_accum_29, i32 %output_accum_28, i32 %output_accum_27, i32 %output_accum_26, i32 %output_accum_25, i32 %output_accum_24, i32 %output_accum_23, i32 %output_accum_22, i32 %output_accum_21, i32 %output_accum_20, i32 %output_accum_19, i32 %output_accum_18, i32 %output_accum_17, i32 %output_accum_16, i32 %output_accum_15, i32 %output_accum_14, i32 %output_accum_13, i32 %output_accum_12, i32 %output_accum_11, i32 %output_accum_10, i32 %output_accum_9, i32 %output_accum_8, i32 %output_accum_7, i32 %output_accum_6, i32 %output_accum_5, i32 %output_accum_4, i32 %output_accum_3, i32 %output_accum_2, i32 %output_accum_1, i32 %output_accum, i32 %row_max, i32 %exp_sum"   --->   Operation 267 'call' 'call_ln0' <Predicate = true> <Delay = 0.00> <CoreType = "Generic">   --->   Generic Core

State 2 <SV = 1> <Delay = 5.00>
ST_2 : Operation 268 [1/2] (0.00ns)   --->   "%call_ln0 = call void @flashattn_Pipeline_Read_Q_VITIS_LOOP_34_1, i32 %Q_tile, i32 %Q_tile_1, i32 %Q_tile_2, i32 %Q_tile_3, i32 %Q_tile_4, i32 %Q_tile_5, i32 %Q_tile_6, i32 %Q_tile_7, i32 %Q_tile_8, i32 %Q_tile_9, i32 %Q_tile_10, i32 %Q_tile_11, i32 %Q_tile_12, i32 %Q_tile_13, i32 %Q_tile_14, i32 %Q_tile_15, i32 %Q_tile_16, i32 %Q_tile_17, i32 %Q_tile_18, i32 %Q_tile_19, i32 %Q_tile_20, i32 %Q_tile_21, i32 %Q_tile_22, i32 %Q_tile_23, i32 %Q_tile_24, i32 %Q_tile_25, i32 %Q_tile_26, i32 %Q_tile_27, i32 %Q_tile_28, i32 %Q_tile_29, i32 %Q_tile_30, i32 %Q_tile_31, i32 %Q_tile_32, i32 %Q_tile_33, i32 %Q_tile_34, i32 %Q_tile_35, i32 %Q_tile_36, i32 %Q_tile_37, i32 %Q_tile_38, i32 %Q_tile_39, i32 %Q_tile_40, i32 %Q_tile_41, i32 %Q_tile_42, i32 %Q_tile_43, i32 %Q_tile_44, i32 %Q_tile_45, i32 %Q_tile_46, i32 %Q_tile_47, i32 %Q_tile_48, i32 %Q_tile_49, i32 %Q_tile_50, i32 %Q_tile_51, i32 %Q_tile_52, i32 %Q_tile_53, i32 %Q_tile_54, i32 %Q_tile_55, i32 %Q_tile_56, i32 %Q_tile_57, i32 %Q_tile_58, i32 %Q_tile_59, i32 %Q_tile_60, i32 %Q_tile_61, i32 %Q_tile_62, i32 %Q_tile_63, i32 %Q_tile_in_V_data_V, i4 %Q_tile_in_V_keep_V, i4 %Q_tile_in_V_strb_V, i1 %Q_tile_in_V_last_V"   --->   Operation 268 'call' 'call_ln0' <Predicate = true> <Delay = 0.00> <CoreType = "Generic">   --->   Generic Core
ST_2 : Operation 269 [1/2] (0.00ns)   --->   "%call_ln0 = call void @flashattn_Pipeline_Read_K_and_V_VITIS_LOOP_45_2, i32 %K_tile, i32 %K_tile_1, i32 %K_tile_2, i32 %K_tile_3, i32 %K_tile_4, i32 %K_tile_5, i32 %K_tile_6, i32 %K_tile_7, i32 %K_tile_8, i32 %K_tile_9, i32 %K_tile_10, i32 %K_tile_11, i32 %K_tile_12, i32 %K_tile_13, i32 %K_tile_14, i32 %K_tile_15, i32 %K_tile_16, i32 %K_tile_17, i32 %K_tile_18, i32 %K_tile_19, i32 %K_tile_20, i32 %K_tile_21, i32 %K_tile_22, i32 %K_tile_23, i32 %K_tile_24, i32 %K_tile_25, i32 %K_tile_26, i32 %K_tile_27, i32 %K_tile_28, i32 %K_tile_29, i32 %K_tile_30, i32 %K_tile_31, i32 %K_tile_32, i32 %K_tile_33, i32 %K_tile_34, i32 %K_tile_35, i32 %K_tile_36, i32 %K_tile_37, i32 %K_tile_38, i32 %K_tile_39, i32 %K_tile_40, i32 %K_tile_41, i32 %K_tile_42, i32 %K_tile_43, i32 %K_tile_44, i32 %K_tile_45, i32 %K_tile_46, i32 %K_tile_47, i32 %K_tile_48, i32 %K_tile_49, i32 %K_tile_50, i32 %K_tile_51, i32 %K_tile_52, i32 %K_tile_53, i32 %K_tile_54, i32 %K_tile_55, i32 %K_tile_56, i32 %K_tile_57, i32 %K_tile_58, i32 %K_tile_59, i32 %K_tile_60, i32 %K_tile_61, i32 %K_tile_62, i32 %K_tile_63, i32 %V_tile, i32 %V_tile_1, i32 %V_tile_2, i32 %V_tile_3, i32 %V_tile_4, i32 %V_tile_5, i32 %V_tile_6, i32 %V_tile_7, i32 %V_tile_8, i32 %V_tile_9, i32 %V_tile_10, i32 %V_tile_11, i32 %V_tile_12, i32 %V_tile_13, i32 %V_tile_14, i32 %V_tile_15, i32 %V_tile_16, i32 %V_tile_17, i32 %V_tile_18, i32 %V_tile_19, i32 %V_tile_20, i32 %V_tile_21, i32 %V_tile_22, i32 %V_tile_23, i32 %V_tile_24, i32 %V_tile_25, i32 %V_tile_26, i32 %V_tile_27, i32 %V_tile_28, i32 %V_tile_29, i32 %V_tile_30, i32 %V_tile_31, i32 %V_tile_32, i32 %V_tile_33, i32 %V_tile_34, i32 %V_tile_35, i32 %V_tile_36, i32 %V_tile_37, i32 %V_tile_38, i32 %V_tile_39, i32 %V_tile_40, i32 %V_tile_41, i32 %V_tile_42, i32 %V_tile_43, i32 %V_tile_44, i32 %V_tile_45, i32 %V_tile_46, i32 %V_tile_47, i32 %V_tile_48, i32 %V_tile_49, i32 %V_tile_50, i32 %V_tile_51, i32 %V_tile_52, i32 %V_tile_53, i32 %V_tile_54, i32 %V_tile_55, i32 %V_tile_56, i32 %V_tile_57, i32 %V_tile_58, i32 %V_tile_59, i32 %V_tile_60, i32 %V_tile_61, i32 %V_tile_62, i32 %V_tile_63, i32 %K_tile_in_V_data_V, i4 %K_tile_in_V_keep_V, i4 %K_tile_in_V_strb_V, i1 %K_tile_in_V_last_V, i32 %V_tile_in_V_data_V, i4 %V_tile_in_V_keep_V, i4 %V_tile_in_V_strb_V, i1 %V_tile_in_V_last_V"   --->   Operation 269 'call' 'call_ln0' <Predicate = true> <Delay = 0.00> <CoreType = "Generic">   --->   Generic Core
ST_2 : Operation 270 [1/2] (5.00ns)   --->   "%call_ln0 = call void @flashattn_Pipeline_Init_Accumulators, i32 %output_accum_63, i32 %output_accum_62, i32 %output_accum_61, i32 %output_accum_60, i32 %output_accum_59, i32 %output_accum_58, i32 %output_accum_57, i32 %output_accum_56, i32 %output_accum_55, i32 %output_accum_54, i32 %output_accum_53, i32 %output_accum_52, i32 %output_accum_51, i32 %output_accum_50, i32 %output_accum_49, i32 %output_accum_48, i32 %output_accum_47, i32 %output_accum_46, i32 %output_accum_45, i32 %output_accum_44, i32 %output_accum_43, i32 %output_accum_42, i32 %output_accum_41, i32 %output_accum_40, i32 %output_accum_39, i32 %output_accum_38, i32 %output_accum_37, i32 %output_accum_36, i32 %output_accum_35, i32 %output_accum_34, i32 %output_accum_33, i32 %output_accum_32, i32 %output_accum_31, i32 %output_accum_30, i32 %output_accum_29, i32 %output_accum_28, i32 %output_accum_27, i32 %output_accum_26, i32 %output_accum_25, i32 %output_accum_24, i32 %output_accum_23, i32 %output_accum_22, i32 %output_accum_21, i32 %output_accum_20, i32 %output_accum_19, i32 %output_accum_18, i32 %output_accum_17, i32 %output_accum_16, i32 %output_accum_15, i32 %output_accum_14, i32 %output_accum_13, i32 %output_accum_12, i32 %output_accum_11, i32 %output_accum_10, i32 %output_accum_9, i32 %output_accum_8, i32 %output_accum_7, i32 %output_accum_6, i32 %output_accum_5, i32 %output_accum_4, i32 %output_accum_3, i32 %output_accum_2, i32 %output_accum_1, i32 %output_accum, i32 %row_max, i32 %exp_sum"   --->   Operation 270 'call' 'call_ln0' <Predicate = true> <Delay = 5.00> <CoreType = "Generic">   --->   Generic Core

State 3 <SV = 2> <Delay = 0.00>
ST_3 : Operation 271 [2/2] (0.00ns)   --->   "%call_ln0 = call void @flashattn_Pipeline_Compute_Online_Softmax_VITIS_LOOP_72_4, i32 %Q_tile, i32 %Q_tile_1, i32 %Q_tile_2, i32 %Q_tile_3, i32 %Q_tile_4, i32 %Q_tile_5, i32 %Q_tile_6, i32 %Q_tile_7, i32 %Q_tile_8, i32 %Q_tile_9, i32 %Q_tile_10, i32 %Q_tile_11, i32 %Q_tile_12, i32 %Q_tile_13, i32 %Q_tile_14, i32 %Q_tile_15, i32 %Q_tile_16, i32 %Q_tile_17, i32 %Q_tile_18, i32 %Q_tile_19, i32 %Q_tile_20, i32 %Q_tile_21, i32 %Q_tile_22, i32 %Q_tile_23, i32 %Q_tile_24, i32 %Q_tile_25, i32 %Q_tile_26, i32 %Q_tile_27, i32 %Q_tile_28, i32 %Q_tile_29, i32 %Q_tile_30, i32 %Q_tile_31, i32 %Q_tile_32, i32 %Q_tile_33, i32 %Q_tile_34, i32 %Q_tile_35, i32 %Q_tile_36, i32 %Q_tile_37, i32 %Q_tile_38, i32 %Q_tile_39, i32 %Q_tile_40, i32 %Q_tile_41, i32 %Q_tile_42, i32 %Q_tile_43, i32 %Q_tile_44, i32 %Q_tile_45, i32 %Q_tile_46, i32 %Q_tile_47, i32 %Q_tile_48, i32 %Q_tile_49, i32 %Q_tile_50, i32 %Q_tile_51, i32 %Q_tile_52, i32 %Q_tile_53, i32 %Q_tile_54, i32 %Q_tile_55, i32 %Q_tile_56, i32 %Q_tile_57, i32 %Q_tile_58, i32 %Q_tile_59, i32 %Q_tile_60, i32 %Q_tile_61, i32 %Q_tile_62, i32 %Q_tile_63, i32 %row_max, i32 %exp_sum, i32 %output_accum, i32 %output_accum_1, i32 %output_accum_2, i32 %output_accum_3, i32 %output_accum_4, i32 %output_accum_5, i32 %output_accum_6, i32 %output_accum_7, i32 %output_accum_8, i32 %output_accum_9, i32 %output_accum_10, i32 %output_accum_11, i32 %output_accum_12, i32 %output_accum_13, i32 %output_accum_14, i32 %output_accum_15, i32 %output_accum_16, i32 %output_accum_17, i32 %output_accum_18, i32 %output_accum_19, i32 %output_accum_20, i32 %output_accum_21, i32 %output_accum_22, i32 %output_accum_23, i32 %output_accum_24, i32 %output_accum_25, i32 %output_accum_26, i32 %output_accum_27, i32 %output_accum_28, i32 %output_accum_29, i32 %output_accum_30, i32 %output_accum_31, i32 %output_accum_32, i32 %output_accum_33, i32 %output_accum_34, i32 %output_accum_35, i32 %output_accum_36, i32 %output_accum_37, i32 %output_accum_38, i32 %output_accum_39, i32 %output_accum_40, i32 %output_accum_41, i32 %output_accum_42, i32 %output_accum_43, i32 %output_accum_44, i32 %output_accum_45, i32 %output_accum_46, i32 %output_accum_47, i32 %output_accum_48, i32 %output_accum_49, i32 %output_accum_50, i32 %output_accum_51, i32 %output_accum_52, i32 %output_accum_53, i32 %output_accum_54, i32 %output_accum_55, i32 %output_accum_56, i32 %output_accum_57, i32 %output_accum_58, i32 %output_accum_59, i32 %output_accum_60, i32 %output_accum_61, i32 %output_accum_62, i32 %output_accum_63, i32 %V_tile, i32 %K_tile, i32 %K_tile_1, i32 %K_tile_2, i32 %K_tile_3, i32 %K_tile_4, i32 %K_tile_5, i32 %K_tile_6, i32 %K_tile_7, i32 %K_tile_8, i32 %K_tile_9, i32 %K_tile_10, i32 %K_tile_11, i32 %K_tile_12, i32 %K_tile_13, i32 %K_tile_14, i32 %K_tile_15, i32 %K_tile_16, i32 %K_tile_17, i32 %K_tile_18, i32 %K_tile_19, i32 %K_tile_20, i32 %K_tile_21, i32 %K_tile_22, i32 %K_tile_23, i32 %K_tile_24, i32 %K_tile_25, i32 %K_tile_26, i32 %K_tile_27, i32 %K_tile_28, i32 %K_tile_29, i32 %K_tile_30, i32 %K_tile_31, i32 %K_tile_32, i32 %K_tile_33, i32 %K_tile_34, i32 %K_tile_35, i32 %K_tile_36, i32 %K_tile_37, i32 %K_tile_38, i32 %K_tile_39, i32 %K_tile_40, i32 %K_tile_41, i32 %K_tile_42, i32 %K_tile_43, i32 %K_tile_44, i32 %K_tile_45, i32 %K_tile_46, i32 %K_tile_47, i32 %K_tile_48, i32 %K_tile_49, i32 %K_tile_50, i32 %K_tile_51, i32 %K_tile_52, i32 %K_tile_53, i32 %K_tile_54, i32 %K_tile_55, i32 %K_tile_56, i32 %K_tile_57, i32 %K_tile_58, i32 %K_tile_59, i32 %K_tile_60, i32 %K_tile_61, i32 %K_tile_62, i32 %K_tile_63, i32 %V_tile_1, i32 %V_tile_2, i32 %V_tile_3, i32 %V_tile_4, i32 %V_tile_5, i32 %V_tile_6, i32 %V_tile_7, i32 %V_tile_8, i32 %V_tile_9, i32 %V_tile_10, i32 %V_tile_11, i32 %V_tile_12, i32 %V_tile_13, i32 %V_tile_14, i32 %V_tile_15, i32 %V_tile_16, i32 %V_tile_17, i32 %V_tile_18, i32 %V_tile_19, i32 %V_tile_20, i32 %V_tile_21, i32 %V_tile_22, i32 %V_tile_23, i32 %V_tile_24, i32 %V_tile_25, i32 %V_tile_26, i32 %V_tile_27, i32 %V_tile_28, i32 %V_tile_29, i32 %V_tile_30, i32 %V_tile_31, i32 %V_tile_32, i32 %V_tile_33, i32 %V_tile_34, i32 %V_tile_35, i32 %V_tile_36, i32 %V_tile_37, i32 %V_tile_38, i32 %V_tile_39, i32 %V_tile_40, i32 %V_tile_41, i32 %V_tile_42, i32 %V_tile_43, i32 %V_tile_44, i32 %V_tile_45, i32 %V_tile_46, i32 %V_tile_47, i32 %V_tile_48, i32 %V_tile_49, i32 %V_tile_50, i32 %V_tile_51, i32 %V_tile_52, i32 %V_tile_53, i32 %V_tile_54, i32 %V_tile_55, i32 %V_tile_56, i32 %V_tile_57, i32 %V_tile_58, i32 %V_tile_59, i32 %V_tile_60, i32 %V_tile_61, i32 %V_tile_62, i32 %V_tile_63"   --->   Operation 271 'call' 'call_ln0' <Predicate = true> <Delay = 0.00> <CoreType = "Generic">   --->   Generic Core

State 4 <SV = 3> <Delay = 0.00>
ST_4 : Operation 272 [1/2] (0.00ns)   --->   "%call_ln0 = call void @flashattn_Pipeline_Compute_Online_Softmax_VITIS_LOOP_72_4, i32 %Q_tile, i32 %Q_tile_1, i32 %Q_tile_2, i32 %Q_tile_3, i32 %Q_tile_4, i32 %Q_tile_5, i32 %Q_tile_6, i32 %Q_tile_7, i32 %Q_tile_8, i32 %Q_tile_9, i32 %Q_tile_10, i32 %Q_tile_11, i32 %Q_tile_12, i32 %Q_tile_13, i32 %Q_tile_14, i32 %Q_tile_15, i32 %Q_tile_16, i32 %Q_tile_17, i32 %Q_tile_18, i32 %Q_tile_19, i32 %Q_tile_20, i32 %Q_tile_21, i32 %Q_tile_22, i32 %Q_tile_23, i32 %Q_tile_24, i32 %Q_tile_25, i32 %Q_tile_26, i32 %Q_tile_27, i32 %Q_tile_28, i32 %Q_tile_29, i32 %Q_tile_30, i32 %Q_tile_31, i32 %Q_tile_32, i32 %Q_tile_33, i32 %Q_tile_34, i32 %Q_tile_35, i32 %Q_tile_36, i32 %Q_tile_37, i32 %Q_tile_38, i32 %Q_tile_39, i32 %Q_tile_40, i32 %Q_tile_41, i32 %Q_tile_42, i32 %Q_tile_43, i32 %Q_tile_44, i32 %Q_tile_45, i32 %Q_tile_46, i32 %Q_tile_47, i32 %Q_tile_48, i32 %Q_tile_49, i32 %Q_tile_50, i32 %Q_tile_51, i32 %Q_tile_52, i32 %Q_tile_53, i32 %Q_tile_54, i32 %Q_tile_55, i32 %Q_tile_56, i32 %Q_tile_57, i32 %Q_tile_58, i32 %Q_tile_59, i32 %Q_tile_60, i32 %Q_tile_61, i32 %Q_tile_62, i32 %Q_tile_63, i32 %row_max, i32 %exp_sum, i32 %output_accum, i32 %output_accum_1, i32 %output_accum_2, i32 %output_accum_3, i32 %output_accum_4, i32 %output_accum_5, i32 %output_accum_6, i32 %output_accum_7, i32 %output_accum_8, i32 %output_accum_9, i32 %output_accum_10, i32 %output_accum_11, i32 %output_accum_12, i32 %output_accum_13, i32 %output_accum_14, i32 %output_accum_15, i32 %output_accum_16, i32 %output_accum_17, i32 %output_accum_18, i32 %output_accum_19, i32 %output_accum_20, i32 %output_accum_21, i32 %output_accum_22, i32 %output_accum_23, i32 %output_accum_24, i32 %output_accum_25, i32 %output_accum_26, i32 %output_accum_27, i32 %output_accum_28, i32 %output_accum_29, i32 %output_accum_30, i32 %output_accum_31, i32 %output_accum_32, i32 %output_accum_33, i32 %output_accum_34, i32 %output_accum_35, i32 %output_accum_36, i32 %output_accum_37, i32 %output_accum_38, i32 %output_accum_39, i32 %output_accum_40, i32 %output_accum_41, i32 %output_accum_42, i32 %output_accum_43, i32 %output_accum_44, i32 %output_accum_45, i32 %output_accum_46, i32 %output_accum_47, i32 %output_accum_48, i32 %output_accum_49, i32 %output_accum_50, i32 %output_accum_51, i32 %output_accum_52, i32 %output_accum_53, i32 %output_accum_54, i32 %output_accum_55, i32 %output_accum_56, i32 %output_accum_57, i32 %output_accum_58, i32 %output_accum_59, i32 %output_accum_60, i32 %output_accum_61, i32 %output_accum_62, i32 %output_accum_63, i32 %V_tile, i32 %K_tile, i32 %K_tile_1, i32 %K_tile_2, i32 %K_tile_3, i32 %K_tile_4, i32 %K_tile_5, i32 %K_tile_6, i32 %K_tile_7, i32 %K_tile_8, i32 %K_tile_9, i32 %K_tile_10, i32 %K_tile_11, i32 %K_tile_12, i32 %K_tile_13, i32 %K_tile_14, i32 %K_tile_15, i32 %K_tile_16, i32 %K_tile_17, i32 %K_tile_18, i32 %K_tile_19, i32 %K_tile_20, i32 %K_tile_21, i32 %K_tile_22, i32 %K_tile_23, i32 %K_tile_24, i32 %K_tile_25, i32 %K_tile_26, i32 %K_tile_27, i32 %K_tile_28, i32 %K_tile_29, i32 %K_tile_30, i32 %K_tile_31, i32 %K_tile_32, i32 %K_tile_33, i32 %K_tile_34, i32 %K_tile_35, i32 %K_tile_36, i32 %K_tile_37, i32 %K_tile_38, i32 %K_tile_39, i32 %K_tile_40, i32 %K_tile_41, i32 %K_tile_42, i32 %K_tile_43, i32 %K_tile_44, i32 %K_tile_45, i32 %K_tile_46, i32 %K_tile_47, i32 %K_tile_48, i32 %K_tile_49, i32 %K_tile_50, i32 %K_tile_51, i32 %K_tile_52, i32 %K_tile_53, i32 %K_tile_54, i32 %K_tile_55, i32 %K_tile_56, i32 %K_tile_57, i32 %K_tile_58, i32 %K_tile_59, i32 %K_tile_60, i32 %K_tile_61, i32 %K_tile_62, i32 %K_tile_63, i32 %V_tile_1, i32 %V_tile_2, i32 %V_tile_3, i32 %V_tile_4, i32 %V_tile_5, i32 %V_tile_6, i32 %V_tile_7, i32 %V_tile_8, i32 %V_tile_9, i32 %V_tile_10, i32 %V_tile_11, i32 %V_tile_12, i32 %V_tile_13, i32 %V_tile_14, i32 %V_tile_15, i32 %V_tile_16, i32 %V_tile_17, i32 %V_tile_18, i32 %V_tile_19, i32 %V_tile_20, i32 %V_tile_21, i32 %V_tile_22, i32 %V_tile_23, i32 %V_tile_24, i32 %V_tile_25, i32 %V_tile_26, i32 %V_tile_27, i32 %V_tile_28, i32 %V_tile_29, i32 %V_tile_30, i32 %V_tile_31, i32 %V_tile_32, i32 %V_tile_33, i32 %V_tile_34, i32 %V_tile_35, i32 %V_tile_36, i32 %V_tile_37, i32 %V_tile_38, i32 %V_tile_39, i32 %V_tile_40, i32 %V_tile_41, i32 %V_tile_42, i32 %V_tile_43, i32 %V_tile_44, i32 %V_tile_45, i32 %V_tile_46, i32 %V_tile_47, i32 %V_tile_48, i32 %V_tile_49, i32 %V_tile_50, i32 %V_tile_51, i32 %V_tile_52, i32 %V_tile_53, i32 %V_tile_54, i32 %V_tile_55, i32 %V_tile_56, i32 %V_tile_57, i32 %V_tile_58, i32 %V_tile_59, i32 %V_tile_60, i32 %V_tile_61, i32 %V_tile_62, i32 %V_tile_63"   --->   Operation 272 'call' 'call_ln0' <Predicate = true> <Delay = 0.00> <CoreType = "Generic">   --->   Generic Core

State 5 <SV = 4> <Delay = 0.00>
ST_5 : Operation 273 [2/2] (0.00ns)   --->   "%call_ln0 = call void @flashattn_Pipeline_Normalize_And_Stream_Output_VITIS_LOOP_120_8, i32 %exp_sum, i32 %O_tile_out_V_data_V, i4 %O_tile_out_V_keep_V, i4 %O_tile_out_V_strb_V, i1 %O_tile_out_V_last_V, i32 %output_accum, i32 %output_accum_1, i32 %output_accum_2, i32 %output_accum_3, i32 %output_accum_4, i32 %output_accum_5, i32 %output_accum_6, i32 %output_accum_7, i32 %output_accum_8, i32 %output_accum_9, i32 %output_accum_10, i32 %output_accum_11, i32 %output_accum_12, i32 %output_accum_13, i32 %output_accum_14, i32 %output_accum_15, i32 %output_accum_16, i32 %output_accum_17, i32 %output_accum_18, i32 %output_accum_19, i32 %output_accum_20, i32 %output_accum_21, i32 %output_accum_22, i32 %output_accum_23, i32 %output_accum_24, i32 %output_accum_25, i32 %output_accum_26, i32 %output_accum_27, i32 %output_accum_28, i32 %output_accum_29, i32 %output_accum_30, i32 %output_accum_31, i32 %output_accum_32, i32 %output_accum_33, i32 %output_accum_34, i32 %output_accum_35, i32 %output_accum_36, i32 %output_accum_37, i32 %output_accum_38, i32 %output_accum_39, i32 %output_accum_40, i32 %output_accum_41, i32 %output_accum_42, i32 %output_accum_43, i32 %output_accum_44, i32 %output_accum_45, i32 %output_accum_46, i32 %output_accum_47, i32 %output_accum_48, i32 %output_accum_49, i32 %output_accum_50, i32 %output_accum_51, i32 %output_accum_52, i32 %output_accum_53, i32 %output_accum_54, i32 %output_accum_55, i32 %output_accum_56, i32 %output_accum_57, i32 %output_accum_58, i32 %output_accum_59, i32 %output_accum_60, i32 %output_accum_61, i32 %output_accum_62, i32 %output_accum_63"   --->   Operation 273 'call' 'call_ln0' <Predicate = true> <Delay = 0.00> <CoreType = "Generic">   --->   Generic Core

State 6 <SV = 5> <Delay = 6.07>
ST_6 : Operation 274 [1/1] (0.00ns)   --->   "%spectopmodule_ln3 = spectopmodule void @_ssdm_op_SpecTopModule, void @empty_5" [flashattn.cpp:3]   --->   Operation 274 'spectopmodule' 'spectopmodule_ln3' <Predicate = true> <Delay = 0.00>
ST_6 : Operation 275 [1/1] (0.00ns)   --->   "%specinterface_ln3 = specinterface void @_ssdm_op_SpecInterface, i32 0, void @empty_6, i32 0, i32 0, void @empty_0, i32 0, i32 0, void @empty_0, void @empty_0, void @empty_0, i32 0, i32 0, i32 0, i32 0, void @empty_0, void @empty_0, i32 4294967295, i32 0, i32 0" [flashattn.cpp:3]   --->   Operation 275 'specinterface' 'specinterface_ln3' <Predicate = true> <Delay = 0.00>
ST_6 : Operation 276 [1/1] (0.00ns)   --->   "%specinterface_ln0 = specinterface void @_ssdm_op_SpecInterface, i32 %Q_tile_in_V_data_V, i4 %Q_tile_in_V_keep_V, i4 %Q_tile_in_V_strb_V, i1 %Q_tile_in_V_last_V, void @empty, i32 0, i32 0, void @empty_0, i32 0, i32 0, void @empty_0, void @empty_0, void @empty_0, i32 0, i32 0, i32 0, i32 0, void @empty_0, void @empty_0, i32 4294967295, i32 0, i32 0"   --->   Operation 276 'specinterface' 'specinterface_ln0' <Predicate = true> <Delay = 0.00>
ST_6 : Operation 277 [1/1] (0.00ns)   --->   "%specbitsmap_ln0 = specbitsmap void @_ssdm_op_SpecBitsMap, i32 %Q_tile_in_V_data_V"   --->   Operation 277 'specbitsmap' 'specbitsmap_ln0' <Predicate = true> <Delay = 0.00>
ST_6 : Operation 278 [1/1] (0.00ns)   --->   "%specbitsmap_ln0 = specbitsmap void @_ssdm_op_SpecBitsMap, i4 %Q_tile_in_V_keep_V"   --->   Operation 278 'specbitsmap' 'specbitsmap_ln0' <Predicate = true> <Delay = 0.00>
ST_6 : Operation 279 [1/1] (0.00ns)   --->   "%specbitsmap_ln0 = specbitsmap void @_ssdm_op_SpecBitsMap, i4 %Q_tile_in_V_strb_V"   --->   Operation 279 'specbitsmap' 'specbitsmap_ln0' <Predicate = true> <Delay = 0.00>
ST_6 : Operation 280 [1/1] (0.00ns)   --->   "%specbitsmap_ln0 = specbitsmap void @_ssdm_op_SpecBitsMap, i1 %Q_tile_in_V_last_V"   --->   Operation 280 'specbitsmap' 'specbitsmap_ln0' <Predicate = true> <Delay = 0.00>
ST_6 : Operation 281 [1/1] (0.00ns)   --->   "%specinterface_ln0 = specinterface void @_ssdm_op_SpecInterface, i32 %K_tile_in_V_data_V, i4 %K_tile_in_V_keep_V, i4 %K_tile_in_V_strb_V, i1 %K_tile_in_V_last_V, void @empty, i32 0, i32 0, void @empty_0, i32 0, i32 0, void @empty_0, void @empty_0, void @empty_0, i32 0, i32 0, i32 0, i32 0, void @empty_0, void @empty_0, i32 4294967295, i32 0, i32 0"   --->   Operation 281 'specinterface' 'specinterface_ln0' <Predicate = true> <Delay = 0.00>
ST_6 : Operation 282 [1/1] (0.00ns)   --->   "%specbitsmap_ln0 = specbitsmap void @_ssdm_op_SpecBitsMap, i32 %K_tile_in_V_data_V"   --->   Operation 282 'specbitsmap' 'specbitsmap_ln0' <Predicate = true> <Delay = 0.00>
ST_6 : Operation 283 [1/1] (0.00ns)   --->   "%specbitsmap_ln0 = specbitsmap void @_ssdm_op_SpecBitsMap, i4 %K_tile_in_V_keep_V"   --->   Operation 283 'specbitsmap' 'specbitsmap_ln0' <Predicate = true> <Delay = 0.00>
ST_6 : Operation 284 [1/1] (0.00ns)   --->   "%specbitsmap_ln0 = specbitsmap void @_ssdm_op_SpecBitsMap, i4 %K_tile_in_V_strb_V"   --->   Operation 284 'specbitsmap' 'specbitsmap_ln0' <Predicate = true> <Delay = 0.00>
ST_6 : Operation 285 [1/1] (0.00ns)   --->   "%specbitsmap_ln0 = specbitsmap void @_ssdm_op_SpecBitsMap, i1 %K_tile_in_V_last_V"   --->   Operation 285 'specbitsmap' 'specbitsmap_ln0' <Predicate = true> <Delay = 0.00>
ST_6 : Operation 286 [1/1] (0.00ns)   --->   "%specinterface_ln0 = specinterface void @_ssdm_op_SpecInterface, i32 %V_tile_in_V_data_V, i4 %V_tile_in_V_keep_V, i4 %V_tile_in_V_strb_V, i1 %V_tile_in_V_last_V, void @empty, i32 0, i32 0, void @empty_0, i32 0, i32 0, void @empty_0, void @empty_0, void @empty_0, i32 0, i32 0, i32 0, i32 0, void @empty_0, void @empty_0, i32 4294967295, i32 0, i32 0"   --->   Operation 286 'specinterface' 'specinterface_ln0' <Predicate = true> <Delay = 0.00>
ST_6 : Operation 287 [1/1] (0.00ns)   --->   "%specbitsmap_ln0 = specbitsmap void @_ssdm_op_SpecBitsMap, i32 %V_tile_in_V_data_V"   --->   Operation 287 'specbitsmap' 'specbitsmap_ln0' <Predicate = true> <Delay = 0.00>
ST_6 : Operation 288 [1/1] (0.00ns)   --->   "%specbitsmap_ln0 = specbitsmap void @_ssdm_op_SpecBitsMap, i4 %V_tile_in_V_keep_V"   --->   Operation 288 'specbitsmap' 'specbitsmap_ln0' <Predicate = true> <Delay = 0.00>
ST_6 : Operation 289 [1/1] (0.00ns)   --->   "%specbitsmap_ln0 = specbitsmap void @_ssdm_op_SpecBitsMap, i4 %V_tile_in_V_strb_V"   --->   Operation 289 'specbitsmap' 'specbitsmap_ln0' <Predicate = true> <Delay = 0.00>
ST_6 : Operation 290 [1/1] (0.00ns)   --->   "%specbitsmap_ln0 = specbitsmap void @_ssdm_op_SpecBitsMap, i1 %V_tile_in_V_last_V"   --->   Operation 290 'specbitsmap' 'specbitsmap_ln0' <Predicate = true> <Delay = 0.00>
ST_6 : Operation 291 [1/1] (0.00ns)   --->   "%specinterface_ln0 = specinterface void @_ssdm_op_SpecInterface, i32 %O_tile_out_V_data_V, i4 %O_tile_out_V_keep_V, i4 %O_tile_out_V_strb_V, i1 %O_tile_out_V_last_V, void @empty, i32 0, i32 0, void @empty_0, i32 0, i32 0, void @empty_0, void @empty_0, void @empty_0, i32 0, i32 0, i32 0, i32 0, void @empty_0, void @empty_0, i32 4294967295, i32 0, i32 0"   --->   Operation 291 'specinterface' 'specinterface_ln0' <Predicate = true> <Delay = 0.00>
ST_6 : Operation 292 [1/1] (0.00ns)   --->   "%specbitsmap_ln0 = specbitsmap void @_ssdm_op_SpecBitsMap, i32 %O_tile_out_V_data_V"   --->   Operation 292 'specbitsmap' 'specbitsmap_ln0' <Predicate = true> <Delay = 0.00>
ST_6 : Operation 293 [1/1] (0.00ns)   --->   "%specbitsmap_ln0 = specbitsmap void @_ssdm_op_SpecBitsMap, i4 %O_tile_out_V_keep_V"   --->   Operation 293 'specbitsmap' 'specbitsmap_ln0' <Predicate = true> <Delay = 0.00>
ST_6 : Operation 294 [1/1] (0.00ns)   --->   "%specbitsmap_ln0 = specbitsmap void @_ssdm_op_SpecBitsMap, i4 %O_tile_out_V_strb_V"   --->   Operation 294 'specbitsmap' 'specbitsmap_ln0' <Predicate = true> <Delay = 0.00>
ST_6 : Operation 295 [1/1] (0.00ns)   --->   "%specbitsmap_ln0 = specbitsmap void @_ssdm_op_SpecBitsMap, i1 %O_tile_out_V_last_V"   --->   Operation 295 'specbitsmap' 'specbitsmap_ln0' <Predicate = true> <Delay = 0.00>
ST_6 : Operation 296 [1/1] (0.00ns)   --->   "%specaxissidechannel_ln32 = specaxissidechannel void @_ssdm_op_SpecAXISSideChannel, i32 %O_tile_out_V_data_V, i4 %O_tile_out_V_keep_V, i4 %O_tile_out_V_strb_V, i1 0, i1 %O_tile_out_V_last_V, i1 0, i1 0, void @empty_1" [flashattn.cpp:32]   --->   Operation 296 'specaxissidechannel' 'specaxissidechannel_ln32' <Predicate = true> <Delay = 0.00>
ST_6 : Operation 297 [1/1] (0.00ns)   --->   "%specaxissidechannel_ln32 = specaxissidechannel void @_ssdm_op_SpecAXISSideChannel, i32 %Q_tile_in_V_data_V, i4 %Q_tile_in_V_keep_V, i4 %Q_tile_in_V_strb_V, i1 0, i1 %Q_tile_in_V_last_V, i1 0, i1 0, void @empty_2" [flashattn.cpp:32]   --->   Operation 297 'specaxissidechannel' 'specaxissidechannel_ln32' <Predicate = true> <Delay = 0.00>
ST_6 : Operation 298 [1/1] (0.00ns)   --->   "%specaxissidechannel_ln32 = specaxissidechannel void @_ssdm_op_SpecAXISSideChannel, i32 %K_tile_in_V_data_V, i4 %K_tile_in_V_keep_V, i4 %K_tile_in_V_strb_V, i1 0, i1 %K_tile_in_V_last_V, i1 0, i1 0, void @empty_3" [flashattn.cpp:32]   --->   Operation 298 'specaxissidechannel' 'specaxissidechannel_ln32' <Predicate = true> <Delay = 0.00>
ST_6 : Operation 299 [1/1] (0.00ns)   --->   "%specaxissidechannel_ln32 = specaxissidechannel void @_ssdm_op_SpecAXISSideChannel, i32 %V_tile_in_V_data_V, i4 %V_tile_in_V_keep_V, i4 %V_tile_in_V_strb_V, i1 0, i1 %V_tile_in_V_last_V, i1 0, i1 0, void @empty_4" [flashattn.cpp:32]   --->   Operation 299 'specaxissidechannel' 'specaxissidechannel_ln32' <Predicate = true> <Delay = 0.00>
ST_6 : Operation 300 [1/2] (6.07ns)   --->   "%call_ln0 = call void @flashattn_Pipeline_Normalize_And_Stream_Output_VITIS_LOOP_120_8, i32 %exp_sum, i32 %O_tile_out_V_data_V, i4 %O_tile_out_V_keep_V, i4 %O_tile_out_V_strb_V, i1 %O_tile_out_V_last_V, i32 %output_accum, i32 %output_accum_1, i32 %output_accum_2, i32 %output_accum_3, i32 %output_accum_4, i32 %output_accum_5, i32 %output_accum_6, i32 %output_accum_7, i32 %output_accum_8, i32 %output_accum_9, i32 %output_accum_10, i32 %output_accum_11, i32 %output_accum_12, i32 %output_accum_13, i32 %output_accum_14, i32 %output_accum_15, i32 %output_accum_16, i32 %output_accum_17, i32 %output_accum_18, i32 %output_accum_19, i32 %output_accum_20, i32 %output_accum_21, i32 %output_accum_22, i32 %output_accum_23, i32 %output_accum_24, i32 %output_accum_25, i32 %output_accum_26, i32 %output_accum_27, i32 %output_accum_28, i32 %output_accum_29, i32 %output_accum_30, i32 %output_accum_31, i32 %output_accum_32, i32 %output_accum_33, i32 %output_accum_34, i32 %output_accum_35, i32 %output_accum_36, i32 %output_accum_37, i32 %output_accum_38, i32 %output_accum_39, i32 %output_accum_40, i32 %output_accum_41, i32 %output_accum_42, i32 %output_accum_43, i32 %output_accum_44, i32 %output_accum_45, i32 %output_accum_46, i32 %output_accum_47, i32 %output_accum_48, i32 %output_accum_49, i32 %output_accum_50, i32 %output_accum_51, i32 %output_accum_52, i32 %output_accum_53, i32 %output_accum_54, i32 %output_accum_55, i32 %output_accum_56, i32 %output_accum_57, i32 %output_accum_58, i32 %output_accum_59, i32 %output_accum_60, i32 %output_accum_61, i32 %output_accum_62, i32 %output_accum_63"   --->   Operation 300 'call' 'call_ln0' <Predicate = true> <Delay = 6.07> <CoreType = "Generic">   --->   Generic Core
ST_6 : Operation 301 [1/1] (0.00ns)   --->   "%ret_ln129 = ret" [flashattn.cpp:129]   --->   Operation 301 'ret' 'ret_ln129' <Predicate = true> <Delay = 0.00>


============================================================
+ Verbose Summary: Timing violations
============================================================
Target clock period: 10.000ns, clock uncertainty: 2.700ns.

 <State 1>: 3.254ns
The critical path consists of the following:
	'alloca' operation 32 bit ('Q_tile', flashattn.cpp:20) [39]  (0.000 ns)
	'call' operation 0 bit ('call_ln0') to 'flashattn_Pipeline_Read_Q_VITIS_LOOP_34_1' [301]  (3.254 ns)

 <State 2>: 5.001ns
The critical path consists of the following:
	'call' operation 0 bit ('call_ln0') to 'flashattn_Pipeline_Init_Accumulators' [303]  (5.001 ns)

 <State 3>: 0.000ns
The critical path consists of the following:

 <State 4>: 0.000ns
The critical path consists of the following:

 <State 5>: 0.000ns
The critical path consists of the following:

 <State 6>: 6.075ns
The critical path consists of the following:
	'call' operation 0 bit ('call_ln0') to 'flashattn_Pipeline_Normalize_And_Stream_Output_VITIS_LOOP_120_8' [305]  (6.075 ns)


============================================================
+ Verbose Summary: Binding
============================================================
N/A
* FSMD analyzer results:
  - Output states:
 - Input state : 
  - Chain level:
	State 1
	State 2
	State 3
	State 4
	State 5
	State 6


============================================================
+ Verbose Summary: Datapath Resource usage 
============================================================
N/A
