

================================================================
== Vitis HLS Report for 'flashattn_Pipeline_Read_Q_VITIS_LOOP_34_1'
================================================================
* Date:           Fri Apr 11 19:30:23 2025

* Version:        2024.2 (Build 5238294 on Nov  8 2024)
* Project:        flash_attn
* Solution:       hls (Vivado IP Flow Target)
* Product family: zynq
* Target device:  xc7z020-clg400-1


================================================================
== Performance Estimates
================================================================
+ Timing: 
    * Summary: 
    +--------+----------+----------+------------+
    |  Clock |  Target  | Estimated| Uncertainty|
    +--------+----------+----------+------------+
    |ap_clk  |  10.00 ns|  6.321 ns|     2.70 ns|
    +--------+----------+----------+------------+

+ Latency: 
    * Summary: 
    +---------+---------+-----------+-----------+------+------+------------------------------------------------+
    |  Latency (cycles) |   Latency (absolute)  |   Interval  |                    Pipeline                    |
    |   min   |   max   |    min    |    max    |  min |  max |                      Type                      |
    +---------+---------+-----------+-----------+------+------+------------------------------------------------+
    |     2051|     2051|  20.510 us|  20.510 us|  2049|  2049|  loop auto-rewind stp (delay=0 clock cycles(s))|
    +---------+---------+-----------+-----------+------+------+------------------------------------------------+

    + Detail: 
        * Instance: 
        N/A

        * Loop: 
        +--------------------------+---------+---------+----------+-----------+-----------+------+----------+
        |                          |  Latency (cycles) | Iteration|  Initiation Interval  | Trip |          |
        |         Loop Name        |   min   |   max   |  Latency |  achieved |   target  | Count| Pipelined|
        +--------------------------+---------+---------+----------+-----------+-----------+------+----------+
        |- Read_Q_VITIS_LOOP_34_1  |     2049|     2049|         3|          1|          1|  2048|       yes|
        +--------------------------+---------+---------+----------+-----------+-----------+------+----------+

============================================================
+ Verbose Summary: Synthesis Manager
============================================================
InlineROM: 1
ExposeGlobal: 0
============================================================
+ Verbose Summary: CDFG Model
============================================================
IsTopModel: 0
ResetActiveHigh: 1
IsCombinational: 0
IsDatapathOnly: 0
HasWiredReturn: 1
HasMFsm: 2
HasVarLatency: 1
IsPipeline: 0
IsRtlPipelined: 0
IsInstanceOverlapped: 0
IsDontTouch: 0
HasImplIP: 0
IsGatedGlobalClock: 0

+ Individual pipeline summary: 
  * Pipeline-0: initiation interval (II) = 1, depth = 3


============================================================
+ Verbose Summary: Schedule
============================================================
* Number of FSM states : 3
* Pipeline : 1
  Pipeline-0 : II = 1, D = 3, States = { 1 2 3 }
* Dataflow Pipeline: 0

* FSM state transitions: 
1 --> 2 
2 --> 3 
3 --> 

* FSM state operations: 

State 1 <SV = 0> <Delay = 4.72>
ST_1 : Operation 6 [1/1] (0.00ns)   --->   "%col = alloca i32 1" [flashattn.cpp:34]   --->   Operation 6 'alloca' 'col' <Predicate = true> <Delay = 0.00>
ST_1 : Operation 7 [1/1] (0.00ns)   --->   "%row = alloca i32 1" [flashattn.cpp:32]   --->   Operation 7 'alloca' 'row' <Predicate = true> <Delay = 0.00>
ST_1 : Operation 8 [1/1] (0.00ns)   --->   "%indvar_flatten = alloca i32 1"   --->   Operation 8 'alloca' 'indvar_flatten' <Predicate = true> <Delay = 0.00>
ST_1 : Operation 9 [1/1] (0.00ns)   --->   "%specaxissidechannel_ln0 = specaxissidechannel void @_ssdm_op_SpecAXISSideChannel, i32 %Q_tile_in_V_data_V, i4 %Q_tile_in_V_keep_V, i4 %Q_tile_in_V_strb_V, i1 0, i1 %Q_tile_in_V_last_V, i1 0, i1 0, void @empty_2"   --->   Operation 9 'specaxissidechannel' 'specaxissidechannel_ln0' <Predicate = true> <Delay = 0.00>
ST_1 : Operation 10 [1/1] (0.00ns)   --->   "%specinterface_ln0 = specinterface void @_ssdm_op_SpecInterface, i1 %Q_tile_in_V_last_V, i4 %Q_tile_in_V_strb_V, i4 %Q_tile_in_V_keep_V, i32 %Q_tile_in_V_data_V, void @empty, i32 0, i32 0, void @empty_0, i32 0, i32 0, void @empty_0, void @empty_0, void @empty_0, i32 0, i32 0, i32 0, i32 0, void @empty_0, void @empty_0, i32 4294967295, i32 0, i32 0"   --->   Operation 10 'specinterface' 'specinterface_ln0' <Predicate = true> <Delay = 0.00>
ST_1 : Operation 11 [1/1] (1.58ns)   --->   "%store_ln0 = store i12 0, i12 %indvar_flatten"   --->   Operation 11 'store' 'store_ln0' <Predicate = true> <Delay = 1.58>
ST_1 : Operation 12 [1/1] (1.58ns)   --->   "%store_ln32 = store i6 0, i6 %row" [flashattn.cpp:32]   --->   Operation 12 'store' 'store_ln32' <Predicate = true> <Delay = 1.58>
ST_1 : Operation 13 [1/1] (1.58ns)   --->   "%store_ln34 = store i7 0, i7 %col" [flashattn.cpp:34]   --->   Operation 13 'store' 'store_ln34' <Predicate = true> <Delay = 1.58>
ST_1 : Operation 14 [1/1] (0.00ns)   --->   "%br_ln32 = br void %for.inc" [flashattn.cpp:32]   --->   Operation 14 'br' 'br_ln32' <Predicate = true> <Delay = 0.00>
ST_1 : Operation 15 [1/1] (0.00ns)   --->   "%indvar_flatten_load = load i12 %indvar_flatten" [flashattn.cpp:32]   --->   Operation 15 'load' 'indvar_flatten_load' <Predicate = true> <Delay = 0.00>
ST_1 : Operation 16 [1/1] (1.54ns)   --->   "%icmp_ln32 = icmp_eq  i12 %indvar_flatten_load, i12 2048" [flashattn.cpp:32]   --->   Operation 16 'icmp' 'icmp_ln32' <Predicate = true> <Delay = 1.54> <CoreInst = "Cmp">   --->   Core 9 'Cmp' <Latency = 0> <II = 1> <Delay = 1.54> <FuncUnit> <Opcode : 'seteq' 'setne' 'setle' 'setge' 'setlt' 'setgt'> <InPorts = 2> <OutPorts = 1>
ST_1 : Operation 17 [1/1] (1.54ns)   --->   "%add_ln32 = add i12 %indvar_flatten_load, i12 1" [flashattn.cpp:32]   --->   Operation 17 'add' 'add_ln32' <Predicate = true> <Delay = 1.54> <CoreInst = "Adder">   --->   Core 1 'Adder' <Latency = 0> <II = 1> <Delay = 1.54> <FuncUnit> <Opcode : 'add' 'sub'> <InPorts = 2> <OutPorts = 1>
ST_1 : Operation 18 [1/1] (0.00ns)   --->   "%br_ln32 = br i1 %icmp_ln32, void %for.inc15, void %for.inc40.preheader.exitStub" [flashattn.cpp:32]   --->   Operation 18 'br' 'br_ln32' <Predicate = true> <Delay = 0.00>
ST_1 : Operation 19 [1/1] (1.58ns)   --->   "%store_ln32 = store i12 %add_ln32, i12 %indvar_flatten" [flashattn.cpp:32]   --->   Operation 19 'store' 'store_ln32' <Predicate = (!icmp_ln32)> <Delay = 1.58>

State 2 <SV = 1> <Delay = 6.32>
ST_2 : Operation 20 [1/1] (0.00ns)   --->   "%col_load = load i7 %col" [flashattn.cpp:34]   --->   Operation 20 'load' 'col_load' <Predicate = true> <Delay = 0.00>
ST_2 : Operation 21 [1/1] (1.87ns)   --->   "%icmp_ln34 = icmp_eq  i7 %col_load, i7 64" [flashattn.cpp:34]   --->   Operation 21 'icmp' 'icmp_ln34' <Predicate = true> <Delay = 1.87> <CoreInst = "Cmp">   --->   Core 9 'Cmp' <Latency = 0> <II = 1> <Delay = 1.87> <FuncUnit> <Opcode : 'seteq' 'setne' 'setle' 'setge' 'setlt' 'setgt'> <InPorts = 2> <OutPorts = 1>
ST_2 : Operation 22 [1/1] (0.99ns)   --->   "%select_ln32 = select i1 %icmp_ln34, i7 0, i7 %col_load" [flashattn.cpp:32]   --->   Operation 22 'select' 'select_ln32' <Predicate = true> <Delay = 0.99> <CoreInst = "Sel">   --->   Core 73 'Sel' <Latency = 0> <II = 1> <Delay = 0.99> <FuncUnit> <Opcode : 'select'> <InPorts = 3> <OutPorts = 1>
ST_2 : Operation 23 [1/1] (0.00ns)   --->   "%trunc_ln34 = trunc i7 %select_ln32" [flashattn.cpp:34]   --->   Operation 23 'trunc' 'trunc_ln34' <Predicate = true> <Delay = 0.00>
ST_2 : Operation 24 [1/1] (1.82ns)   --->   "%switch_ln37 = switch i6 %trunc_ln34, void %arrayidx1410.case.63, i6 0, void %arrayidx1410.case.0, i6 1, void %arrayidx1410.case.1, i6 2, void %arrayidx1410.case.2, i6 3, void %arrayidx1410.case.3, i6 4, void %arrayidx1410.case.4, i6 5, void %arrayidx1410.case.5, i6 6, void %arrayidx1410.case.6, i6 7, void %arrayidx1410.case.7, i6 8, void %arrayidx1410.case.8, i6 9, void %arrayidx1410.case.9, i6 10, void %arrayidx1410.case.10, i6 11, void %arrayidx1410.case.11, i6 12, void %arrayidx1410.case.12, i6 13, void %arrayidx1410.case.13, i6 14, void %arrayidx1410.case.14, i6 15, void %arrayidx1410.case.15, i6 16, void %arrayidx1410.case.16, i6 17, void %arrayidx1410.case.17, i6 18, void %arrayidx1410.case.18, i6 19, void %arrayidx1410.case.19, i6 20, void %arrayidx1410.case.20, i6 21, void %arrayidx1410.case.21, i6 22, void %arrayidx1410.case.22, i6 23, void %arrayidx1410.case.23, i6 24, void %arrayidx1410.case.24, i6 25, void %arrayidx1410.case.25, i6 26, void %arrayidx1410.case.26, i6 27, void %arrayidx1410.case.27, i6 28, void %arrayidx1410.case.28, i6 29, void %arrayidx1410.case.29, i6 30, void %arrayidx1410.case.30, i6 31, void %arrayidx1410.case.31, i6 32, void %arrayidx1410.case.32, i6 33, void %arrayidx1410.case.33, i6 34, void %arrayidx1410.case.34, i6 35, void %arrayidx1410.case.35, i6 36, void %arrayidx1410.case.36, i6 37, void %arrayidx1410.case.37, i6 38, void %arrayidx1410.case.38, i6 39, void %arrayidx1410.case.39, i6 40, void %arrayidx1410.case.40, i6 41, void %arrayidx1410.case.41, i6 42, void %arrayidx1410.case.42, i6 43, void %arrayidx1410.case.43, i6 44, void %arrayidx1410.case.44, i6 45, void %arrayidx1410.case.45, i6 46, void %arrayidx1410.case.46, i6 47, void %arrayidx1410.case.47, i6 48, void %arrayidx1410.case.48, i6 49, void %arrayidx1410.case.49, i6 50, void %arrayidx1410.case.50, i6 51, void %arrayidx1410.case.51, i6 52, void %arrayidx1410.case.52, i6 53, void %arrayidx1410.case.53, i6 54, void %arrayidx1410.case.54, i6 55, void %arrayidx1410.case.55, i6 56, void %arrayidx1410.case.56, i6 57, void %arrayidx1410.case.57, i6 58, void %arrayidx1410.case.58, i6 59, void %arrayidx1410.case.59, i6 60, void %arrayidx1410.case.60, i6 61, void %arrayidx1410.case.61, i6 62, void %arrayidx1410.case.62" [flashattn.cpp:37]   --->   Operation 24 'switch' 'switch_ln37' <Predicate = true> <Delay = 1.82>
ST_2 : Operation 25 [1/1] (1.87ns)   --->   "%add_ln34 = add i7 %select_ln32, i7 1" [flashattn.cpp:34]   --->   Operation 25 'add' 'add_ln34' <Predicate = true> <Delay = 1.87> <CoreInst = "Adder">   --->   Core 1 'Adder' <Latency = 0> <II = 1> <Delay = 1.87> <FuncUnit> <Opcode : 'add' 'sub'> <InPorts = 2> <OutPorts = 1>
ST_2 : Operation 26 [1/1] (1.58ns)   --->   "%store_ln34 = store i7 %add_ln34, i7 %col" [flashattn.cpp:34]   --->   Operation 26 'store' 'store_ln34' <Predicate = true> <Delay = 1.58>
ST_2 : Operation 231 [1/1] (1.58ns)   --->   "%ret_ln0 = ret"   --->   Operation 231 'ret' 'ret_ln0' <Predicate = (icmp_ln32)> <Delay = 1.58>

State 3 <SV = 2> <Delay = 6.26>
ST_3 : Operation 27 [1/1] (0.00ns)   --->   "%row_load = load i6 %row" [flashattn.cpp:32]   --->   Operation 27 'load' 'row_load' <Predicate = true> <Delay = 0.00>
ST_3 : Operation 28 [1/1] (0.00ns)   --->   "%specloopname_ln0 = specloopname void @_ssdm_op_SpecLoopName, void @Read_Q_VITIS_LOOP_34_1_str"   --->   Operation 28 'specloopname' 'specloopname_ln0' <Predicate = true> <Delay = 0.00>
ST_3 : Operation 29 [1/1] (0.00ns)   --->   "%speclooptripcount_ln0 = speclooptripcount void @_ssdm_op_SpecLoopTripCount, i64 2048, i64 2048, i64 2048"   --->   Operation 29 'speclooptripcount' 'speclooptripcount_ln0' <Predicate = true> <Delay = 0.00>
ST_3 : Operation 30 [1/1] (1.82ns)   --->   "%add_ln32_1 = add i6 %row_load, i6 1" [flashattn.cpp:32]   --->   Operation 30 'add' 'add_ln32_1' <Predicate = (icmp_ln34)> <Delay = 1.82> <CoreInst = "Adder">   --->   Core 1 'Adder' <Latency = 0> <II = 1> <Delay = 1.82> <FuncUnit> <Opcode : 'add' 'sub'> <InPorts = 2> <OutPorts = 1>
ST_3 : Operation 31 [1/1] (1.18ns)   --->   "%select_ln32_1 = select i1 %icmp_ln34, i6 %add_ln32_1, i6 %row_load" [flashattn.cpp:32]   --->   Operation 31 'select' 'select_ln32_1' <Predicate = true> <Delay = 1.18> <CoreInst = "Sel">   --->   Core 73 'Sel' <Latency = 0> <II = 1> <Delay = 1.18> <FuncUnit> <Opcode : 'select'> <InPorts = 3> <OutPorts = 1>
ST_3 : Operation 32 [1/1] (0.00ns)   --->   "%zext_ln32 = zext i6 %select_ln32_1" [flashattn.cpp:32]   --->   Operation 32 'zext' 'zext_ln32' <Predicate = true> <Delay = 0.00>
ST_3 : Operation 33 [1/1] (0.00ns)   --->   "%Q_tile_addr = getelementptr i32 %Q_tile, i64 0, i64 %zext_ln32" [flashattn.cpp:32]   --->   Operation 33 'getelementptr' 'Q_tile_addr' <Predicate = true> <Delay = 0.00>
ST_3 : Operation 34 [1/1] (0.00ns)   --->   "%Q_tile_1_addr = getelementptr i32 %Q_tile_1, i64 0, i64 %zext_ln32" [flashattn.cpp:32]   --->   Operation 34 'getelementptr' 'Q_tile_1_addr' <Predicate = true> <Delay = 0.00>
ST_3 : Operation 35 [1/1] (0.00ns)   --->   "%Q_tile_2_addr = getelementptr i32 %Q_tile_2, i64 0, i64 %zext_ln32" [flashattn.cpp:32]   --->   Operation 35 'getelementptr' 'Q_tile_2_addr' <Predicate = true> <Delay = 0.00>
ST_3 : Operation 36 [1/1] (0.00ns)   --->   "%Q_tile_3_addr = getelementptr i32 %Q_tile_3, i64 0, i64 %zext_ln32" [flashattn.cpp:32]   --->   Operation 36 'getelementptr' 'Q_tile_3_addr' <Predicate = true> <Delay = 0.00>
ST_3 : Operation 37 [1/1] (0.00ns)   --->   "%Q_tile_4_addr = getelementptr i32 %Q_tile_4, i64 0, i64 %zext_ln32" [flashattn.cpp:32]   --->   Operation 37 'getelementptr' 'Q_tile_4_addr' <Predicate = true> <Delay = 0.00>
ST_3 : Operation 38 [1/1] (0.00ns)   --->   "%Q_tile_5_addr = getelementptr i32 %Q_tile_5, i64 0, i64 %zext_ln32" [flashattn.cpp:32]   --->   Operation 38 'getelementptr' 'Q_tile_5_addr' <Predicate = true> <Delay = 0.00>
ST_3 : Operation 39 [1/1] (0.00ns)   --->   "%Q_tile_6_addr = getelementptr i32 %Q_tile_6, i64 0, i64 %zext_ln32" [flashattn.cpp:32]   --->   Operation 39 'getelementptr' 'Q_tile_6_addr' <Predicate = true> <Delay = 0.00>
ST_3 : Operation 40 [1/1] (0.00ns)   --->   "%Q_tile_7_addr = getelementptr i32 %Q_tile_7, i64 0, i64 %zext_ln32" [flashattn.cpp:32]   --->   Operation 40 'getelementptr' 'Q_tile_7_addr' <Predicate = true> <Delay = 0.00>
ST_3 : Operation 41 [1/1] (0.00ns)   --->   "%Q_tile_8_addr = getelementptr i32 %Q_tile_8, i64 0, i64 %zext_ln32" [flashattn.cpp:32]   --->   Operation 41 'getelementptr' 'Q_tile_8_addr' <Predicate = true> <Delay = 0.00>
ST_3 : Operation 42 [1/1] (0.00ns)   --->   "%Q_tile_9_addr = getelementptr i32 %Q_tile_9, i64 0, i64 %zext_ln32" [flashattn.cpp:32]   --->   Operation 42 'getelementptr' 'Q_tile_9_addr' <Predicate = true> <Delay = 0.00>
ST_3 : Operation 43 [1/1] (0.00ns)   --->   "%Q_tile_10_addr = getelementptr i32 %Q_tile_10, i64 0, i64 %zext_ln32" [flashattn.cpp:32]   --->   Operation 43 'getelementptr' 'Q_tile_10_addr' <Predicate = true> <Delay = 0.00>
ST_3 : Operation 44 [1/1] (0.00ns)   --->   "%Q_tile_11_addr = getelementptr i32 %Q_tile_11, i64 0, i64 %zext_ln32" [flashattn.cpp:32]   --->   Operation 44 'getelementptr' 'Q_tile_11_addr' <Predicate = true> <Delay = 0.00>
ST_3 : Operation 45 [1/1] (0.00ns)   --->   "%Q_tile_12_addr = getelementptr i32 %Q_tile_12, i64 0, i64 %zext_ln32" [flashattn.cpp:32]   --->   Operation 45 'getelementptr' 'Q_tile_12_addr' <Predicate = true> <Delay = 0.00>
ST_3 : Operation 46 [1/1] (0.00ns)   --->   "%Q_tile_13_addr = getelementptr i32 %Q_tile_13, i64 0, i64 %zext_ln32" [flashattn.cpp:32]   --->   Operation 46 'getelementptr' 'Q_tile_13_addr' <Predicate = true> <Delay = 0.00>
ST_3 : Operation 47 [1/1] (0.00ns)   --->   "%Q_tile_14_addr = getelementptr i32 %Q_tile_14, i64 0, i64 %zext_ln32" [flashattn.cpp:32]   --->   Operation 47 'getelementptr' 'Q_tile_14_addr' <Predicate = true> <Delay = 0.00>
ST_3 : Operation 48 [1/1] (0.00ns)   --->   "%Q_tile_15_addr = getelementptr i32 %Q_tile_15, i64 0, i64 %zext_ln32" [flashattn.cpp:32]   --->   Operation 48 'getelementptr' 'Q_tile_15_addr' <Predicate = true> <Delay = 0.00>
ST_3 : Operation 49 [1/1] (0.00ns)   --->   "%Q_tile_16_addr = getelementptr i32 %Q_tile_16, i64 0, i64 %zext_ln32" [flashattn.cpp:32]   --->   Operation 49 'getelementptr' 'Q_tile_16_addr' <Predicate = true> <Delay = 0.00>
ST_3 : Operation 50 [1/1] (0.00ns)   --->   "%Q_tile_17_addr = getelementptr i32 %Q_tile_17, i64 0, i64 %zext_ln32" [flashattn.cpp:32]   --->   Operation 50 'getelementptr' 'Q_tile_17_addr' <Predicate = true> <Delay = 0.00>
ST_3 : Operation 51 [1/1] (0.00ns)   --->   "%Q_tile_18_addr = getelementptr i32 %Q_tile_18, i64 0, i64 %zext_ln32" [flashattn.cpp:32]   --->   Operation 51 'getelementptr' 'Q_tile_18_addr' <Predicate = true> <Delay = 0.00>
ST_3 : Operation 52 [1/1] (0.00ns)   --->   "%Q_tile_19_addr = getelementptr i32 %Q_tile_19, i64 0, i64 %zext_ln32" [flashattn.cpp:32]   --->   Operation 52 'getelementptr' 'Q_tile_19_addr' <Predicate = true> <Delay = 0.00>
ST_3 : Operation 53 [1/1] (0.00ns)   --->   "%Q_tile_20_addr = getelementptr i32 %Q_tile_20, i64 0, i64 %zext_ln32" [flashattn.cpp:32]   --->   Operation 53 'getelementptr' 'Q_tile_20_addr' <Predicate = true> <Delay = 0.00>
ST_3 : Operation 54 [1/1] (0.00ns)   --->   "%Q_tile_21_addr = getelementptr i32 %Q_tile_21, i64 0, i64 %zext_ln32" [flashattn.cpp:32]   --->   Operation 54 'getelementptr' 'Q_tile_21_addr' <Predicate = true> <Delay = 0.00>
ST_3 : Operation 55 [1/1] (0.00ns)   --->   "%Q_tile_22_addr = getelementptr i32 %Q_tile_22, i64 0, i64 %zext_ln32" [flashattn.cpp:32]   --->   Operation 55 'getelementptr' 'Q_tile_22_addr' <Predicate = true> <Delay = 0.00>
ST_3 : Operation 56 [1/1] (0.00ns)   --->   "%Q_tile_23_addr = getelementptr i32 %Q_tile_23, i64 0, i64 %zext_ln32" [flashattn.cpp:32]   --->   Operation 56 'getelementptr' 'Q_tile_23_addr' <Predicate = true> <Delay = 0.00>
ST_3 : Operation 57 [1/1] (0.00ns)   --->   "%Q_tile_24_addr = getelementptr i32 %Q_tile_24, i64 0, i64 %zext_ln32" [flashattn.cpp:32]   --->   Operation 57 'getelementptr' 'Q_tile_24_addr' <Predicate = true> <Delay = 0.00>
ST_3 : Operation 58 [1/1] (0.00ns)   --->   "%Q_tile_25_addr = getelementptr i32 %Q_tile_25, i64 0, i64 %zext_ln32" [flashattn.cpp:32]   --->   Operation 58 'getelementptr' 'Q_tile_25_addr' <Predicate = true> <Delay = 0.00>
ST_3 : Operation 59 [1/1] (0.00ns)   --->   "%Q_tile_26_addr = getelementptr i32 %Q_tile_26, i64 0, i64 %zext_ln32" [flashattn.cpp:32]   --->   Operation 59 'getelementptr' 'Q_tile_26_addr' <Predicate = true> <Delay = 0.00>
ST_3 : Operation 60 [1/1] (0.00ns)   --->   "%Q_tile_27_addr = getelementptr i32 %Q_tile_27, i64 0, i64 %zext_ln32" [flashattn.cpp:32]   --->   Operation 60 'getelementptr' 'Q_tile_27_addr' <Predicate = true> <Delay = 0.00>
ST_3 : Operation 61 [1/1] (0.00ns)   --->   "%Q_tile_28_addr = getelementptr i32 %Q_tile_28, i64 0, i64 %zext_ln32" [flashattn.cpp:32]   --->   Operation 61 'getelementptr' 'Q_tile_28_addr' <Predicate = true> <Delay = 0.00>
ST_3 : Operation 62 [1/1] (0.00ns)   --->   "%Q_tile_29_addr = getelementptr i32 %Q_tile_29, i64 0, i64 %zext_ln32" [flashattn.cpp:32]   --->   Operation 62 'getelementptr' 'Q_tile_29_addr' <Predicate = true> <Delay = 0.00>
ST_3 : Operation 63 [1/1] (0.00ns)   --->   "%Q_tile_30_addr = getelementptr i32 %Q_tile_30, i64 0, i64 %zext_ln32" [flashattn.cpp:32]   --->   Operation 63 'getelementptr' 'Q_tile_30_addr' <Predicate = true> <Delay = 0.00>
ST_3 : Operation 64 [1/1] (0.00ns)   --->   "%Q_tile_31_addr = getelementptr i32 %Q_tile_31, i64 0, i64 %zext_ln32" [flashattn.cpp:32]   --->   Operation 64 'getelementptr' 'Q_tile_31_addr' <Predicate = true> <Delay = 0.00>
ST_3 : Operation 65 [1/1] (0.00ns)   --->   "%Q_tile_32_addr = getelementptr i32 %Q_tile_32, i64 0, i64 %zext_ln32" [flashattn.cpp:32]   --->   Operation 65 'getelementptr' 'Q_tile_32_addr' <Predicate = true> <Delay = 0.00>
ST_3 : Operation 66 [1/1] (0.00ns)   --->   "%Q_tile_33_addr = getelementptr i32 %Q_tile_33, i64 0, i64 %zext_ln32" [flashattn.cpp:32]   --->   Operation 66 'getelementptr' 'Q_tile_33_addr' <Predicate = true> <Delay = 0.00>
ST_3 : Operation 67 [1/1] (0.00ns)   --->   "%Q_tile_34_addr = getelementptr i32 %Q_tile_34, i64 0, i64 %zext_ln32" [flashattn.cpp:32]   --->   Operation 67 'getelementptr' 'Q_tile_34_addr' <Predicate = true> <Delay = 0.00>
ST_3 : Operation 68 [1/1] (0.00ns)   --->   "%Q_tile_35_addr = getelementptr i32 %Q_tile_35, i64 0, i64 %zext_ln32" [flashattn.cpp:32]   --->   Operation 68 'getelementptr' 'Q_tile_35_addr' <Predicate = true> <Delay = 0.00>
ST_3 : Operation 69 [1/1] (0.00ns)   --->   "%Q_tile_36_addr = getelementptr i32 %Q_tile_36, i64 0, i64 %zext_ln32" [flashattn.cpp:32]   --->   Operation 69 'getelementptr' 'Q_tile_36_addr' <Predicate = true> <Delay = 0.00>
ST_3 : Operation 70 [1/1] (0.00ns)   --->   "%Q_tile_37_addr = getelementptr i32 %Q_tile_37, i64 0, i64 %zext_ln32" [flashattn.cpp:32]   --->   Operation 70 'getelementptr' 'Q_tile_37_addr' <Predicate = true> <Delay = 0.00>
ST_3 : Operation 71 [1/1] (0.00ns)   --->   "%Q_tile_38_addr = getelementptr i32 %Q_tile_38, i64 0, i64 %zext_ln32" [flashattn.cpp:32]   --->   Operation 71 'getelementptr' 'Q_tile_38_addr' <Predicate = true> <Delay = 0.00>
ST_3 : Operation 72 [1/1] (0.00ns)   --->   "%Q_tile_39_addr = getelementptr i32 %Q_tile_39, i64 0, i64 %zext_ln32" [flashattn.cpp:32]   --->   Operation 72 'getelementptr' 'Q_tile_39_addr' <Predicate = true> <Delay = 0.00>
ST_3 : Operation 73 [1/1] (0.00ns)   --->   "%Q_tile_40_addr = getelementptr i32 %Q_tile_40, i64 0, i64 %zext_ln32" [flashattn.cpp:32]   --->   Operation 73 'getelementptr' 'Q_tile_40_addr' <Predicate = true> <Delay = 0.00>
ST_3 : Operation 74 [1/1] (0.00ns)   --->   "%Q_tile_41_addr = getelementptr i32 %Q_tile_41, i64 0, i64 %zext_ln32" [flashattn.cpp:32]   --->   Operation 74 'getelementptr' 'Q_tile_41_addr' <Predicate = true> <Delay = 0.00>
ST_3 : Operation 75 [1/1] (0.00ns)   --->   "%Q_tile_42_addr = getelementptr i32 %Q_tile_42, i64 0, i64 %zext_ln32" [flashattn.cpp:32]   --->   Operation 75 'getelementptr' 'Q_tile_42_addr' <Predicate = true> <Delay = 0.00>
ST_3 : Operation 76 [1/1] (0.00ns)   --->   "%Q_tile_43_addr = getelementptr i32 %Q_tile_43, i64 0, i64 %zext_ln32" [flashattn.cpp:32]   --->   Operation 76 'getelementptr' 'Q_tile_43_addr' <Predicate = true> <Delay = 0.00>
ST_3 : Operation 77 [1/1] (0.00ns)   --->   "%Q_tile_44_addr = getelementptr i32 %Q_tile_44, i64 0, i64 %zext_ln32" [flashattn.cpp:32]   --->   Operation 77 'getelementptr' 'Q_tile_44_addr' <Predicate = true> <Delay = 0.00>
ST_3 : Operation 78 [1/1] (0.00ns)   --->   "%Q_tile_45_addr = getelementptr i32 %Q_tile_45, i64 0, i64 %zext_ln32" [flashattn.cpp:32]   --->   Operation 78 'getelementptr' 'Q_tile_45_addr' <Predicate = true> <Delay = 0.00>
ST_3 : Operation 79 [1/1] (0.00ns)   --->   "%Q_tile_46_addr = getelementptr i32 %Q_tile_46, i64 0, i64 %zext_ln32" [flashattn.cpp:32]   --->   Operation 79 'getelementptr' 'Q_tile_46_addr' <Predicate = true> <Delay = 0.00>
ST_3 : Operation 80 [1/1] (0.00ns)   --->   "%Q_tile_47_addr = getelementptr i32 %Q_tile_47, i64 0, i64 %zext_ln32" [flashattn.cpp:32]   --->   Operation 80 'getelementptr' 'Q_tile_47_addr' <Predicate = true> <Delay = 0.00>
ST_3 : Operation 81 [1/1] (0.00ns)   --->   "%Q_tile_48_addr = getelementptr i32 %Q_tile_48, i64 0, i64 %zext_ln32" [flashattn.cpp:32]   --->   Operation 81 'getelementptr' 'Q_tile_48_addr' <Predicate = true> <Delay = 0.00>
ST_3 : Operation 82 [1/1] (0.00ns)   --->   "%Q_tile_49_addr = getelementptr i32 %Q_tile_49, i64 0, i64 %zext_ln32" [flashattn.cpp:32]   --->   Operation 82 'getelementptr' 'Q_tile_49_addr' <Predicate = true> <Delay = 0.00>
ST_3 : Operation 83 [1/1] (0.00ns)   --->   "%Q_tile_50_addr = getelementptr i32 %Q_tile_50, i64 0, i64 %zext_ln32" [flashattn.cpp:32]   --->   Operation 83 'getelementptr' 'Q_tile_50_addr' <Predicate = true> <Delay = 0.00>
ST_3 : Operation 84 [1/1] (0.00ns)   --->   "%Q_tile_51_addr = getelementptr i32 %Q_tile_51, i64 0, i64 %zext_ln32" [flashattn.cpp:32]   --->   Operation 84 'getelementptr' 'Q_tile_51_addr' <Predicate = true> <Delay = 0.00>
ST_3 : Operation 85 [1/1] (0.00ns)   --->   "%Q_tile_52_addr = getelementptr i32 %Q_tile_52, i64 0, i64 %zext_ln32" [flashattn.cpp:32]   --->   Operation 85 'getelementptr' 'Q_tile_52_addr' <Predicate = true> <Delay = 0.00>
ST_3 : Operation 86 [1/1] (0.00ns)   --->   "%Q_tile_53_addr = getelementptr i32 %Q_tile_53, i64 0, i64 %zext_ln32" [flashattn.cpp:32]   --->   Operation 86 'getelementptr' 'Q_tile_53_addr' <Predicate = true> <Delay = 0.00>
ST_3 : Operation 87 [1/1] (0.00ns)   --->   "%Q_tile_54_addr = getelementptr i32 %Q_tile_54, i64 0, i64 %zext_ln32" [flashattn.cpp:32]   --->   Operation 87 'getelementptr' 'Q_tile_54_addr' <Predicate = true> <Delay = 0.00>
ST_3 : Operation 88 [1/1] (0.00ns)   --->   "%Q_tile_55_addr = getelementptr i32 %Q_tile_55, i64 0, i64 %zext_ln32" [flashattn.cpp:32]   --->   Operation 88 'getelementptr' 'Q_tile_55_addr' <Predicate = true> <Delay = 0.00>
ST_3 : Operation 89 [1/1] (0.00ns)   --->   "%Q_tile_56_addr = getelementptr i32 %Q_tile_56, i64 0, i64 %zext_ln32" [flashattn.cpp:32]   --->   Operation 89 'getelementptr' 'Q_tile_56_addr' <Predicate = true> <Delay = 0.00>
ST_3 : Operation 90 [1/1] (0.00ns)   --->   "%Q_tile_57_addr = getelementptr i32 %Q_tile_57, i64 0, i64 %zext_ln32" [flashattn.cpp:32]   --->   Operation 90 'getelementptr' 'Q_tile_57_addr' <Predicate = true> <Delay = 0.00>
ST_3 : Operation 91 [1/1] (0.00ns)   --->   "%Q_tile_58_addr = getelementptr i32 %Q_tile_58, i64 0, i64 %zext_ln32" [flashattn.cpp:32]   --->   Operation 91 'getelementptr' 'Q_tile_58_addr' <Predicate = true> <Delay = 0.00>
ST_3 : Operation 92 [1/1] (0.00ns)   --->   "%Q_tile_59_addr = getelementptr i32 %Q_tile_59, i64 0, i64 %zext_ln32" [flashattn.cpp:32]   --->   Operation 92 'getelementptr' 'Q_tile_59_addr' <Predicate = true> <Delay = 0.00>
ST_3 : Operation 93 [1/1] (0.00ns)   --->   "%Q_tile_60_addr = getelementptr i32 %Q_tile_60, i64 0, i64 %zext_ln32" [flashattn.cpp:32]   --->   Operation 93 'getelementptr' 'Q_tile_60_addr' <Predicate = true> <Delay = 0.00>
ST_3 : Operation 94 [1/1] (0.00ns)   --->   "%Q_tile_61_addr = getelementptr i32 %Q_tile_61, i64 0, i64 %zext_ln32" [flashattn.cpp:32]   --->   Operation 94 'getelementptr' 'Q_tile_61_addr' <Predicate = true> <Delay = 0.00>
ST_3 : Operation 95 [1/1] (0.00ns)   --->   "%Q_tile_62_addr = getelementptr i32 %Q_tile_62, i64 0, i64 %zext_ln32" [flashattn.cpp:32]   --->   Operation 95 'getelementptr' 'Q_tile_62_addr' <Predicate = true> <Delay = 0.00>
ST_3 : Operation 96 [1/1] (0.00ns)   --->   "%Q_tile_63_addr = getelementptr i32 %Q_tile_63, i64 0, i64 %zext_ln32" [flashattn.cpp:32]   --->   Operation 96 'getelementptr' 'Q_tile_63_addr' <Predicate = true> <Delay = 0.00>
ST_3 : Operation 97 [1/1] (0.00ns)   --->   "%specpipeline_ln34 = specpipeline void @_ssdm_op_SpecPipeline, i32 4294967295, i32 0, i32 0, i32 0, void @empty_0" [flashattn.cpp:34]   --->   Operation 97 'specpipeline' 'specpipeline_ln34' <Predicate = true> <Delay = 0.00>
ST_3 : Operation 98 [1/1] (0.00ns)   --->   "%empty = read i41 @_ssdm_op_Read.axis.volatile.i32P0A.i4P0A.i4P0A.i1P0A, i32 %Q_tile_in_V_data_V, i4 %Q_tile_in_V_keep_V, i4 %Q_tile_in_V_strb_V, i1 %Q_tile_in_V_last_V" [flashattn.cpp:36]   --->   Operation 98 'read' 'empty' <Predicate = true> <Delay = 0.00>
ST_3 : Operation 99 [1/1] (0.00ns)   --->   "%p_s = extractvalue i41 %empty" [flashattn.cpp:36]   --->   Operation 99 'extractvalue' 'p_s' <Predicate = true> <Delay = 0.00>
ST_3 : Operation 100 [1/1] (0.00ns)   --->   "%Q_in_data = bitcast i32 %p_s" [flashattn.cpp:36]   --->   Operation 100 'bitcast' 'Q_in_data' <Predicate = true> <Delay = 0.00>
ST_3 : Operation 101 [1/1] ( I:3.25ns O:3.25ns )   --->   "%store_ln37 = store i32 %Q_in_data, i5 %Q_tile_62_addr" [flashattn.cpp:37]   --->   Operation 101 'store' 'store_ln37' <Predicate = (trunc_ln34 == 62)> <Delay = 3.25> <CoreInst = "RAM">   --->   Core 81 'RAM' <Latency = 1> <II = 1> <Delay = 3.25> <Storage> <Opcode : 'load' 'store'> <Ports = 2> <Width = 32> <Depth = 32> <RAM>
ST_3 : Operation 102 [1/1] (0.00ns)   --->   "%br_ln37 = br void %arrayidx1410.exit" [flashattn.cpp:37]   --->   Operation 102 'br' 'br_ln37' <Predicate = (trunc_ln34 == 62)> <Delay = 0.00>
ST_3 : Operation 103 [1/1] ( I:3.25ns O:3.25ns )   --->   "%store_ln37 = store i32 %Q_in_data, i5 %Q_tile_61_addr" [flashattn.cpp:37]   --->   Operation 103 'store' 'store_ln37' <Predicate = (trunc_ln34 == 61)> <Delay = 3.25> <CoreInst = "RAM">   --->   Core 81 'RAM' <Latency = 1> <II = 1> <Delay = 3.25> <Storage> <Opcode : 'load' 'store'> <Ports = 2> <Width = 32> <Depth = 32> <RAM>
ST_3 : Operation 104 [1/1] (0.00ns)   --->   "%br_ln37 = br void %arrayidx1410.exit" [flashattn.cpp:37]   --->   Operation 104 'br' 'br_ln37' <Predicate = (trunc_ln34 == 61)> <Delay = 0.00>
ST_3 : Operation 105 [1/1] ( I:3.25ns O:3.25ns )   --->   "%store_ln37 = store i32 %Q_in_data, i5 %Q_tile_60_addr" [flashattn.cpp:37]   --->   Operation 105 'store' 'store_ln37' <Predicate = (trunc_ln34 == 60)> <Delay = 3.25> <CoreInst = "RAM">   --->   Core 81 'RAM' <Latency = 1> <II = 1> <Delay = 3.25> <Storage> <Opcode : 'load' 'store'> <Ports = 2> <Width = 32> <Depth = 32> <RAM>
ST_3 : Operation 106 [1/1] (0.00ns)   --->   "%br_ln37 = br void %arrayidx1410.exit" [flashattn.cpp:37]   --->   Operation 106 'br' 'br_ln37' <Predicate = (trunc_ln34 == 60)> <Delay = 0.00>
ST_3 : Operation 107 [1/1] ( I:3.25ns O:3.25ns )   --->   "%store_ln37 = store i32 %Q_in_data, i5 %Q_tile_59_addr" [flashattn.cpp:37]   --->   Operation 107 'store' 'store_ln37' <Predicate = (trunc_ln34 == 59)> <Delay = 3.25> <CoreInst = "RAM">   --->   Core 81 'RAM' <Latency = 1> <II = 1> <Delay = 3.25> <Storage> <Opcode : 'load' 'store'> <Ports = 2> <Width = 32> <Depth = 32> <RAM>
ST_3 : Operation 108 [1/1] (0.00ns)   --->   "%br_ln37 = br void %arrayidx1410.exit" [flashattn.cpp:37]   --->   Operation 108 'br' 'br_ln37' <Predicate = (trunc_ln34 == 59)> <Delay = 0.00>
ST_3 : Operation 109 [1/1] ( I:3.25ns O:3.25ns )   --->   "%store_ln37 = store i32 %Q_in_data, i5 %Q_tile_58_addr" [flashattn.cpp:37]   --->   Operation 109 'store' 'store_ln37' <Predicate = (trunc_ln34 == 58)> <Delay = 3.25> <CoreInst = "RAM">   --->   Core 81 'RAM' <Latency = 1> <II = 1> <Delay = 3.25> <Storage> <Opcode : 'load' 'store'> <Ports = 2> <Width = 32> <Depth = 32> <RAM>
ST_3 : Operation 110 [1/1] (0.00ns)   --->   "%br_ln37 = br void %arrayidx1410.exit" [flashattn.cpp:37]   --->   Operation 110 'br' 'br_ln37' <Predicate = (trunc_ln34 == 58)> <Delay = 0.00>
ST_3 : Operation 111 [1/1] ( I:3.25ns O:3.25ns )   --->   "%store_ln37 = store i32 %Q_in_data, i5 %Q_tile_57_addr" [flashattn.cpp:37]   --->   Operation 111 'store' 'store_ln37' <Predicate = (trunc_ln34 == 57)> <Delay = 3.25> <CoreInst = "RAM">   --->   Core 81 'RAM' <Latency = 1> <II = 1> <Delay = 3.25> <Storage> <Opcode : 'load' 'store'> <Ports = 2> <Width = 32> <Depth = 32> <RAM>
ST_3 : Operation 112 [1/1] (0.00ns)   --->   "%br_ln37 = br void %arrayidx1410.exit" [flashattn.cpp:37]   --->   Operation 112 'br' 'br_ln37' <Predicate = (trunc_ln34 == 57)> <Delay = 0.00>
ST_3 : Operation 113 [1/1] ( I:3.25ns O:3.25ns )   --->   "%store_ln37 = store i32 %Q_in_data, i5 %Q_tile_56_addr" [flashattn.cpp:37]   --->   Operation 113 'store' 'store_ln37' <Predicate = (trunc_ln34 == 56)> <Delay = 3.25> <CoreInst = "RAM">   --->   Core 81 'RAM' <Latency = 1> <II = 1> <Delay = 3.25> <Storage> <Opcode : 'load' 'store'> <Ports = 2> <Width = 32> <Depth = 32> <RAM>
ST_3 : Operation 114 [1/1] (0.00ns)   --->   "%br_ln37 = br void %arrayidx1410.exit" [flashattn.cpp:37]   --->   Operation 114 'br' 'br_ln37' <Predicate = (trunc_ln34 == 56)> <Delay = 0.00>
ST_3 : Operation 115 [1/1] ( I:3.25ns O:3.25ns )   --->   "%store_ln37 = store i32 %Q_in_data, i5 %Q_tile_55_addr" [flashattn.cpp:37]   --->   Operation 115 'store' 'store_ln37' <Predicate = (trunc_ln34 == 55)> <Delay = 3.25> <CoreInst = "RAM">   --->   Core 81 'RAM' <Latency = 1> <II = 1> <Delay = 3.25> <Storage> <Opcode : 'load' 'store'> <Ports = 2> <Width = 32> <Depth = 32> <RAM>
ST_3 : Operation 116 [1/1] (0.00ns)   --->   "%br_ln37 = br void %arrayidx1410.exit" [flashattn.cpp:37]   --->   Operation 116 'br' 'br_ln37' <Predicate = (trunc_ln34 == 55)> <Delay = 0.00>
ST_3 : Operation 117 [1/1] ( I:3.25ns O:3.25ns )   --->   "%store_ln37 = store i32 %Q_in_data, i5 %Q_tile_54_addr" [flashattn.cpp:37]   --->   Operation 117 'store' 'store_ln37' <Predicate = (trunc_ln34 == 54)> <Delay = 3.25> <CoreInst = "RAM">   --->   Core 81 'RAM' <Latency = 1> <II = 1> <Delay = 3.25> <Storage> <Opcode : 'load' 'store'> <Ports = 2> <Width = 32> <Depth = 32> <RAM>
ST_3 : Operation 118 [1/1] (0.00ns)   --->   "%br_ln37 = br void %arrayidx1410.exit" [flashattn.cpp:37]   --->   Operation 118 'br' 'br_ln37' <Predicate = (trunc_ln34 == 54)> <Delay = 0.00>
ST_3 : Operation 119 [1/1] ( I:3.25ns O:3.25ns )   --->   "%store_ln37 = store i32 %Q_in_data, i5 %Q_tile_53_addr" [flashattn.cpp:37]   --->   Operation 119 'store' 'store_ln37' <Predicate = (trunc_ln34 == 53)> <Delay = 3.25> <CoreInst = "RAM">   --->   Core 81 'RAM' <Latency = 1> <II = 1> <Delay = 3.25> <Storage> <Opcode : 'load' 'store'> <Ports = 2> <Width = 32> <Depth = 32> <RAM>
ST_3 : Operation 120 [1/1] (0.00ns)   --->   "%br_ln37 = br void %arrayidx1410.exit" [flashattn.cpp:37]   --->   Operation 120 'br' 'br_ln37' <Predicate = (trunc_ln34 == 53)> <Delay = 0.00>
ST_3 : Operation 121 [1/1] ( I:3.25ns O:3.25ns )   --->   "%store_ln37 = store i32 %Q_in_data, i5 %Q_tile_52_addr" [flashattn.cpp:37]   --->   Operation 121 'store' 'store_ln37' <Predicate = (trunc_ln34 == 52)> <Delay = 3.25> <CoreInst = "RAM">   --->   Core 81 'RAM' <Latency = 1> <II = 1> <Delay = 3.25> <Storage> <Opcode : 'load' 'store'> <Ports = 2> <Width = 32> <Depth = 32> <RAM>
ST_3 : Operation 122 [1/1] (0.00ns)   --->   "%br_ln37 = br void %arrayidx1410.exit" [flashattn.cpp:37]   --->   Operation 122 'br' 'br_ln37' <Predicate = (trunc_ln34 == 52)> <Delay = 0.00>
ST_3 : Operation 123 [1/1] ( I:3.25ns O:3.25ns )   --->   "%store_ln37 = store i32 %Q_in_data, i5 %Q_tile_51_addr" [flashattn.cpp:37]   --->   Operation 123 'store' 'store_ln37' <Predicate = (trunc_ln34 == 51)> <Delay = 3.25> <CoreInst = "RAM">   --->   Core 81 'RAM' <Latency = 1> <II = 1> <Delay = 3.25> <Storage> <Opcode : 'load' 'store'> <Ports = 2> <Width = 32> <Depth = 32> <RAM>
ST_3 : Operation 124 [1/1] (0.00ns)   --->   "%br_ln37 = br void %arrayidx1410.exit" [flashattn.cpp:37]   --->   Operation 124 'br' 'br_ln37' <Predicate = (trunc_ln34 == 51)> <Delay = 0.00>
ST_3 : Operation 125 [1/1] ( I:3.25ns O:3.25ns )   --->   "%store_ln37 = store i32 %Q_in_data, i5 %Q_tile_50_addr" [flashattn.cpp:37]   --->   Operation 125 'store' 'store_ln37' <Predicate = (trunc_ln34 == 50)> <Delay = 3.25> <CoreInst = "RAM">   --->   Core 81 'RAM' <Latency = 1> <II = 1> <Delay = 3.25> <Storage> <Opcode : 'load' 'store'> <Ports = 2> <Width = 32> <Depth = 32> <RAM>
ST_3 : Operation 126 [1/1] (0.00ns)   --->   "%br_ln37 = br void %arrayidx1410.exit" [flashattn.cpp:37]   --->   Operation 126 'br' 'br_ln37' <Predicate = (trunc_ln34 == 50)> <Delay = 0.00>
ST_3 : Operation 127 [1/1] ( I:3.25ns O:3.25ns )   --->   "%store_ln37 = store i32 %Q_in_data, i5 %Q_tile_49_addr" [flashattn.cpp:37]   --->   Operation 127 'store' 'store_ln37' <Predicate = (trunc_ln34 == 49)> <Delay = 3.25> <CoreInst = "RAM">   --->   Core 81 'RAM' <Latency = 1> <II = 1> <Delay = 3.25> <Storage> <Opcode : 'load' 'store'> <Ports = 2> <Width = 32> <Depth = 32> <RAM>
ST_3 : Operation 128 [1/1] (0.00ns)   --->   "%br_ln37 = br void %arrayidx1410.exit" [flashattn.cpp:37]   --->   Operation 128 'br' 'br_ln37' <Predicate = (trunc_ln34 == 49)> <Delay = 0.00>
ST_3 : Operation 129 [1/1] ( I:3.25ns O:3.25ns )   --->   "%store_ln37 = store i32 %Q_in_data, i5 %Q_tile_48_addr" [flashattn.cpp:37]   --->   Operation 129 'store' 'store_ln37' <Predicate = (trunc_ln34 == 48)> <Delay = 3.25> <CoreInst = "RAM">   --->   Core 81 'RAM' <Latency = 1> <II = 1> <Delay = 3.25> <Storage> <Opcode : 'load' 'store'> <Ports = 2> <Width = 32> <Depth = 32> <RAM>
ST_3 : Operation 130 [1/1] (0.00ns)   --->   "%br_ln37 = br void %arrayidx1410.exit" [flashattn.cpp:37]   --->   Operation 130 'br' 'br_ln37' <Predicate = (trunc_ln34 == 48)> <Delay = 0.00>
ST_3 : Operation 131 [1/1] ( I:3.25ns O:3.25ns )   --->   "%store_ln37 = store i32 %Q_in_data, i5 %Q_tile_47_addr" [flashattn.cpp:37]   --->   Operation 131 'store' 'store_ln37' <Predicate = (trunc_ln34 == 47)> <Delay = 3.25> <CoreInst = "RAM">   --->   Core 81 'RAM' <Latency = 1> <II = 1> <Delay = 3.25> <Storage> <Opcode : 'load' 'store'> <Ports = 2> <Width = 32> <Depth = 32> <RAM>
ST_3 : Operation 132 [1/1] (0.00ns)   --->   "%br_ln37 = br void %arrayidx1410.exit" [flashattn.cpp:37]   --->   Operation 132 'br' 'br_ln37' <Predicate = (trunc_ln34 == 47)> <Delay = 0.00>
ST_3 : Operation 133 [1/1] ( I:3.25ns O:3.25ns )   --->   "%store_ln37 = store i32 %Q_in_data, i5 %Q_tile_46_addr" [flashattn.cpp:37]   --->   Operation 133 'store' 'store_ln37' <Predicate = (trunc_ln34 == 46)> <Delay = 3.25> <CoreInst = "RAM">   --->   Core 81 'RAM' <Latency = 1> <II = 1> <Delay = 3.25> <Storage> <Opcode : 'load' 'store'> <Ports = 2> <Width = 32> <Depth = 32> <RAM>
ST_3 : Operation 134 [1/1] (0.00ns)   --->   "%br_ln37 = br void %arrayidx1410.exit" [flashattn.cpp:37]   --->   Operation 134 'br' 'br_ln37' <Predicate = (trunc_ln34 == 46)> <Delay = 0.00>
ST_3 : Operation 135 [1/1] ( I:3.25ns O:3.25ns )   --->   "%store_ln37 = store i32 %Q_in_data, i5 %Q_tile_45_addr" [flashattn.cpp:37]   --->   Operation 135 'store' 'store_ln37' <Predicate = (trunc_ln34 == 45)> <Delay = 3.25> <CoreInst = "RAM">   --->   Core 81 'RAM' <Latency = 1> <II = 1> <Delay = 3.25> <Storage> <Opcode : 'load' 'store'> <Ports = 2> <Width = 32> <Depth = 32> <RAM>
ST_3 : Operation 136 [1/1] (0.00ns)   --->   "%br_ln37 = br void %arrayidx1410.exit" [flashattn.cpp:37]   --->   Operation 136 'br' 'br_ln37' <Predicate = (trunc_ln34 == 45)> <Delay = 0.00>
ST_3 : Operation 137 [1/1] ( I:3.25ns O:3.25ns )   --->   "%store_ln37 = store i32 %Q_in_data, i5 %Q_tile_44_addr" [flashattn.cpp:37]   --->   Operation 137 'store' 'store_ln37' <Predicate = (trunc_ln34 == 44)> <Delay = 3.25> <CoreInst = "RAM">   --->   Core 81 'RAM' <Latency = 1> <II = 1> <Delay = 3.25> <Storage> <Opcode : 'load' 'store'> <Ports = 2> <Width = 32> <Depth = 32> <RAM>
ST_3 : Operation 138 [1/1] (0.00ns)   --->   "%br_ln37 = br void %arrayidx1410.exit" [flashattn.cpp:37]   --->   Operation 138 'br' 'br_ln37' <Predicate = (trunc_ln34 == 44)> <Delay = 0.00>
ST_3 : Operation 139 [1/1] ( I:3.25ns O:3.25ns )   --->   "%store_ln37 = store i32 %Q_in_data, i5 %Q_tile_43_addr" [flashattn.cpp:37]   --->   Operation 139 'store' 'store_ln37' <Predicate = (trunc_ln34 == 43)> <Delay = 3.25> <CoreInst = "RAM">   --->   Core 81 'RAM' <Latency = 1> <II = 1> <Delay = 3.25> <Storage> <Opcode : 'load' 'store'> <Ports = 2> <Width = 32> <Depth = 32> <RAM>
ST_3 : Operation 140 [1/1] (0.00ns)   --->   "%br_ln37 = br void %arrayidx1410.exit" [flashattn.cpp:37]   --->   Operation 140 'br' 'br_ln37' <Predicate = (trunc_ln34 == 43)> <Delay = 0.00>
ST_3 : Operation 141 [1/1] ( I:3.25ns O:3.25ns )   --->   "%store_ln37 = store i32 %Q_in_data, i5 %Q_tile_42_addr" [flashattn.cpp:37]   --->   Operation 141 'store' 'store_ln37' <Predicate = (trunc_ln34 == 42)> <Delay = 3.25> <CoreInst = "RAM">   --->   Core 81 'RAM' <Latency = 1> <II = 1> <Delay = 3.25> <Storage> <Opcode : 'load' 'store'> <Ports = 2> <Width = 32> <Depth = 32> <RAM>
ST_3 : Operation 142 [1/1] (0.00ns)   --->   "%br_ln37 = br void %arrayidx1410.exit" [flashattn.cpp:37]   --->   Operation 142 'br' 'br_ln37' <Predicate = (trunc_ln34 == 42)> <Delay = 0.00>
ST_3 : Operation 143 [1/1] ( I:3.25ns O:3.25ns )   --->   "%store_ln37 = store i32 %Q_in_data, i5 %Q_tile_41_addr" [flashattn.cpp:37]   --->   Operation 143 'store' 'store_ln37' <Predicate = (trunc_ln34 == 41)> <Delay = 3.25> <CoreInst = "RAM">   --->   Core 81 'RAM' <Latency = 1> <II = 1> <Delay = 3.25> <Storage> <Opcode : 'load' 'store'> <Ports = 2> <Width = 32> <Depth = 32> <RAM>
ST_3 : Operation 144 [1/1] (0.00ns)   --->   "%br_ln37 = br void %arrayidx1410.exit" [flashattn.cpp:37]   --->   Operation 144 'br' 'br_ln37' <Predicate = (trunc_ln34 == 41)> <Delay = 0.00>
ST_3 : Operation 145 [1/1] ( I:3.25ns O:3.25ns )   --->   "%store_ln37 = store i32 %Q_in_data, i5 %Q_tile_40_addr" [flashattn.cpp:37]   --->   Operation 145 'store' 'store_ln37' <Predicate = (trunc_ln34 == 40)> <Delay = 3.25> <CoreInst = "RAM">   --->   Core 81 'RAM' <Latency = 1> <II = 1> <Delay = 3.25> <Storage> <Opcode : 'load' 'store'> <Ports = 2> <Width = 32> <Depth = 32> <RAM>
ST_3 : Operation 146 [1/1] (0.00ns)   --->   "%br_ln37 = br void %arrayidx1410.exit" [flashattn.cpp:37]   --->   Operation 146 'br' 'br_ln37' <Predicate = (trunc_ln34 == 40)> <Delay = 0.00>
ST_3 : Operation 147 [1/1] ( I:3.25ns O:3.25ns )   --->   "%store_ln37 = store i32 %Q_in_data, i5 %Q_tile_39_addr" [flashattn.cpp:37]   --->   Operation 147 'store' 'store_ln37' <Predicate = (trunc_ln34 == 39)> <Delay = 3.25> <CoreInst = "RAM">   --->   Core 81 'RAM' <Latency = 1> <II = 1> <Delay = 3.25> <Storage> <Opcode : 'load' 'store'> <Ports = 2> <Width = 32> <Depth = 32> <RAM>
ST_3 : Operation 148 [1/1] (0.00ns)   --->   "%br_ln37 = br void %arrayidx1410.exit" [flashattn.cpp:37]   --->   Operation 148 'br' 'br_ln37' <Predicate = (trunc_ln34 == 39)> <Delay = 0.00>
ST_3 : Operation 149 [1/1] ( I:3.25ns O:3.25ns )   --->   "%store_ln37 = store i32 %Q_in_data, i5 %Q_tile_38_addr" [flashattn.cpp:37]   --->   Operation 149 'store' 'store_ln37' <Predicate = (trunc_ln34 == 38)> <Delay = 3.25> <CoreInst = "RAM">   --->   Core 81 'RAM' <Latency = 1> <II = 1> <Delay = 3.25> <Storage> <Opcode : 'load' 'store'> <Ports = 2> <Width = 32> <Depth = 32> <RAM>
ST_3 : Operation 150 [1/1] (0.00ns)   --->   "%br_ln37 = br void %arrayidx1410.exit" [flashattn.cpp:37]   --->   Operation 150 'br' 'br_ln37' <Predicate = (trunc_ln34 == 38)> <Delay = 0.00>
ST_3 : Operation 151 [1/1] ( I:3.25ns O:3.25ns )   --->   "%store_ln37 = store i32 %Q_in_data, i5 %Q_tile_37_addr" [flashattn.cpp:37]   --->   Operation 151 'store' 'store_ln37' <Predicate = (trunc_ln34 == 37)> <Delay = 3.25> <CoreInst = "RAM">   --->   Core 81 'RAM' <Latency = 1> <II = 1> <Delay = 3.25> <Storage> <Opcode : 'load' 'store'> <Ports = 2> <Width = 32> <Depth = 32> <RAM>
ST_3 : Operation 152 [1/1] (0.00ns)   --->   "%br_ln37 = br void %arrayidx1410.exit" [flashattn.cpp:37]   --->   Operation 152 'br' 'br_ln37' <Predicate = (trunc_ln34 == 37)> <Delay = 0.00>
ST_3 : Operation 153 [1/1] ( I:3.25ns O:3.25ns )   --->   "%store_ln37 = store i32 %Q_in_data, i5 %Q_tile_36_addr" [flashattn.cpp:37]   --->   Operation 153 'store' 'store_ln37' <Predicate = (trunc_ln34 == 36)> <Delay = 3.25> <CoreInst = "RAM">   --->   Core 81 'RAM' <Latency = 1> <II = 1> <Delay = 3.25> <Storage> <Opcode : 'load' 'store'> <Ports = 2> <Width = 32> <Depth = 32> <RAM>
ST_3 : Operation 154 [1/1] (0.00ns)   --->   "%br_ln37 = br void %arrayidx1410.exit" [flashattn.cpp:37]   --->   Operation 154 'br' 'br_ln37' <Predicate = (trunc_ln34 == 36)> <Delay = 0.00>
ST_3 : Operation 155 [1/1] ( I:3.25ns O:3.25ns )   --->   "%store_ln37 = store i32 %Q_in_data, i5 %Q_tile_35_addr" [flashattn.cpp:37]   --->   Operation 155 'store' 'store_ln37' <Predicate = (trunc_ln34 == 35)> <Delay = 3.25> <CoreInst = "RAM">   --->   Core 81 'RAM' <Latency = 1> <II = 1> <Delay = 3.25> <Storage> <Opcode : 'load' 'store'> <Ports = 2> <Width = 32> <Depth = 32> <RAM>
ST_3 : Operation 156 [1/1] (0.00ns)   --->   "%br_ln37 = br void %arrayidx1410.exit" [flashattn.cpp:37]   --->   Operation 156 'br' 'br_ln37' <Predicate = (trunc_ln34 == 35)> <Delay = 0.00>
ST_3 : Operation 157 [1/1] ( I:3.25ns O:3.25ns )   --->   "%store_ln37 = store i32 %Q_in_data, i5 %Q_tile_34_addr" [flashattn.cpp:37]   --->   Operation 157 'store' 'store_ln37' <Predicate = (trunc_ln34 == 34)> <Delay = 3.25> <CoreInst = "RAM">   --->   Core 81 'RAM' <Latency = 1> <II = 1> <Delay = 3.25> <Storage> <Opcode : 'load' 'store'> <Ports = 2> <Width = 32> <Depth = 32> <RAM>
ST_3 : Operation 158 [1/1] (0.00ns)   --->   "%br_ln37 = br void %arrayidx1410.exit" [flashattn.cpp:37]   --->   Operation 158 'br' 'br_ln37' <Predicate = (trunc_ln34 == 34)> <Delay = 0.00>
ST_3 : Operation 159 [1/1] ( I:3.25ns O:3.25ns )   --->   "%store_ln37 = store i32 %Q_in_data, i5 %Q_tile_33_addr" [flashattn.cpp:37]   --->   Operation 159 'store' 'store_ln37' <Predicate = (trunc_ln34 == 33)> <Delay = 3.25> <CoreInst = "RAM">   --->   Core 81 'RAM' <Latency = 1> <II = 1> <Delay = 3.25> <Storage> <Opcode : 'load' 'store'> <Ports = 2> <Width = 32> <Depth = 32> <RAM>
ST_3 : Operation 160 [1/1] (0.00ns)   --->   "%br_ln37 = br void %arrayidx1410.exit" [flashattn.cpp:37]   --->   Operation 160 'br' 'br_ln37' <Predicate = (trunc_ln34 == 33)> <Delay = 0.00>
ST_3 : Operation 161 [1/1] ( I:3.25ns O:3.25ns )   --->   "%store_ln37 = store i32 %Q_in_data, i5 %Q_tile_32_addr" [flashattn.cpp:37]   --->   Operation 161 'store' 'store_ln37' <Predicate = (trunc_ln34 == 32)> <Delay = 3.25> <CoreInst = "RAM">   --->   Core 81 'RAM' <Latency = 1> <II = 1> <Delay = 3.25> <Storage> <Opcode : 'load' 'store'> <Ports = 2> <Width = 32> <Depth = 32> <RAM>
ST_3 : Operation 162 [1/1] (0.00ns)   --->   "%br_ln37 = br void %arrayidx1410.exit" [flashattn.cpp:37]   --->   Operation 162 'br' 'br_ln37' <Predicate = (trunc_ln34 == 32)> <Delay = 0.00>
ST_3 : Operation 163 [1/1] ( I:3.25ns O:3.25ns )   --->   "%store_ln37 = store i32 %Q_in_data, i5 %Q_tile_31_addr" [flashattn.cpp:37]   --->   Operation 163 'store' 'store_ln37' <Predicate = (trunc_ln34 == 31)> <Delay = 3.25> <CoreInst = "RAM">   --->   Core 81 'RAM' <Latency = 1> <II = 1> <Delay = 3.25> <Storage> <Opcode : 'load' 'store'> <Ports = 2> <Width = 32> <Depth = 32> <RAM>
ST_3 : Operation 164 [1/1] (0.00ns)   --->   "%br_ln37 = br void %arrayidx1410.exit" [flashattn.cpp:37]   --->   Operation 164 'br' 'br_ln37' <Predicate = (trunc_ln34 == 31)> <Delay = 0.00>
ST_3 : Operation 165 [1/1] ( I:3.25ns O:3.25ns )   --->   "%store_ln37 = store i32 %Q_in_data, i5 %Q_tile_30_addr" [flashattn.cpp:37]   --->   Operation 165 'store' 'store_ln37' <Predicate = (trunc_ln34 == 30)> <Delay = 3.25> <CoreInst = "RAM">   --->   Core 81 'RAM' <Latency = 1> <II = 1> <Delay = 3.25> <Storage> <Opcode : 'load' 'store'> <Ports = 2> <Width = 32> <Depth = 32> <RAM>
ST_3 : Operation 166 [1/1] (0.00ns)   --->   "%br_ln37 = br void %arrayidx1410.exit" [flashattn.cpp:37]   --->   Operation 166 'br' 'br_ln37' <Predicate = (trunc_ln34 == 30)> <Delay = 0.00>
ST_3 : Operation 167 [1/1] ( I:3.25ns O:3.25ns )   --->   "%store_ln37 = store i32 %Q_in_data, i5 %Q_tile_29_addr" [flashattn.cpp:37]   --->   Operation 167 'store' 'store_ln37' <Predicate = (trunc_ln34 == 29)> <Delay = 3.25> <CoreInst = "RAM">   --->   Core 81 'RAM' <Latency = 1> <II = 1> <Delay = 3.25> <Storage> <Opcode : 'load' 'store'> <Ports = 2> <Width = 32> <Depth = 32> <RAM>
ST_3 : Operation 168 [1/1] (0.00ns)   --->   "%br_ln37 = br void %arrayidx1410.exit" [flashattn.cpp:37]   --->   Operation 168 'br' 'br_ln37' <Predicate = (trunc_ln34 == 29)> <Delay = 0.00>
ST_3 : Operation 169 [1/1] ( I:3.25ns O:3.25ns )   --->   "%store_ln37 = store i32 %Q_in_data, i5 %Q_tile_28_addr" [flashattn.cpp:37]   --->   Operation 169 'store' 'store_ln37' <Predicate = (trunc_ln34 == 28)> <Delay = 3.25> <CoreInst = "RAM">   --->   Core 81 'RAM' <Latency = 1> <II = 1> <Delay = 3.25> <Storage> <Opcode : 'load' 'store'> <Ports = 2> <Width = 32> <Depth = 32> <RAM>
ST_3 : Operation 170 [1/1] (0.00ns)   --->   "%br_ln37 = br void %arrayidx1410.exit" [flashattn.cpp:37]   --->   Operation 170 'br' 'br_ln37' <Predicate = (trunc_ln34 == 28)> <Delay = 0.00>
ST_3 : Operation 171 [1/1] ( I:3.25ns O:3.25ns )   --->   "%store_ln37 = store i32 %Q_in_data, i5 %Q_tile_27_addr" [flashattn.cpp:37]   --->   Operation 171 'store' 'store_ln37' <Predicate = (trunc_ln34 == 27)> <Delay = 3.25> <CoreInst = "RAM">   --->   Core 81 'RAM' <Latency = 1> <II = 1> <Delay = 3.25> <Storage> <Opcode : 'load' 'store'> <Ports = 2> <Width = 32> <Depth = 32> <RAM>
ST_3 : Operation 172 [1/1] (0.00ns)   --->   "%br_ln37 = br void %arrayidx1410.exit" [flashattn.cpp:37]   --->   Operation 172 'br' 'br_ln37' <Predicate = (trunc_ln34 == 27)> <Delay = 0.00>
ST_3 : Operation 173 [1/1] ( I:3.25ns O:3.25ns )   --->   "%store_ln37 = store i32 %Q_in_data, i5 %Q_tile_26_addr" [flashattn.cpp:37]   --->   Operation 173 'store' 'store_ln37' <Predicate = (trunc_ln34 == 26)> <Delay = 3.25> <CoreInst = "RAM">   --->   Core 81 'RAM' <Latency = 1> <II = 1> <Delay = 3.25> <Storage> <Opcode : 'load' 'store'> <Ports = 2> <Width = 32> <Depth = 32> <RAM>
ST_3 : Operation 174 [1/1] (0.00ns)   --->   "%br_ln37 = br void %arrayidx1410.exit" [flashattn.cpp:37]   --->   Operation 174 'br' 'br_ln37' <Predicate = (trunc_ln34 == 26)> <Delay = 0.00>
ST_3 : Operation 175 [1/1] ( I:3.25ns O:3.25ns )   --->   "%store_ln37 = store i32 %Q_in_data, i5 %Q_tile_25_addr" [flashattn.cpp:37]   --->   Operation 175 'store' 'store_ln37' <Predicate = (trunc_ln34 == 25)> <Delay = 3.25> <CoreInst = "RAM">   --->   Core 81 'RAM' <Latency = 1> <II = 1> <Delay = 3.25> <Storage> <Opcode : 'load' 'store'> <Ports = 2> <Width = 32> <Depth = 32> <RAM>
ST_3 : Operation 176 [1/1] (0.00ns)   --->   "%br_ln37 = br void %arrayidx1410.exit" [flashattn.cpp:37]   --->   Operation 176 'br' 'br_ln37' <Predicate = (trunc_ln34 == 25)> <Delay = 0.00>
ST_3 : Operation 177 [1/1] ( I:3.25ns O:3.25ns )   --->   "%store_ln37 = store i32 %Q_in_data, i5 %Q_tile_24_addr" [flashattn.cpp:37]   --->   Operation 177 'store' 'store_ln37' <Predicate = (trunc_ln34 == 24)> <Delay = 3.25> <CoreInst = "RAM">   --->   Core 81 'RAM' <Latency = 1> <II = 1> <Delay = 3.25> <Storage> <Opcode : 'load' 'store'> <Ports = 2> <Width = 32> <Depth = 32> <RAM>
ST_3 : Operation 178 [1/1] (0.00ns)   --->   "%br_ln37 = br void %arrayidx1410.exit" [flashattn.cpp:37]   --->   Operation 178 'br' 'br_ln37' <Predicate = (trunc_ln34 == 24)> <Delay = 0.00>
ST_3 : Operation 179 [1/1] ( I:3.25ns O:3.25ns )   --->   "%store_ln37 = store i32 %Q_in_data, i5 %Q_tile_23_addr" [flashattn.cpp:37]   --->   Operation 179 'store' 'store_ln37' <Predicate = (trunc_ln34 == 23)> <Delay = 3.25> <CoreInst = "RAM">   --->   Core 81 'RAM' <Latency = 1> <II = 1> <Delay = 3.25> <Storage> <Opcode : 'load' 'store'> <Ports = 2> <Width = 32> <Depth = 32> <RAM>
ST_3 : Operation 180 [1/1] (0.00ns)   --->   "%br_ln37 = br void %arrayidx1410.exit" [flashattn.cpp:37]   --->   Operation 180 'br' 'br_ln37' <Predicate = (trunc_ln34 == 23)> <Delay = 0.00>
ST_3 : Operation 181 [1/1] ( I:3.25ns O:3.25ns )   --->   "%store_ln37 = store i32 %Q_in_data, i5 %Q_tile_22_addr" [flashattn.cpp:37]   --->   Operation 181 'store' 'store_ln37' <Predicate = (trunc_ln34 == 22)> <Delay = 3.25> <CoreInst = "RAM">   --->   Core 81 'RAM' <Latency = 1> <II = 1> <Delay = 3.25> <Storage> <Opcode : 'load' 'store'> <Ports = 2> <Width = 32> <Depth = 32> <RAM>
ST_3 : Operation 182 [1/1] (0.00ns)   --->   "%br_ln37 = br void %arrayidx1410.exit" [flashattn.cpp:37]   --->   Operation 182 'br' 'br_ln37' <Predicate = (trunc_ln34 == 22)> <Delay = 0.00>
ST_3 : Operation 183 [1/1] ( I:3.25ns O:3.25ns )   --->   "%store_ln37 = store i32 %Q_in_data, i5 %Q_tile_21_addr" [flashattn.cpp:37]   --->   Operation 183 'store' 'store_ln37' <Predicate = (trunc_ln34 == 21)> <Delay = 3.25> <CoreInst = "RAM">   --->   Core 81 'RAM' <Latency = 1> <II = 1> <Delay = 3.25> <Storage> <Opcode : 'load' 'store'> <Ports = 2> <Width = 32> <Depth = 32> <RAM>
ST_3 : Operation 184 [1/1] (0.00ns)   --->   "%br_ln37 = br void %arrayidx1410.exit" [flashattn.cpp:37]   --->   Operation 184 'br' 'br_ln37' <Predicate = (trunc_ln34 == 21)> <Delay = 0.00>
ST_3 : Operation 185 [1/1] ( I:3.25ns O:3.25ns )   --->   "%store_ln37 = store i32 %Q_in_data, i5 %Q_tile_20_addr" [flashattn.cpp:37]   --->   Operation 185 'store' 'store_ln37' <Predicate = (trunc_ln34 == 20)> <Delay = 3.25> <CoreInst = "RAM">   --->   Core 81 'RAM' <Latency = 1> <II = 1> <Delay = 3.25> <Storage> <Opcode : 'load' 'store'> <Ports = 2> <Width = 32> <Depth = 32> <RAM>
ST_3 : Operation 186 [1/1] (0.00ns)   --->   "%br_ln37 = br void %arrayidx1410.exit" [flashattn.cpp:37]   --->   Operation 186 'br' 'br_ln37' <Predicate = (trunc_ln34 == 20)> <Delay = 0.00>
ST_3 : Operation 187 [1/1] ( I:3.25ns O:3.25ns )   --->   "%store_ln37 = store i32 %Q_in_data, i5 %Q_tile_19_addr" [flashattn.cpp:37]   --->   Operation 187 'store' 'store_ln37' <Predicate = (trunc_ln34 == 19)> <Delay = 3.25> <CoreInst = "RAM">   --->   Core 81 'RAM' <Latency = 1> <II = 1> <Delay = 3.25> <Storage> <Opcode : 'load' 'store'> <Ports = 2> <Width = 32> <Depth = 32> <RAM>
ST_3 : Operation 188 [1/1] (0.00ns)   --->   "%br_ln37 = br void %arrayidx1410.exit" [flashattn.cpp:37]   --->   Operation 188 'br' 'br_ln37' <Predicate = (trunc_ln34 == 19)> <Delay = 0.00>
ST_3 : Operation 189 [1/1] ( I:3.25ns O:3.25ns )   --->   "%store_ln37 = store i32 %Q_in_data, i5 %Q_tile_18_addr" [flashattn.cpp:37]   --->   Operation 189 'store' 'store_ln37' <Predicate = (trunc_ln34 == 18)> <Delay = 3.25> <CoreInst = "RAM">   --->   Core 81 'RAM' <Latency = 1> <II = 1> <Delay = 3.25> <Storage> <Opcode : 'load' 'store'> <Ports = 2> <Width = 32> <Depth = 32> <RAM>
ST_3 : Operation 190 [1/1] (0.00ns)   --->   "%br_ln37 = br void %arrayidx1410.exit" [flashattn.cpp:37]   --->   Operation 190 'br' 'br_ln37' <Predicate = (trunc_ln34 == 18)> <Delay = 0.00>
ST_3 : Operation 191 [1/1] ( I:3.25ns O:3.25ns )   --->   "%store_ln37 = store i32 %Q_in_data, i5 %Q_tile_17_addr" [flashattn.cpp:37]   --->   Operation 191 'store' 'store_ln37' <Predicate = (trunc_ln34 == 17)> <Delay = 3.25> <CoreInst = "RAM">   --->   Core 81 'RAM' <Latency = 1> <II = 1> <Delay = 3.25> <Storage> <Opcode : 'load' 'store'> <Ports = 2> <Width = 32> <Depth = 32> <RAM>
ST_3 : Operation 192 [1/1] (0.00ns)   --->   "%br_ln37 = br void %arrayidx1410.exit" [flashattn.cpp:37]   --->   Operation 192 'br' 'br_ln37' <Predicate = (trunc_ln34 == 17)> <Delay = 0.00>
ST_3 : Operation 193 [1/1] ( I:3.25ns O:3.25ns )   --->   "%store_ln37 = store i32 %Q_in_data, i5 %Q_tile_16_addr" [flashattn.cpp:37]   --->   Operation 193 'store' 'store_ln37' <Predicate = (trunc_ln34 == 16)> <Delay = 3.25> <CoreInst = "RAM">   --->   Core 81 'RAM' <Latency = 1> <II = 1> <Delay = 3.25> <Storage> <Opcode : 'load' 'store'> <Ports = 2> <Width = 32> <Depth = 32> <RAM>
ST_3 : Operation 194 [1/1] (0.00ns)   --->   "%br_ln37 = br void %arrayidx1410.exit" [flashattn.cpp:37]   --->   Operation 194 'br' 'br_ln37' <Predicate = (trunc_ln34 == 16)> <Delay = 0.00>
ST_3 : Operation 195 [1/1] ( I:3.25ns O:3.25ns )   --->   "%store_ln37 = store i32 %Q_in_data, i5 %Q_tile_15_addr" [flashattn.cpp:37]   --->   Operation 195 'store' 'store_ln37' <Predicate = (trunc_ln34 == 15)> <Delay = 3.25> <CoreInst = "RAM">   --->   Core 81 'RAM' <Latency = 1> <II = 1> <Delay = 3.25> <Storage> <Opcode : 'load' 'store'> <Ports = 2> <Width = 32> <Depth = 32> <RAM>
ST_3 : Operation 196 [1/1] (0.00ns)   --->   "%br_ln37 = br void %arrayidx1410.exit" [flashattn.cpp:37]   --->   Operation 196 'br' 'br_ln37' <Predicate = (trunc_ln34 == 15)> <Delay = 0.00>
ST_3 : Operation 197 [1/1] ( I:3.25ns O:3.25ns )   --->   "%store_ln37 = store i32 %Q_in_data, i5 %Q_tile_14_addr" [flashattn.cpp:37]   --->   Operation 197 'store' 'store_ln37' <Predicate = (trunc_ln34 == 14)> <Delay = 3.25> <CoreInst = "RAM">   --->   Core 81 'RAM' <Latency = 1> <II = 1> <Delay = 3.25> <Storage> <Opcode : 'load' 'store'> <Ports = 2> <Width = 32> <Depth = 32> <RAM>
ST_3 : Operation 198 [1/1] (0.00ns)   --->   "%br_ln37 = br void %arrayidx1410.exit" [flashattn.cpp:37]   --->   Operation 198 'br' 'br_ln37' <Predicate = (trunc_ln34 == 14)> <Delay = 0.00>
ST_3 : Operation 199 [1/1] ( I:3.25ns O:3.25ns )   --->   "%store_ln37 = store i32 %Q_in_data, i5 %Q_tile_13_addr" [flashattn.cpp:37]   --->   Operation 199 'store' 'store_ln37' <Predicate = (trunc_ln34 == 13)> <Delay = 3.25> <CoreInst = "RAM">   --->   Core 81 'RAM' <Latency = 1> <II = 1> <Delay = 3.25> <Storage> <Opcode : 'load' 'store'> <Ports = 2> <Width = 32> <Depth = 32> <RAM>
ST_3 : Operation 200 [1/1] (0.00ns)   --->   "%br_ln37 = br void %arrayidx1410.exit" [flashattn.cpp:37]   --->   Operation 200 'br' 'br_ln37' <Predicate = (trunc_ln34 == 13)> <Delay = 0.00>
ST_3 : Operation 201 [1/1] ( I:3.25ns O:3.25ns )   --->   "%store_ln37 = store i32 %Q_in_data, i5 %Q_tile_12_addr" [flashattn.cpp:37]   --->   Operation 201 'store' 'store_ln37' <Predicate = (trunc_ln34 == 12)> <Delay = 3.25> <CoreInst = "RAM">   --->   Core 81 'RAM' <Latency = 1> <II = 1> <Delay = 3.25> <Storage> <Opcode : 'load' 'store'> <Ports = 2> <Width = 32> <Depth = 32> <RAM>
ST_3 : Operation 202 [1/1] (0.00ns)   --->   "%br_ln37 = br void %arrayidx1410.exit" [flashattn.cpp:37]   --->   Operation 202 'br' 'br_ln37' <Predicate = (trunc_ln34 == 12)> <Delay = 0.00>
ST_3 : Operation 203 [1/1] ( I:3.25ns O:3.25ns )   --->   "%store_ln37 = store i32 %Q_in_data, i5 %Q_tile_11_addr" [flashattn.cpp:37]   --->   Operation 203 'store' 'store_ln37' <Predicate = (trunc_ln34 == 11)> <Delay = 3.25> <CoreInst = "RAM">   --->   Core 81 'RAM' <Latency = 1> <II = 1> <Delay = 3.25> <Storage> <Opcode : 'load' 'store'> <Ports = 2> <Width = 32> <Depth = 32> <RAM>
ST_3 : Operation 204 [1/1] (0.00ns)   --->   "%br_ln37 = br void %arrayidx1410.exit" [flashattn.cpp:37]   --->   Operation 204 'br' 'br_ln37' <Predicate = (trunc_ln34 == 11)> <Delay = 0.00>
ST_3 : Operation 205 [1/1] ( I:3.25ns O:3.25ns )   --->   "%store_ln37 = store i32 %Q_in_data, i5 %Q_tile_10_addr" [flashattn.cpp:37]   --->   Operation 205 'store' 'store_ln37' <Predicate = (trunc_ln34 == 10)> <Delay = 3.25> <CoreInst = "RAM">   --->   Core 81 'RAM' <Latency = 1> <II = 1> <Delay = 3.25> <Storage> <Opcode : 'load' 'store'> <Ports = 2> <Width = 32> <Depth = 32> <RAM>
ST_3 : Operation 206 [1/1] (0.00ns)   --->   "%br_ln37 = br void %arrayidx1410.exit" [flashattn.cpp:37]   --->   Operation 206 'br' 'br_ln37' <Predicate = (trunc_ln34 == 10)> <Delay = 0.00>
ST_3 : Operation 207 [1/1] ( I:3.25ns O:3.25ns )   --->   "%store_ln37 = store i32 %Q_in_data, i5 %Q_tile_9_addr" [flashattn.cpp:37]   --->   Operation 207 'store' 'store_ln37' <Predicate = (trunc_ln34 == 9)> <Delay = 3.25> <CoreInst = "RAM">   --->   Core 81 'RAM' <Latency = 1> <II = 1> <Delay = 3.25> <Storage> <Opcode : 'load' 'store'> <Ports = 2> <Width = 32> <Depth = 32> <RAM>
ST_3 : Operation 208 [1/1] (0.00ns)   --->   "%br_ln37 = br void %arrayidx1410.exit" [flashattn.cpp:37]   --->   Operation 208 'br' 'br_ln37' <Predicate = (trunc_ln34 == 9)> <Delay = 0.00>
ST_3 : Operation 209 [1/1] ( I:3.25ns O:3.25ns )   --->   "%store_ln37 = store i32 %Q_in_data, i5 %Q_tile_8_addr" [flashattn.cpp:37]   --->   Operation 209 'store' 'store_ln37' <Predicate = (trunc_ln34 == 8)> <Delay = 3.25> <CoreInst = "RAM">   --->   Core 81 'RAM' <Latency = 1> <II = 1> <Delay = 3.25> <Storage> <Opcode : 'load' 'store'> <Ports = 2> <Width = 32> <Depth = 32> <RAM>
ST_3 : Operation 210 [1/1] (0.00ns)   --->   "%br_ln37 = br void %arrayidx1410.exit" [flashattn.cpp:37]   --->   Operation 210 'br' 'br_ln37' <Predicate = (trunc_ln34 == 8)> <Delay = 0.00>
ST_3 : Operation 211 [1/1] ( I:3.25ns O:3.25ns )   --->   "%store_ln37 = store i32 %Q_in_data, i5 %Q_tile_7_addr" [flashattn.cpp:37]   --->   Operation 211 'store' 'store_ln37' <Predicate = (trunc_ln34 == 7)> <Delay = 3.25> <CoreInst = "RAM">   --->   Core 81 'RAM' <Latency = 1> <II = 1> <Delay = 3.25> <Storage> <Opcode : 'load' 'store'> <Ports = 2> <Width = 32> <Depth = 32> <RAM>
ST_3 : Operation 212 [1/1] (0.00ns)   --->   "%br_ln37 = br void %arrayidx1410.exit" [flashattn.cpp:37]   --->   Operation 212 'br' 'br_ln37' <Predicate = (trunc_ln34 == 7)> <Delay = 0.00>
ST_3 : Operation 213 [1/1] ( I:3.25ns O:3.25ns )   --->   "%store_ln37 = store i32 %Q_in_data, i5 %Q_tile_6_addr" [flashattn.cpp:37]   --->   Operation 213 'store' 'store_ln37' <Predicate = (trunc_ln34 == 6)> <Delay = 3.25> <CoreInst = "RAM">   --->   Core 81 'RAM' <Latency = 1> <II = 1> <Delay = 3.25> <Storage> <Opcode : 'load' 'store'> <Ports = 2> <Width = 32> <Depth = 32> <RAM>
ST_3 : Operation 214 [1/1] (0.00ns)   --->   "%br_ln37 = br void %arrayidx1410.exit" [flashattn.cpp:37]   --->   Operation 214 'br' 'br_ln37' <Predicate = (trunc_ln34 == 6)> <Delay = 0.00>
ST_3 : Operation 215 [1/1] ( I:3.25ns O:3.25ns )   --->   "%store_ln37 = store i32 %Q_in_data, i5 %Q_tile_5_addr" [flashattn.cpp:37]   --->   Operation 215 'store' 'store_ln37' <Predicate = (trunc_ln34 == 5)> <Delay = 3.25> <CoreInst = "RAM">   --->   Core 81 'RAM' <Latency = 1> <II = 1> <Delay = 3.25> <Storage> <Opcode : 'load' 'store'> <Ports = 2> <Width = 32> <Depth = 32> <RAM>
ST_3 : Operation 216 [1/1] (0.00ns)   --->   "%br_ln37 = br void %arrayidx1410.exit" [flashattn.cpp:37]   --->   Operation 216 'br' 'br_ln37' <Predicate = (trunc_ln34 == 5)> <Delay = 0.00>
ST_3 : Operation 217 [1/1] ( I:3.25ns O:3.25ns )   --->   "%store_ln37 = store i32 %Q_in_data, i5 %Q_tile_4_addr" [flashattn.cpp:37]   --->   Operation 217 'store' 'store_ln37' <Predicate = (trunc_ln34 == 4)> <Delay = 3.25> <CoreInst = "RAM">   --->   Core 81 'RAM' <Latency = 1> <II = 1> <Delay = 3.25> <Storage> <Opcode : 'load' 'store'> <Ports = 2> <Width = 32> <Depth = 32> <RAM>
ST_3 : Operation 218 [1/1] (0.00ns)   --->   "%br_ln37 = br void %arrayidx1410.exit" [flashattn.cpp:37]   --->   Operation 218 'br' 'br_ln37' <Predicate = (trunc_ln34 == 4)> <Delay = 0.00>
ST_3 : Operation 219 [1/1] ( I:3.25ns O:3.25ns )   --->   "%store_ln37 = store i32 %Q_in_data, i5 %Q_tile_3_addr" [flashattn.cpp:37]   --->   Operation 219 'store' 'store_ln37' <Predicate = (trunc_ln34 == 3)> <Delay = 3.25> <CoreInst = "RAM">   --->   Core 81 'RAM' <Latency = 1> <II = 1> <Delay = 3.25> <Storage> <Opcode : 'load' 'store'> <Ports = 2> <Width = 32> <Depth = 32> <RAM>
ST_3 : Operation 220 [1/1] (0.00ns)   --->   "%br_ln37 = br void %arrayidx1410.exit" [flashattn.cpp:37]   --->   Operation 220 'br' 'br_ln37' <Predicate = (trunc_ln34 == 3)> <Delay = 0.00>
ST_3 : Operation 221 [1/1] ( I:3.25ns O:3.25ns )   --->   "%store_ln37 = store i32 %Q_in_data, i5 %Q_tile_2_addr" [flashattn.cpp:37]   --->   Operation 221 'store' 'store_ln37' <Predicate = (trunc_ln34 == 2)> <Delay = 3.25> <CoreInst = "RAM">   --->   Core 81 'RAM' <Latency = 1> <II = 1> <Delay = 3.25> <Storage> <Opcode : 'load' 'store'> <Ports = 2> <Width = 32> <Depth = 32> <RAM>
ST_3 : Operation 222 [1/1] (0.00ns)   --->   "%br_ln37 = br void %arrayidx1410.exit" [flashattn.cpp:37]   --->   Operation 222 'br' 'br_ln37' <Predicate = (trunc_ln34 == 2)> <Delay = 0.00>
ST_3 : Operation 223 [1/1] ( I:3.25ns O:3.25ns )   --->   "%store_ln37 = store i32 %Q_in_data, i5 %Q_tile_1_addr" [flashattn.cpp:37]   --->   Operation 223 'store' 'store_ln37' <Predicate = (trunc_ln34 == 1)> <Delay = 3.25> <CoreInst = "RAM">   --->   Core 81 'RAM' <Latency = 1> <II = 1> <Delay = 3.25> <Storage> <Opcode : 'load' 'store'> <Ports = 2> <Width = 32> <Depth = 32> <RAM>
ST_3 : Operation 224 [1/1] (0.00ns)   --->   "%br_ln37 = br void %arrayidx1410.exit" [flashattn.cpp:37]   --->   Operation 224 'br' 'br_ln37' <Predicate = (trunc_ln34 == 1)> <Delay = 0.00>
ST_3 : Operation 225 [1/1] ( I:3.25ns O:3.25ns )   --->   "%store_ln37 = store i32 %Q_in_data, i5 %Q_tile_addr" [flashattn.cpp:37]   --->   Operation 225 'store' 'store_ln37' <Predicate = (trunc_ln34 == 0)> <Delay = 3.25> <CoreInst = "RAM">   --->   Core 81 'RAM' <Latency = 1> <II = 1> <Delay = 3.25> <Storage> <Opcode : 'load' 'store'> <Ports = 2> <Width = 32> <Depth = 32> <RAM>
ST_3 : Operation 226 [1/1] (0.00ns)   --->   "%br_ln37 = br void %arrayidx1410.exit" [flashattn.cpp:37]   --->   Operation 226 'br' 'br_ln37' <Predicate = (trunc_ln34 == 0)> <Delay = 0.00>
ST_3 : Operation 227 [1/1] ( I:3.25ns O:3.25ns )   --->   "%store_ln37 = store i32 %Q_in_data, i5 %Q_tile_63_addr" [flashattn.cpp:37]   --->   Operation 227 'store' 'store_ln37' <Predicate = (trunc_ln34 == 63)> <Delay = 3.25> <CoreInst = "RAM">   --->   Core 81 'RAM' <Latency = 1> <II = 1> <Delay = 3.25> <Storage> <Opcode : 'load' 'store'> <Ports = 2> <Width = 32> <Depth = 32> <RAM>
ST_3 : Operation 228 [1/1] (0.00ns)   --->   "%br_ln37 = br void %arrayidx1410.exit" [flashattn.cpp:37]   --->   Operation 228 'br' 'br_ln37' <Predicate = (trunc_ln34 == 63)> <Delay = 0.00>
ST_3 : Operation 229 [1/1] (1.58ns)   --->   "%store_ln32 = store i6 %select_ln32_1, i6 %row" [flashattn.cpp:32]   --->   Operation 229 'store' 'store_ln32' <Predicate = true> <Delay = 1.58>
ST_3 : Operation 230 [1/1] (0.00ns)   --->   "%br_ln34 = br void %for.inc" [flashattn.cpp:34]   --->   Operation 230 'br' 'br_ln34' <Predicate = true> <Delay = 0.00>


============================================================
+ Verbose Summary: Timing violations
============================================================
Target clock period: 10.000ns, clock uncertainty: 2.700ns.

 <State 1>: 4.723ns
The critical path consists of the following:
	'store' operation 0 bit ('store_ln0') of constant 0 on local variable 'indvar_flatten' [74]  (1.588 ns)
	'load' operation 12 bit ('indvar_flatten_load', flashattn.cpp:32) on local variable 'indvar_flatten' [79]  (0.000 ns)
	'add' operation 12 bit ('add_ln32', flashattn.cpp:32) [81]  (1.547 ns)
	'store' operation 0 bit ('store_ln32', flashattn.cpp:32) of variable 'add_ln32', flashattn.cpp:32 on local variable 'indvar_flatten' [357]  (1.588 ns)

 <State 2>: 6.321ns
The critical path consists of the following:
	'load' operation 7 bit ('col_load', flashattn.cpp:34) on local variable 'col', flashattn.cpp:34 [84]  (0.000 ns)
	'icmp' operation 1 bit ('icmp_ln34', flashattn.cpp:34) [88]  (1.870 ns)
	'select' operation 7 bit ('select_ln32', flashattn.cpp:32) [89]  (0.993 ns)
	'add' operation 7 bit ('add_ln34', flashattn.cpp:34) [356]  (1.870 ns)
	'store' operation 0 bit ('store_ln34', flashattn.cpp:34) of variable 'add_ln34', flashattn.cpp:34 on local variable 'col', flashattn.cpp:34 [359]  (1.588 ns)

 <State 3>: 6.267ns
The critical path consists of the following:
	'load' operation 6 bit ('row_load', flashattn.cpp:32) on local variable 'row', flashattn.cpp:32 [85]  (0.000 ns)
	'add' operation 6 bit ('add_ln32_1', flashattn.cpp:32) [90]  (1.825 ns)
	'select' operation 6 bit ('select_ln32_1', flashattn.cpp:32) [91]  (1.188 ns)
	'getelementptr' operation 5 bit ('Q_tile_20_addr', flashattn.cpp:32) [113]  (0.000 ns)
	'store' operation 0 bit ('store_ln37', flashattn.cpp:37) of variable 'Q_in.data', flashattn.cpp:36 on array 'Q_tile_20' [290]  (3.254 ns)


============================================================
+ Verbose Summary: Binding
============================================================
N/A
* FSMD analyzer results:
  - Output states:
 - Input state : 
  - Chain level:
	State 1
	State 2
	State 3


============================================================
+ Verbose Summary: Datapath Resource usage 
============================================================
N/A
