C:\Users\cfk30\OneDrive\Documents\ECE4910\thesis\flash_attn\flash_attn\hls\.autopilot\db\loop_pipeline.pp.0.cpp:2390:5: warning: Added loop label VITIS_LOOP_676_1:   [xilinx-label-all-loops]
    for (unsigned i = low; i != high+1; ++i) {
    ^~~
    VITIS_LOOP_676_1: 
C:\Users\cfk30\OneDrive\Documents\ECE4910\thesis\flash_attn\flash_attn\hls\.autopilot\db\loop_pipeline.pp.0.cpp:2390:5: note: FIX-IT applied suggested code changes
C:\Users\cfk30\OneDrive\Documents\ECE4910\thesis\flash_attn\flash_attn\hls\.autopilot\db\loop_pipeline.pp.0.cpp:2404:5: warning: Added loop label VITIS_LOOP_690_1:   [xilinx-label-all-loops]
    for (unsigned i = low; i != high+1; ++i) {
    ^~~
    VITIS_LOOP_690_1: 
C:\Users\cfk30\OneDrive\Documents\ECE4910\thesis\flash_attn\flash_attn\hls\.autopilot\db\loop_pipeline.pp.0.cpp:2404:5: note: FIX-IT applied suggested code changes
C:\Users\cfk30\OneDrive\Documents\ECE4910\thesis\flash_attn\flash_attn\hls\.autopilot\db\loop_pipeline.pp.0.cpp:2418:5: warning: Added loop label VITIS_LOOP_704_1:   [xilinx-label-all-loops]
    for (unsigned i = low; i != high+1; ++i) {
    ^~~
    VITIS_LOOP_704_1: 
C:\Users\cfk30\OneDrive\Documents\ECE4910\thesis\flash_attn\flash_attn\hls\.autopilot\db\loop_pipeline.pp.0.cpp:2418:5: note: FIX-IT applied suggested code changes
C:\Users\cfk30\OneDrive\Documents\ECE4910\thesis\flash_attn\flash_attn\hls\.autopilot\db\loop_pipeline.pp.0.cpp:4052:7: warning: Added loop label VITIS_LOOP_1248_1:   [xilinx-label-all-loops]
      for (i = 0; i < __N - 1; ++i) {
      ^~~
      VITIS_LOOP_1248_1: 
C:\Users\cfk30\OneDrive\Documents\ECE4910\thesis\flash_attn\flash_attn\hls\.autopilot\db\loop_pipeline.pp.0.cpp:4052:7: note: FIX-IT applied suggested code changes
C:\Users\cfk30\OneDrive\Documents\ECE4910\thesis\flash_attn\flash_attn\hls\.autopilot\db\loop_pipeline.pp.0.cpp:9777:3: warning: Added loop label VITIS_LOOP_28_1:   [xilinx-label-all-loops]
  for(int j=0;j<4;j++)
  ^~~
  VITIS_LOOP_28_1: 
C:\Users\cfk30\OneDrive\Documents\ECE4910\thesis\flash_attn\flash_attn\hls\.autopilot\db\loop_pipeline.pp.0.cpp:9777:3: note: FIX-IT applied suggested code changes
C:\Users\cfk30\OneDrive\Documents\ECE4910\thesis\flash_attn\flash_attn\hls\.autopilot\db\loop_pipeline.pp.0.cpp:9788:3: warning: Added loop label VITIS_LOOP_39_2:   [xilinx-label-all-loops]
  for(int j=0;j<4;j++){
  ^~~
  VITIS_LOOP_39_2: 
C:\Users\cfk30\OneDrive\Documents\ECE4910\thesis\flash_attn\flash_attn\hls\.autopilot\db\loop_pipeline.pp.0.cpp:9788:3: note: FIX-IT applied suggested code changes
C:\Users\cfk30\OneDrive\Documents\ECE4910\thesis\flash_attn\flash_attn\hls\.autopilot\db\loop_pipeline.pp.0.cpp:9790:4: warning: Added loop label VITIS_LOOP_41_3:   [xilinx-label-all-loops]
   for(int k=0;k<4;k++){
   ^~~
   VITIS_LOOP_41_3: 
C:\Users\cfk30\OneDrive\Documents\ECE4910\thesis\flash_attn\flash_attn\hls\.autopilot\db\loop_pipeline.pp.0.cpp:9790:4: note: FIX-IT applied suggested code changes
