
*** Running vivado
    with args -log flashattn_bd_axi_interconnect_0_imp_auto_us_3.vds -m64 -product Vivado -mode batch -messageDb vivado.pb -notrace -source flashattn_bd_axi_interconnect_0_imp_auto_us_3.tcl



****** Vivado v2024.2 (64-bit)
  **** SW Build 5239630 on Fri Nov 08 22:35:27 MST 2024
  **** IP Build 5239520 on Sun Nov 10 16:12:51 MST 2024
  **** SharedData Build 5239561 on Fri Nov 08 14:39:27 MST 2024
  **** Start of session at: Wed Apr  9 14:56:44 2025
    ** Copyright 1986-2022 Xilinx, Inc. All Rights Reserved.
    ** Copyright 2022-2024 Advanced Micro Devices, Inc. All Rights Reserved.

source flashattn_bd_axi_interconnect_0_imp_auto_us_3.tcl -notrace
create_project: Time (s): cpu = 00:00:05 ; elapsed = 00:00:05 . Memory (MB): peak = 619.562 ; gain = 191.578
INFO: [IP_Flow 19-234] Refreshing IP repositories
INFO: [IP_Flow 19-1700] Loaded user IP repository 'c:/Users/cfk30/OneDrive/Documents/ECE4910/thesis/flash_attn/flash_attn'.
INFO: [IP_Flow 19-2313] Loaded Vivado IP repository 'C:/Xilinx/Vivado/2024.2/data/ip'.
WARNING: [IP_Flow 19-4995] The host OS only allows 260 characters in a normal path. The IP cache path is more than 80 characters. If you experience issues with IP caching, please consider changing the IP cache to a location with a shorter path. Alternately consider using the OS subst command to map part of the path to a drive letter. 
Current IP cache path is c:/Users/cfk30/OneDrive/Documents/ECE4910/thesis/flash_attn_vivado/flash_attn_vivado.cache/ip 
INFO: [IP_Flow 19-6924] IPCACHE: Running cache check for IP inst: flashattn_bd_axi_interconnect_0_imp_auto_us_3
INFO: [IP_Flow 19-6922] IPCACHE: Exporting cached entry 64caacd58df6c022 to dir: C:/Users/cfk30/OneDrive/Documents/ECE4910/thesis/flash_attn_vivado/flash_attn_vivado.runs/flashattn_bd_axi_interconnect_0_imp_auto_us_3_synth_1
INFO: [IP_Flow 19-6928] IPCACHE: copied cached file c:/Users/cfk30/OneDrive/Documents/ECE4910/thesis/flash_attn_vivado/flash_attn_vivado.cache/ip/2024.2/6/4/64caacd58df6c022/flash_attn_block_axi_interconnect_1_imp_auto_us_1.dcp to C:/Users/cfk30/OneDrive/Documents/ECE4910/thesis/flash_attn_vivado/flash_attn_vivado.runs/flashattn_bd_axi_interconnect_0_imp_auto_us_3_synth_1/flashattn_bd_axi_interconnect_0_imp_auto_us_3.dcp.
INFO: [IP_Flow 19-6928] IPCACHE: copied cached file c:/Users/cfk30/OneDrive/Documents/ECE4910/thesis/flash_attn_vivado/flash_attn_vivado.cache/ip/2024.2/6/4/64caacd58df6c022/flash_attn_block_axi_interconnect_1_imp_auto_us_1_sim_netlist.v to C:/Users/cfk30/OneDrive/Documents/ECE4910/thesis/flash_attn_vivado/flash_attn_vivado.runs/flashattn_bd_axi_interconnect_0_imp_auto_us_3_synth_1/flashattn_bd_axi_interconnect_0_imp_auto_us_3_sim_netlist.v.
INFO: [IP_Flow 19-6928] IPCACHE: copied cached file c:/Users/cfk30/OneDrive/Documents/ECE4910/thesis/flash_attn_vivado/flash_attn_vivado.cache/ip/2024.2/6/4/64caacd58df6c022/flash_attn_block_axi_interconnect_1_imp_auto_us_1_sim_netlist.vhdl to C:/Users/cfk30/OneDrive/Documents/ECE4910/thesis/flash_attn_vivado/flash_attn_vivado.runs/flashattn_bd_axi_interconnect_0_imp_auto_us_3_synth_1/flashattn_bd_axi_interconnect_0_imp_auto_us_3_sim_netlist.vhdl.
INFO: [IP_Flow 19-6928] IPCACHE: copied cached file c:/Users/cfk30/OneDrive/Documents/ECE4910/thesis/flash_attn_vivado/flash_attn_vivado.cache/ip/2024.2/6/4/64caacd58df6c022/flash_attn_block_axi_interconnect_1_imp_auto_us_1_stub.v to C:/Users/cfk30/OneDrive/Documents/ECE4910/thesis/flash_attn_vivado/flash_attn_vivado.runs/flashattn_bd_axi_interconnect_0_imp_auto_us_3_synth_1/flashattn_bd_axi_interconnect_0_imp_auto_us_3_stub.v.
INFO: [IP_Flow 19-6928] IPCACHE: copied cached file c:/Users/cfk30/OneDrive/Documents/ECE4910/thesis/flash_attn_vivado/flash_attn_vivado.cache/ip/2024.2/6/4/64caacd58df6c022/flash_attn_block_axi_interconnect_1_imp_auto_us_1_stub.vhdl to C:/Users/cfk30/OneDrive/Documents/ECE4910/thesis/flash_attn_vivado/flash_attn_vivado.runs/flashattn_bd_axi_interconnect_0_imp_auto_us_3_synth_1/flashattn_bd_axi_interconnect_0_imp_auto_us_3_stub.vhdl.
INFO: [IP_Flow 19-4838] Using cached IP synthesis design for IP flashattn_bd_axi_interconnect_0_imp_auto_us_3, cache-ID = 64caacd58df6c022.
INFO: [Common 17-206] Exiting Vivado at Wed Apr  9 14:56:54 2025...
