# 
# Steps log generated by v++
# This log file contains a collection of steps that describe the kernel compilation flow
# Note: Some steps are tagged as internal, these steps are for debugging purposes and 
#       are not expected to be able to run independently.
# 

# The following environment variables are set when running vitis-run
Environment variables :
------------------------------------------
ALLUSERSPROFILE=C:\ProgramData
APPDATA=C:\Users\cfk30\AppData\Roaming
arr.length=0
arr.Ubound=-1
CHARPOP=1
CMAKE_OBJECT_PATH_MAX=4096
CommonProgramFiles=C:\Program Files\Common Files
CommonProgramFiles(x86)=C:\Program Files (x86)\Common Files
CommonProgramW6432=C:\Program Files\Common Files
COMPUTERNAME=DESKTOP-I99LGQ1
ComSpec=C:\WINDOWS\system32\cmd.exe
DriverData=C:\Windows\System32\Drivers\DriverData
FPS_BROWSER_APP_PROFILE_STRING=Internet Explorer
FPS_BROWSER_USER_PROFILE_STRING=Default
HDI_APPROOT=C:/Xilinx/Vitis/2024.2
HDI_PROCESSOR=i686
HOMEDRIVE=C:
HOMEPATH=\Users\cfk30
HW_SERVER_DJTG_DISABLE=1
HW_SERVER_FTDIMGR_DISABLE=1
IDE_SKIP_SERVER_LICENSE=1
INT_VARIABLE_NAME=XILINX_PATH
ISL_IOSTREAMS_RSA=C:/Xilinx/Vitis/2024.2/tps/isl
JAVA_EXE=C:/Xilinx\Vitis\2024.2\tps\win64\jre11.0.16_1\bin\java.exe
JAVA_HOME=C:/Xilinx\Vitis\2024.2\tps\win64\jre11.0.16_1
LC_NUMERIC=C
LOCALAPPDATA=C:\Users\cfk30\AppData\Local
LOGONSERVER=\\DESKTOP-I99LGQ1
LOPPER_DTC_FLAGS=-b 0 -@
NOSPLASH=false
NUMBER_OF_PROCESSORS=16
OneDrive=C:\Users\cfk30\OneDrive
ORIGINAL_XDG_CURRENT_DESKTOP=undefined
OS=Windows_NT
PATH=C:/Xilinx/Vivado/2024.2/tps/win64/binutils-2.26/bin;C:/Xilinx/Vitis/2024.2/bin/../gnu/aarch64/nt/aarch64-linux/bin;C:/Xilinx/Vitis/2024.2/bin/../gnu/ppc64le/4.9.3/win64/bin;C:/Xilinx/Vitis/2024.2/bin/../gnu/aarch32/nt/gcc-arm-linux-gnueabi/bin;C:/Xilinx/Vitis/2024.2/tps/mingw/6.2.0/win64.o/nt/bin;C:/Xilinx/Vivado/2024.2\gnuwin\bin;C:/Xilinx/Vivado/2024.2\gnu\microblaze\nt\bin;C:/Xilinx/Vitis/2024.2/bin;C:/Xilinx/Vitis/2024.2/tps/win64/javafx-sdk-11.0.2/lib;C:/Xilinx/Vitis/2024.2/tps/win64/javafx-sdk-11.0.2/bin;C:/Xilinx/Vitis/2024.2/lib/win64.o;C:/Xilinx/Vitis/2024.2/tps/win64/jre11.0.16_1/bin/server;C:/Xilinx/Vitis/2024.2/tps/win64/jre11.0.16_1/bin;C:\Xilinx\Vitis\2024.2\tps\win64\LOPPER~1.0-P\min_sdk\\usr\bin;C:/Xilinx\Vitis\2024.2\tps\win64\cmake-3.24.2\bin;C:/Xilinx\Vitis\2024.2\gnu\microblaze\nt\bin;C:/Xilinx\Vitis\2024.2\gnu\microblaze\linux_toolchain\nt64_le\bin;C:/Xilinx\Vitis\2024.2\gnu\aarch32\nt\gcc-arm-linux-gnueabi\bin;C:/Xilinx\Vitis\2024.2\gnu\aarch32\nt\gcc-arm-none-eabi\bin;C:/Xilinx\Vitis\2024.2\gnu\aarch64\nt\aarch64-linux\bin;C:/Xilinx\Vitis\2024.2\gnu\aarch64\nt\aarch64-none\bin;C:/Xilinx\Vitis\2024.2\gnu\armr5\nt\gcc-arm-none-eabi\bin;C:/Xilinx\Vitis\2024.2\gnuwin\bin;C:/Xilinx\Vitis\2024.2\tps\win64\python-3.8.3;C:/Xilinx\Vitis\2024.2\tps\win64\libxslt\bin;C:/Xilinx/Vivado/2024.2\bin;C:/Xilinx/Vitis/2024.2\gnu\arm\nt\bin;C:/Xilinx/Vitis/2024.2\gnu\microblaze\linux_toolchain\nt64_be\bin;C:/Xilinx/Vitis/2024.2\gnu\riscv\nt\riscv64-unknown-elf\bin;C:/Xilinx/Vivado/2024.2\tps\win64\python-3.8.3;C:/Xilinx/Vivado/2024.2\tps\win64\git-2.45.0\bin;C:/Xilinx/Vivado/2024.2\tps\win64\cmake-3.24.2\bin;C:/Xilinx/Vitis/2024.2\win64\tools\clang\bin;C:\Program Files (x86)\NVIDIA Corporation\PhysX\Common;C:\WINDOWS\system32;C:\WINDOWS;C:\WINDOWS\System32\Wbem;C:\WINDOWS\System32\WindowsPowerShell\v1.0\;C:\WINDOWS\System32\OpenSSH\;C:\Program Files\MATLAB\R2024b\bin;C:\Program Files\Git\cmd;C:\Program Files\dotnet\;c:\Users\cfk30\AppData\Local\Programs\cursor\resources\app\bin;C:\Users\cfk30\AppData\Local\Programs\Python\Python312\Scripts\;C:\Users\cfk30\AppData\Local\Programs\Python\Python312\;C:\Users\cfk30\AppData\Local\Microsoft\WindowsApps;C:\Users\cfk30\AppData\Local\Programs\Microsoft VS Code\bin;C:\Users\cfk30\.dotnet\tools;C:\msys64\ucrt64\bin;;C:/Xilinx/Vitis/2024.2\tps\mingw\6.2.0\win64.o\nt\bin;C:/Xilinx/Vitis/2024.2\tps\mingw\6.2.0\win64.o\nt\libexec\gcc\x86_64-w64-mingw32\6.2.0
PATHEXT=.COM;.EXE;.BAT;.CMD;.VBS;.VBE;.JS;.JSE;.WSF;.WSH;.MSC
PROCESSOR_ARCHITECTURE=AMD64
PROCESSOR_IDENTIFIER=Intel64 Family 6 Model 167 Stepping 1, GenuineIntel
PROCESSOR_LEVEL=6
PROCESSOR_REVISION=a701
PRODVERSION_EXE=C:/Xilinx/Vitis/2024.2/bin/unwrapped/win64.o/prodversion.exe
ProgramData=C:\ProgramData
ProgramFiles=C:\Program Files
ProgramFiles(x86)=C:\Program Files (x86)
ProgramW6432=C:\Program Files
PROMPT=$P$G
PSModulePath=C:\Program Files\WindowsPowerShell\Modules;C:\WINDOWS\system32\WindowsPowerShell\v1.0\Modules
PUBLIC=C:\Users\Public
PYTHONPATH=;C:/Xilinx/Vitis/2024.2\cli;C:/Xilinx/Vitis/2024.2\cli\python-packages\win64;C:/Xilinx/Vitis/2024.2\cli\python-packages\site-packages;C:/Xilinx/Vitis/2024.2\cli\proto;C:/Xilinx/Vitis/2024.2\scripts\python_pkg;
python_path=;C:/Xilinx/Vitis/2024.2\cli;C:/Xilinx/Vitis/2024.2\cli\python-packages\win64;C:/Xilinx/Vitis/2024.2\cli\python-packages\site-packages;C:/Xilinx/Vitis/2024.2\cli\proto;C:/Xilinx/Vitis/2024.2\scripts\python_pkg;
RDI_APPROOT=C:/Xilinx/Vitis/2024.2
RDI_ARGS= --mode hls --csim --config C:\Users\cfk30\OneDrive\Documents\ECE4910\thesis\flash_attn\hls_config.cfg --work_dir flash_attn
RDI_ARGS_FUNCTION=RDI_EXEC_DEFAULT
RDI_BASEROOT=C:/Xilinx/Vitis
RDI_BINDIR=C:/Xilinx/Vitis/2024.2/bin
RDI_BINROOT=C:/Xilinx/Vitis/2024.2/bin
RDI_BUILD=yes
RDI_CHECK_PROG=True
RDI_DATADIR=C:/Xilinx/SharedData/2024.2/data;C:/Xilinx/Vitis/2024.2/data
RDI_INSTALLROOT=C:/Xilinx
RDI_INSTALLVER=2024.2
RDI_INSTALLVERSION=2024.2
RDI_JAVACEFROOT=C:/Xilinx/Vitis/2024.2/tps/win64/java-cef-95.0.4638.69
RDI_JAVAFXROOT=C:/Xilinx/Vitis/2024.2/tps/win64/javafx-sdk-11.0.2
RDI_JAVAROOT=C:/Xilinx/Vitis/2024.2/tps/win64/jre11.0.16_1
RDI_JAVA_VERSION=11.0.16_1
RDI_LIBDIR=C:/Xilinx/Vitis/2024.2/lib/win64.o
RDI_MINGW_LIB=C:/Xilinx/Vitis/2024.2\tps\mingw\6.2.0\win64.o\nt\bin;C:/Xilinx/Vitis/2024.2\tps\mingw\6.2.0\win64.o\nt\libexec\gcc\x86_64-w64-mingw32\6.2.0
RDI_OPT_EXT=.o
RDI_OS_ARCH=64
RDI_PLATFORM=win64
RDI_PREPEND_PATH=C:/Xilinx/Vitis/2024.2/bin
RDI_PROG=C:/Xilinx/Vitis/2024.2/bin/unwrapped/win64.o/vitis-run.exe
RDI_PROGNAME=vitis-run.exe
RDI_SESSION_INFO=C:\Xilinx\Vitis\2024.2\bin:DESKTOP-I99LGQ1-Thu03-20-2025_21-41-34.52
RDI_SHARED_DATA=C:/Xilinx/SharedData/2024.2/data
RDI_TPS_ROOT=C:/Xilinx/Vivado/2024.2/tps/win64
RDI_USE_JDK11=1
RDI_VERBOSE=False
RT_LIBPATH=C:/Xilinx/Vitis/2024.2/scripts/rt/data
RT_TCL_PATH=C:/Xilinx/Vitis/2024.2/scripts/rt/base_tcl/tcl
SDKROOT=C:\Xilinx\Vitis\2024.2\tps\win64\LOPPER~1.0-P\min_sdk\
SESSIONNAME=Console
session_string=C:\Users\cfk30\OneDrive\Documents\ECE4910\thesis\flash_attn:DESKTOP-I99LGQ1-Thu03-20-2025_21-48-30.59
SHARED_DATA_HOME="C:/Xilinx/SharedData/2024.2"
supports_classic_ide=false
SWIG_LIB=C:\Xilinx\Vitis\2024.2\tps\win64\LOPPER~1.0-P\min_sdk\\usr\lib\swig\4.2.1
SYNTH_COMMON=C:/Xilinx/Vitis/2024.2/scripts/rt/data
SystemDrive=C:
SystemRoot=C:\WINDOWS
TCL_LIBRARY=C:/Xilinx/Vitis/2024.2/tps/tcl/tcl8.6
TCMALLOC_LARGE_ALLOC_REPORT_THRESHOLD=4294967296
TEMP=C:\Users\cfk30\AppData\Local\Temp
THEIA_APP_PROJECT_PATH=C:\Xilinx\Vitis\2024.2\ide\electron-app\win64\resources\app
THEIA_DEFAULT_PLUGINS=local-dir:C:\Xilinx\Vitis\2024.2\ide\electron-app\win64\resources\app\plugins
THEIA_ELECTRON_TOKEN={"value":"9f164c27-15f9-40a7-96db-974938812cc6"}
THEIA_ELECTRON_VERSION=15.5.7
THEIA_PLUGINS=local-dir:C:\Users\cfk30\.theia\plugins
TMP=C:\Users\cfk30\AppData\Local\Temp
tooldir=tps\win64\git-2.41.0
TOOLS_CLANG=C:/Xilinx/Vitis/2024.2\win64\tools\clang
TPS_CMAKE=C:/Xilinx/Vivado/2024.2\tps\win64\cmake-3.24.2
TPS_GIT=C:/Xilinx/Vivado/2024.2\tps\win64\git-2.45.0
TPS_LIBXSLT=C:/Xilinx/Vitis/2024.2\tps\win64\libxslt
TPS_PYTHON=C:/Xilinx/Vivado/2024.2\tps\win64\python-3.8.3
USERDOMAIN=DESKTOP-I99LGQ1
USERDOMAIN_ROAMINGPROFILE=DESKTOP-I99LGQ1
USERNAME=cfk30
USERPROFILE=C:\Users\cfk30
VITISNEW=true
VITIS_HLS_INSTALL=true
VSCODE_API_VERSION=1.53.2
windir=C:\WINDOWS
XILINX_HLS=C:/Xilinx/Vitis/2024.2
XILINX_PLANAHEAD=C:/Xilinx/Vitis/2024.2
XILINX_SDK=C:/Xilinx/Vitis/2024.2
XILINX_VCXX=C:/Xilinx/Vitis/2024.2/vcxx
XILINX_VITIS=C:/Xilinx\Vitis\2024.2
XILINX_VITIS_GIT=C:/Xilinx/Vivado/2024.2\tps\win64\git-2.45.0\bin
XILINX_VITIS_HLS_ENCAPSULATED=1
XILINX_VITIS_VERSION=Vitis v2024.2 (64-bit)
XILINX_VIVADO=C:/Xilinx/Vivado/2024.2
XILINX_VIVADO_HLS=C:/Xilinx/Vivado/2024.2
XIL_CHECK_TCL_DEBUG=False
XIL_NO_OVERRIDE=0
XIL_SUPPRESS_OVERRIDE_WARNINGS=1
XVREDIST=C:/Xilinx/Vitis/2024.2\tps\win64\xvcredist.exe
_RDI_BINROOT=C:\Xilinx\Vitis\2024.2\bin
_RDI_CWD=C:\Users\cfk30\OneDrive\Documents\ECE4910\thesis\flash_attn
_RDI_DONT_SET_XILINX_AS_PATH=True
_RDI_VERSION_PROG=vitis-run
_valid=False
XILINX_CD_CONNECT_ID=54491
XILINX_CD_SESSION=71401702-33e6-4d3d-bae6-bbd1f1ff0252


VITIS-RUN command line:
------------------------------------------
C:/Xilinx/Vitis/2024.2/bin/unwrapped/win64.o/vitis-run.exe --mode hls --csim --config C:\Users\cfk30\OneDrive\Documents\ECE4910\thesis\flash_attn\hls_config.cfg --work_dir flash_attn 

FINAL PROGRAM OPTIONS
--config C:\Users\cfk30\OneDrive\Documents\ECE4910\thesis\flash_attn\hls_config.cfg
--csim
--hls.flow_target vivado
--hls.package.output.format ip_catalog
--hls.package.output.syn false
--hls.syn.file flash_attn.cpp
--hls.syn.file flash_attn.h
--hls.syn.top array_passthrough
--hls.tb.file flash_attn_tb.cpp
--mode hls
--part xc7z020clg400-1
--work_dir flash_attn

PARSED COMMAND LINE OPTIONS
--mode hls 
--csim 
--config C:\Users\cfk30\OneDrive\Documents\ECE4910\thesis\flash_attn\hls_config.cfg 
--work_dir flash_attn 

PARSED CONFIG FILE (1) OPTIONS
file: C:\Users\cfk30\OneDrive\Documents\ECE4910\thesis\flash_attn\hls_config.cfg
part xc7z020clg400-1 
hls.flow_target vivado 
hls.package.output.format ip_catalog 
hls.package.output.syn false 
hls.syn.file flash_attn.cpp 
hls.syn.file flash_attn.h 
hls.tb.file flash_attn_tb.cpp 
hls.syn.top array_passthrough 


==========================================
new:  steps log generated by v++ for new launch 
timestamp: 20 Mar 2025 21:48:34

------------------------------------------
V++ command line :
------------------------------------------
C:/Xilinx/Vitis/2024.2/bin/unwrapped/win64.o/v++.exe -c --mode hls --config C:\Users\cfk30\OneDrive\Documents\ECE4910\thesis\flash_attn\hls_config.cfg --work_dir flash_attn 
  Options from -O    : 
  Options from *.ini : 
  Options from Hw Platform : 

==========================================
new:  steps log generated by v++ for new launch 
timestamp: 20 Mar 2025 21:49:53

------------------------------------------
VITIS-RUN command line :
------------------------------------------
C:/Xilinx/Vitis/2024.2/bin/unwrapped/win64.o/vitis-run.exe --mode hls --cosim --config C:\Users\cfk30\OneDrive\Documents\ECE4910\thesis\flash_attn\hls_config.cfg --work_dir flash_attn 
  Options from -O    : 
  Options from *.ini : 
  Options from Hw Platform : 

==========================================
new:  steps log generated by v++ for new launch 
timestamp: 20 Mar 2025 21:50:26

------------------------------------------
VITIS-RUN command line :
------------------------------------------
C:/Xilinx/Vitis/2024.2/bin/unwrapped/win64.o/vitis-run.exe --mode hls --package --config C:\Users\cfk30\OneDrive\Documents\ECE4910\thesis\flash_attn\hls_config.cfg --work_dir flash_attn 
  Options from -O    : 
  Options from *.ini : 
  Options from Hw Platform : 

==========================================
new:  steps log generated by v++ for new launch 
timestamp: 20 Mar 2025 21:53:18

------------------------------------------
VITIS-RUN command line :
------------------------------------------
C:/Xilinx/Vitis/2024.2/bin/unwrapped/win64.o/vitis-run.exe --mode hls --impl --config C:\Users\cfk30\OneDrive\Documents\ECE4910\thesis\flash_attn\hls_config.cfg --work_dir flash_attn 
  Options from -O    : 
  Options from *.ini : 
  Options from Hw Platform : 

==========================================
new:  steps log generated by v++ for new launch 
timestamp: 20 Mar 2025 21:54:11

------------------------------------------
VITIS-RUN command line :
------------------------------------------
C:/Xilinx/Vitis/2024.2/bin/unwrapped/win64.o/vitis-run.exe --mode hls --csim --config C:\Users\cfk30\OneDrive\Documents\ECE4910\thesis\flash_attn\hls_config.cfg --work_dir flash_attn 
  Options from -O    : 
  Options from *.ini : 
  Options from Hw Platform : 

==========================================
new:  steps log generated by v++ for new launch 
timestamp: 20 Mar 2025 22:37:11

------------------------------------------
V++ command line :
------------------------------------------
C:/Xilinx/Vitis/2024.2/bin/unwrapped/win64.o/v++.exe -c --mode hls --config C:\Users\cfk30\OneDrive\Documents\ECE4910\thesis\flash_attn\hls_config.cfg --work_dir flash_attn 
  Options from -O    : 
  Options from *.ini : 
  Options from Hw Platform : 

==========================================
new:  steps log generated by v++ for new launch 
timestamp: 20 Mar 2025 22:37:34

------------------------------------------
VITIS-RUN command line :
------------------------------------------
C:/Xilinx/Vitis/2024.2/bin/unwrapped/win64.o/vitis-run.exe --mode hls --cosim --config C:\Users\cfk30\OneDrive\Documents\ECE4910\thesis\flash_attn\hls_config.cfg --work_dir flash_attn 
  Options from -O    : 
  Options from *.ini : 
  Options from Hw Platform : 

==========================================
new:  steps log generated by v++ for new launch 
timestamp: 20 Mar 2025 22:38:30

------------------------------------------
VITIS-RUN command line :
------------------------------------------
C:/Xilinx/Vitis/2024.2/bin/unwrapped/win64.o/vitis-run.exe --mode hls --package --config C:\Users\cfk30\OneDrive\Documents\ECE4910\thesis\flash_attn\hls_config.cfg --work_dir flash_attn 
  Options from -O    : 
  Options from *.ini : 
  Options from Hw Platform : 

==========================================
new:  steps log generated by v++ for new launch 
timestamp: 20 Mar 2025 22:39:23

------------------------------------------
VITIS-RUN command line :
------------------------------------------
C:/Xilinx/Vitis/2024.2/bin/unwrapped/win64.o/vitis-run.exe --mode hls --csim --config C:\Users\cfk30\OneDrive\Documents\ECE4910\thesis\flash_attn\hls_config.cfg --work_dir flash_attn 
  Options from -O    : 
  Options from *.ini : 
  Options from Hw Platform : 

==========================================
new:  steps log generated by v++ for new launch 
timestamp: 20 Mar 2025 23:37:16

------------------------------------------
V++ command line :
------------------------------------------
C:/Xilinx/Vitis/2024.2/bin/unwrapped/win64.o/v++.exe -c --mode hls --config C:\Users\cfk30\OneDrive\Documents\ECE4910\thesis\flash_attn\hls_config.cfg --work_dir flash_attn 
  Options from -O    : 
  Options from *.ini : 
  Options from Hw Platform : 

==========================================
new:  steps log generated by v++ for new launch 
timestamp: 20 Mar 2025 23:38:33

------------------------------------------
VITIS-RUN command line :
------------------------------------------
C:/Xilinx/Vitis/2024.2/bin/unwrapped/win64.o/vitis-run.exe --mode hls --package --config C:\Users\cfk30\OneDrive\Documents\ECE4910\thesis\flash_attn\hls_config.cfg --work_dir flash_attn 
  Options from -O    : 
  Options from *.ini : 
  Options from Hw Platform : 

==========================================
new:  steps log generated by v++ for new launch 
timestamp: 20 Mar 2025 23:39:31

------------------------------------------
VITIS-RUN command line :
------------------------------------------
C:/Xilinx/Vitis/2024.2/bin/unwrapped/win64.o/vitis-run.exe --mode hls --package --config C:\Users\cfk30\OneDrive\Documents\ECE4910\thesis\flash_attn\hls_config.cfg --work_dir flash_attn 
  Options from -O    : 
  Options from *.ini : 
  Options from Hw Platform : 

==========================================
new:  steps log generated by v++ for new launch 
timestamp: 20 Mar 2025 23:51:49

------------------------------------------
VITIS-RUN command line :
------------------------------------------
C:/Xilinx/Vitis/2024.2/bin/unwrapped/win64.o/vitis-run.exe --mode hls --csim --config C:\Users\cfk30\OneDrive\Documents\ECE4910\thesis\flash_attn\hls_config.cfg --work_dir flash_attn 
  Options from -O    : 
  Options from *.ini : 
  Options from Hw Platform : 

==========================================
new:  steps log generated by v++ for new launch 
timestamp: 20 Mar 2025 23:52:15

------------------------------------------
V++ command line :
------------------------------------------
C:/Xilinx/Vitis/2024.2/bin/unwrapped/win64.o/v++.exe -c --mode hls --config C:\Users\cfk30\OneDrive\Documents\ECE4910\thesis\flash_attn\hls_config.cfg --work_dir flash_attn 
  Options from -O    : 
  Options from *.ini : 
  Options from Hw Platform : 

==========================================
new:  steps log generated by v++ for new launch 
timestamp: 20 Mar 2025 23:52:31

------------------------------------------
VITIS-RUN command line :
------------------------------------------
C:/Xilinx/Vitis/2024.2/bin/unwrapped/win64.o/vitis-run.exe --mode hls --package --config C:\Users\cfk30\OneDrive\Documents\ECE4910\thesis\flash_attn\hls_config.cfg --work_dir flash_attn 
  Options from -O    : 
  Options from *.ini : 
  Options from Hw Platform : 

==========================================
new:  steps log generated by v++ for new launch 
timestamp: 20 Mar 2025 23:53:13

------------------------------------------
V++ command line :
------------------------------------------
C:/Xilinx/Vitis/2024.2/bin/unwrapped/win64.o/v++.exe -c --mode hls --config C:\Users\cfk30\OneDrive\Documents\ECE4910\thesis\flash_attn\hls_config.cfg --work_dir flash_attn 
  Options from -O    : 
  Options from *.ini : 
  Options from Hw Platform : 

==========================================
new:  steps log generated by v++ for new launch 
timestamp: 20 Mar 2025 23:57:14

------------------------------------------
VITIS-RUN command line :
------------------------------------------
C:/Xilinx/Vitis/2024.2/bin/unwrapped/win64.o/vitis-run.exe --mode hls --package --config C:\Users\cfk30\OneDrive\Documents\ECE4910\thesis\flash_attn\hls_config.cfg --work_dir flash_attn 
  Options from -O    : 
  Options from *.ini : 
  Options from Hw Platform : 

==========================================
new:  steps log generated by v++ for new launch 
timestamp: 20 Mar 2025 23:57:47

------------------------------------------
V++ command line :
------------------------------------------
C:/Xilinx/Vitis/2024.2/bin/unwrapped/win64.o/v++.exe -c --mode hls --config C:\Users\cfk30\OneDrive\Documents\ECE4910\thesis\flash_attn\hls_config.cfg --work_dir flash_attn 
  Options from -O    : 
  Options from *.ini : 
  Options from Hw Platform : 

==========================================
new:  steps log generated by v++ for new launch 
timestamp: 21 Mar 2025 00:03:57

------------------------------------------
VITIS-RUN command line :
------------------------------------------
C:/Xilinx/Vitis/2024.2/bin/unwrapped/win64.o/vitis-run.exe --mode hls --package --config C:\Users\cfk30\OneDrive\Documents\ECE4910\thesis\flash_attn\hls_config.cfg --work_dir flash_attn 
  Options from -O    : 
  Options from *.ini : 
  Options from Hw Platform : 

==========================================
new:  steps log generated by v++ for new launch 
timestamp: 21 Mar 2025 00:04:29

------------------------------------------
VITIS-RUN command line :
------------------------------------------
C:/Xilinx/Vitis/2024.2/bin/unwrapped/win64.o/vitis-run.exe --mode hls --csim --config C:\Users\cfk30\OneDrive\Documents\ECE4910\thesis\flash_attn\hls_config.cfg --work_dir flash_attn 
  Options from -O    : 
  Options from *.ini : 
  Options from Hw Platform : 

==========================================
new:  steps log generated by v++ for new launch 
timestamp: 21 Mar 2025 00:31:19

------------------------------------------
VITIS-RUN command line :
------------------------------------------
C:/Xilinx/Vitis/2024.2/bin/unwrapped/win64.o/vitis-run.exe --mode hls --csim --config C:\Users\cfk30\OneDrive\Documents\ECE4910\thesis\flash_attn\hls_config.cfg --work_dir flash_attn 
  Options from -O    : 
  Options from *.ini : 
  Options from Hw Platform : 

==========================================
new:  steps log generated by v++ for new launch 
timestamp: 21 Mar 2025 00:31:44

------------------------------------------
VITIS-RUN command line :
------------------------------------------
C:/Xilinx/Vitis/2024.2/bin/unwrapped/win64.o/vitis-run.exe --mode hls --csim --config C:\Users\cfk30\OneDrive\Documents\ECE4910\thesis\flash_attn\hls_config.cfg --work_dir flash_attn 
  Options from -O    : 
  Options from *.ini : 
  Options from Hw Platform : 

==========================================
new:  steps log generated by v++ for new launch 
timestamp: 21 Mar 2025 00:32:38

------------------------------------------
VITIS-RUN command line :
------------------------------------------
C:/Xilinx/Vitis/2024.2/bin/unwrapped/win64.o/vitis-run.exe --mode hls --csim --config C:\Users\cfk30\OneDrive\Documents\ECE4910\thesis\flash_attn\hls_config.cfg --work_dir flash_attn 
  Options from -O    : 
  Options from *.ini : 
  Options from Hw Platform : 

==========================================
new:  steps log generated by v++ for new launch 
timestamp: 21 Mar 2025 00:33:11

------------------------------------------
VITIS-RUN command line :
------------------------------------------
C:/Xilinx/Vitis/2024.2/bin/unwrapped/win64.o/vitis-run.exe --mode hls --csim --config C:\Users\cfk30\OneDrive\Documents\ECE4910\thesis\flash_attn\hls_config.cfg --work_dir flash_attn 
  Options from -O    : 
  Options from *.ini : 
  Options from Hw Platform : 

==========================================
new:  steps log generated by v++ for new launch 
timestamp: 21 Mar 2025 00:34:26

------------------------------------------
VITIS-RUN command line :
------------------------------------------
C:/Xilinx/Vitis/2024.2/bin/unwrapped/win64.o/vitis-run.exe --mode hls --package --config C:\Users\cfk30\OneDrive\Documents\ECE4910\thesis\flash_attn\hls_config.cfg --work_dir flash_attn 
  Options from -O    : 
  Options from *.ini : 
  Options from Hw Platform : 

==========================================
new:  steps log generated by v++ for new launch 
timestamp: 21 Mar 2025 00:34:48

------------------------------------------
VITIS-RUN command line :
------------------------------------------
C:/Xilinx/Vitis/2024.2/bin/unwrapped/win64.o/vitis-run.exe --mode hls --package --config C:\Users\cfk30\OneDrive\Documents\ECE4910\thesis\flash_attn\hls_config.cfg --work_dir flash_attn 
  Options from -O    : 
  Options from *.ini : 
  Options from Hw Platform : 

==========================================
new:  steps log generated by v++ for new launch 
timestamp: 21 Mar 2025 00:36:52

------------------------------------------
V++ command line :
------------------------------------------
C:/Xilinx/Vitis/2024.2/bin/unwrapped/win64.o/v++.exe -c --mode hls --config C:\Users\cfk30\OneDrive\Documents\ECE4910\thesis\flash_attn\hls_config.cfg --work_dir flash_attn 
  Options from -O    : 
  Options from *.ini : 
  Options from Hw Platform : 

==========================================
new:  steps log generated by v++ for new launch 
timestamp: 21 Mar 2025 00:37:23

------------------------------------------
VITIS-RUN command line :
------------------------------------------
C:/Xilinx/Vitis/2024.2/bin/unwrapped/win64.o/vitis-run.exe --mode hls --package --config C:\Users\cfk30\OneDrive\Documents\ECE4910\thesis\flash_attn\hls_config.cfg --work_dir flash_attn 
  Options from -O    : 
  Options from *.ini : 
  Options from Hw Platform : 

==========================================
new:  steps log generated by v++ for new launch 
timestamp: 21 Mar 2025 00:38:01

------------------------------------------
VITIS-RUN command line :
------------------------------------------
C:/Xilinx/Vitis/2024.2/bin/unwrapped/win64.o/vitis-run.exe --mode hls --package --config C:\Users\cfk30\OneDrive\Documents\ECE4910\thesis\flash_attn\hls_config.cfg --work_dir flash_attn 
  Options from -O    : 
  Options from *.ini : 
  Options from Hw Platform : 

==========================================
new:  steps log generated by v++ for new launch 
timestamp: 21 Mar 2025 00:41:01

------------------------------------------
V++ command line :
------------------------------------------
C:/Xilinx/Vitis/2024.2/bin/unwrapped/win64.o/v++.exe -c --mode hls --config C:\Users\cfk30\OneDrive\Documents\ECE4910\thesis\flash_attn\hls_config.cfg --work_dir flash_attn 
  Options from -O    : 
  Options from *.ini : 
  Options from Hw Platform : 

==========================================
new:  steps log generated by v++ for new launch 
timestamp: 21 Mar 2025 00:41:37

------------------------------------------
VITIS-RUN command line :
------------------------------------------
C:/Xilinx/Vitis/2024.2/bin/unwrapped/win64.o/vitis-run.exe --mode hls --package --config C:\Users\cfk30\OneDrive\Documents\ECE4910\thesis\flash_attn\hls_config.cfg --work_dir flash_attn 
  Options from -O    : 
  Options from *.ini : 
  Options from Hw Platform : 

==========================================
new:  steps log generated by v++ for new launch 
timestamp: 21 Mar 2025 00:42:02

------------------------------------------
VITIS-RUN command line :
------------------------------------------
C:/Xilinx/Vitis/2024.2/bin/unwrapped/win64.o/vitis-run.exe --mode hls --csim --config C:\Users\cfk30\OneDrive\Documents\ECE4910\thesis\flash_attn\hls_config.cfg --work_dir flash_attn 
  Options from -O    : 
  Options from *.ini : 
  Options from Hw Platform : 

==========================================
new:  steps log generated by v++ for new launch 
timestamp: 21 Mar 2025 01:44:28

------------------------------------------
V++ command line :
------------------------------------------
C:/Xilinx/Vitis/2024.2/bin/unwrapped/win64.o/v++.exe -c --mode hls --config C:\Users\cfk30\OneDrive\Documents\ECE4910\thesis\flash_attn\hls_config.cfg --work_dir flash_attn 
  Options from -O    : 
  Options from *.ini : 
  Options from Hw Platform : 

==========================================
new:  steps log generated by v++ for new launch 
timestamp: 21 Mar 2025 01:44:46

------------------------------------------
VITIS-RUN command line :
------------------------------------------
C:/Xilinx/Vitis/2024.2/bin/unwrapped/win64.o/vitis-run.exe --mode hls --package --config C:\Users\cfk30\OneDrive\Documents\ECE4910\thesis\flash_attn\hls_config.cfg --work_dir flash_attn 
  Options from -O    : 
  Options from *.ini : 
  Options from Hw Platform : 

==========================================
new:  steps log generated by v++ for new launch 
timestamp: 21 Mar 2025 01:45:12

------------------------------------------
VITIS-RUN command line :
------------------------------------------
C:/Xilinx/Vitis/2024.2/bin/unwrapped/win64.o/vitis-run.exe --mode hls --csim --config C:\Users\cfk30\OneDrive\Documents\ECE4910\thesis\flash_attn\hls_config.cfg --work_dir flash_attn 
  Options from -O    : 
  Options from *.ini : 
  Options from Hw Platform : 

==========================================
new:  steps log generated by v++ for new launch 
timestamp: 21 Mar 2025 10:00:30

------------------------------------------
V++ command line :
------------------------------------------
C:/Xilinx/Vitis/2024.2/bin/unwrapped/win64.o/v++.exe -c --mode hls --config C:\Users\cfk30\OneDrive\Documents\ECE4910\thesis\flash_attn\hls_config.cfg --work_dir flash_attn 
  Options from -O    : 
  Options from *.ini : 
  Options from Hw Platform : 

==========================================
new:  steps log generated by v++ for new launch 
timestamp: 21 Mar 2025 10:02:06

------------------------------------------
V++ command line :
------------------------------------------
C:/Xilinx/Vitis/2024.2/bin/unwrapped/win64.o/v++.exe -c --mode hls --config C:\Users\cfk30\OneDrive\Documents\ECE4910\thesis\flash_attn\hls_config.cfg --work_dir flash_attn 
  Options from -O    : 
  Options from *.ini : 
  Options from Hw Platform : 

==========================================
new:  steps log generated by v++ for new launch 
timestamp: 21 Mar 2025 10:03:09

------------------------------------------
VITIS-RUN command line :
------------------------------------------
C:/Xilinx/Vitis/2024.2/bin/unwrapped/win64.o/vitis-run.exe --mode hls --package --config C:\Users\cfk30\OneDrive\Documents\ECE4910\thesis\flash_attn\hls_config.cfg --work_dir flash_attn 
  Options from -O    : 
  Options from *.ini : 
  Options from Hw Platform : 

==========================================
new:  steps log generated by v++ for new launch 
timestamp: 21 Mar 2025 10:04:05

------------------------------------------
VITIS-RUN command line :
------------------------------------------
C:/Xilinx/Vitis/2024.2/bin/unwrapped/win64.o/vitis-run.exe --mode hls --cosim --config C:\Users\cfk30\OneDrive\Documents\ECE4910\thesis\flash_attn\hls_config.cfg --work_dir flash_attn 
  Options from -O    : 
  Options from *.ini : 
  Options from Hw Platform : 

==========================================
new:  steps log generated by v++ for new launch 
timestamp: 21 Mar 2025 13:43:48

------------------------------------------
VITIS-RUN command line :
------------------------------------------
C:/Xilinx/Vitis/2024.2/bin/unwrapped/win64.o/vitis-run.exe --mode hls --csim --config C:\Users\cfk30\OneDrive\Documents\ECE4910\thesis\flash_attn\hls_config.cfg --work_dir flash_attn 
  Options from -O    : 
  Options from *.ini : 
  Options from Hw Platform : 

==========================================
new:  steps log generated by v++ for new launch 
timestamp: 01 Apr 2025 11:03:03

------------------------------------------
V++ command line :
------------------------------------------
C:/Xilinx/Vitis/2024.2/bin/unwrapped/win64.o/v++.exe -c --mode hls --config C:\Users\cfk30\OneDrive\Documents\ECE4910\thesis\flash_attn\hls_config.cfg --work_dir flash_attn 
  Options from -O    : 
  Options from *.ini : 
  Options from Hw Platform : 

==========================================
new:  steps log generated by v++ for new launch 
timestamp: 01 Apr 2025 11:03:25

------------------------------------------
VITIS-RUN command line :
------------------------------------------
C:/Xilinx/Vitis/2024.2/bin/unwrapped/win64.o/vitis-run.exe --mode hls --csim --config C:\Users\cfk30\OneDrive\Documents\ECE4910\thesis\flash_attn\hls_config.cfg --work_dir flash_attn 
  Options from -O    : 
  Options from *.ini : 
  Options from Hw Platform : 

==========================================
new:  steps log generated by v++ for new launch 
timestamp: 01 Apr 2025 11:08:03

------------------------------------------
V++ command line :
------------------------------------------
C:/Xilinx/Vitis/2024.2/bin/unwrapped/win64.o/v++.exe -c --mode hls --config C:\Users\cfk30\OneDrive\Documents\ECE4910\thesis\flash_attn\hls_config.cfg --work_dir flash_attn 
  Options from -O    : 
  Options from *.ini : 
  Options from Hw Platform : 

==========================================
new:  steps log generated by v++ for new launch 
timestamp: 01 Apr 2025 11:08:17

------------------------------------------
V++ command line :
------------------------------------------
C:/Xilinx/Vitis/2024.2/bin/unwrapped/win64.o/v++.exe -c --mode hls --config C:\Users\cfk30\OneDrive\Documents\ECE4910\thesis\flash_attn\hls_config.cfg --work_dir flash_attn 
  Options from -O    : 
  Options from *.ini : 
  Options from Hw Platform : 

==========================================
new:  steps log generated by v++ for new launch 
timestamp: 01 Apr 2025 11:09:05

------------------------------------------
VITIS-RUN command line :
------------------------------------------
C:/Xilinx/Vitis/2024.2/bin/unwrapped/win64.o/vitis-run.exe --mode hls --csim --config C:\Users\cfk30\OneDrive\Documents\ECE4910\thesis\flash_attn\hls_config.cfg --work_dir flash_attn 
  Options from -O    : 
  Options from *.ini : 
  Options from Hw Platform : 

==========================================
new:  steps log generated by v++ for new launch 
timestamp: 01 Apr 2025 11:09:32

------------------------------------------
VITIS-RUN command line :
------------------------------------------
C:/Xilinx/Vitis/2024.2/bin/unwrapped/win64.o/vitis-run.exe --mode hls --package --config C:\Users\cfk30\OneDrive\Documents\ECE4910\thesis\flash_attn\hls_config.cfg --work_dir flash_attn 
  Options from -O    : 
  Options from *.ini : 
  Options from Hw Platform : 

==========================================
new:  steps log generated by v++ for new launch 
timestamp: 01 Apr 2025 11:09:58

------------------------------------------
VITIS-RUN command line :
------------------------------------------
C:/Xilinx/Vitis/2024.2/bin/unwrapped/win64.o/vitis-run.exe --mode hls --impl --config C:\Users\cfk30\OneDrive\Documents\ECE4910\thesis\flash_attn\hls_config.cfg --work_dir flash_attn 
  Options from -O    : 
  Options from *.ini : 
  Options from Hw Platform : 

==========================================
new:  steps log generated by v++ for new launch 
timestamp: 01 Apr 2025 11:10:43

------------------------------------------
VITIS-RUN command line :
------------------------------------------
C:/Xilinx/Vitis/2024.2/bin/unwrapped/win64.o/vitis-run.exe --mode hls --csim --config C:\Users\cfk30\OneDrive\Documents\ECE4910\thesis\flash_attn\hls_config.cfg --work_dir flash_attn 
  Options from -O    : 
  Options from *.ini : 
  Options from Hw Platform : 

==========================================
new:  steps log generated by v++ for new launch 
timestamp: 06 Apr 2025 22:15:31

------------------------------------------
VITIS-RUN command line :
------------------------------------------
C:/Xilinx/Vitis/2024.2/bin/unwrapped/win64.o/vitis-run.exe --mode hls --csim --config C:\Users\cfk30\OneDrive\Documents\ECE4910\thesis\flash_attn\hls_config.cfg --work_dir flash_attn 
  Options from -O    : 
  Options from *.ini : 
  Options from Hw Platform : 

==========================================
new:  steps log generated by v++ for new launch 
timestamp: 06 Apr 2025 22:16:10

------------------------------------------
VITIS-RUN command line :
------------------------------------------
C:/Xilinx/Vitis/2024.2/bin/unwrapped/win64.o/vitis-run.exe --mode hls --csim --config C:\Users\cfk30\OneDrive\Documents\ECE4910\thesis\flash_attn\hls_config.cfg --work_dir flash_attn 
  Options from -O    : 
  Options from *.ini : 
  Options from Hw Platform : 

==========================================
new:  steps log generated by v++ for new launch 
timestamp: 06 Apr 2025 22:16:57

------------------------------------------
VITIS-RUN command line :
------------------------------------------
C:/Xilinx/Vitis/2024.2/bin/unwrapped/win64.o/vitis-run.exe --mode hls --csim --config C:\Users\cfk30\OneDrive\Documents\ECE4910\thesis\flash_attn\hls_config.cfg --work_dir flash_attn 
  Options from -O    : 
  Options from *.ini : 
  Options from Hw Platform : 

==========================================
new:  steps log generated by v++ for new launch 
timestamp: 06 Apr 2025 22:19:40

------------------------------------------
VITIS-RUN command line :
------------------------------------------
C:/Xilinx/Vitis/2024.2/bin/unwrapped/win64.o/vitis-run.exe --mode hls --csim --config C:\Users\cfk30\OneDrive\Documents\ECE4910\thesis\flash_attn\hls_config.cfg --work_dir flash_attn 
  Options from -O    : 
  Options from *.ini : 
  Options from Hw Platform : 

==========================================
new:  steps log generated by v++ for new launch 
timestamp: 06 Apr 2025 22:21:17

------------------------------------------
V++ command line :
------------------------------------------
C:/Xilinx/Vitis/2024.2/bin/unwrapped/win64.o/v++.exe -c --mode hls --config C:\Users\cfk30\OneDrive\Documents\ECE4910\thesis\flash_attn\hls_config.cfg --work_dir flash_attn 
  Options from -O    : 
  Options from *.ini : 
  Options from Hw Platform : 

==========================================
new:  steps log generated by v++ for new launch 
timestamp: 06 Apr 2025 22:21:58

------------------------------------------
VITIS-RUN command line :
------------------------------------------
C:/Xilinx/Vitis/2024.2/bin/unwrapped/win64.o/vitis-run.exe --mode hls --cosim --config C:\Users\cfk30\OneDrive\Documents\ECE4910\thesis\flash_attn\hls_config.cfg --work_dir flash_attn 
  Options from -O    : 
  Options from *.ini : 
  Options from Hw Platform : 

==========================================
new:  steps log generated by v++ for new launch 
timestamp: 06 Apr 2025 22:24:04

------------------------------------------
VITIS-RUN command line :
------------------------------------------
C:/Xilinx/Vitis/2024.2/bin/unwrapped/win64.o/vitis-run.exe --mode hls --package --config C:\Users\cfk30\OneDrive\Documents\ECE4910\thesis\flash_attn\hls_config.cfg --work_dir flash_attn 
  Options from -O    : 
  Options from *.ini : 
  Options from Hw Platform : 

==========================================
new:  steps log generated by v++ for new launch 
timestamp: 06 Apr 2025 22:25:39

------------------------------------------
VITIS-RUN command line :
------------------------------------------
C:/Xilinx/Vitis/2024.2/bin/unwrapped/win64.o/vitis-run.exe --mode hls --impl --config C:\Users\cfk30\OneDrive\Documents\ECE4910\thesis\flash_attn\hls_config.cfg --work_dir flash_attn 
  Options from -O    : 
  Options from *.ini : 
  Options from Hw Platform : 

==========================================
new:  steps log generated by v++ for new launch 
timestamp: 06 Apr 2025 22:26:07

------------------------------------------
VITIS-RUN command line :
------------------------------------------
C:/Xilinx/Vitis/2024.2/bin/unwrapped/win64.o/vitis-run.exe --mode hls --csim --config C:\Users\cfk30\OneDrive\Documents\ECE4910\thesis\flash_attn\hls_config.cfg --work_dir flash_attn 
  Options from -O    : 
  Options from *.ini : 
  Options from Hw Platform : 

==========================================
new:  steps log generated by v++ for new launch 
timestamp: 07 Apr 2025 09:10:53

------------------------------------------
VITIS-RUN command line :
------------------------------------------
C:/Xilinx/Vitis/2024.2/bin/unwrapped/win64.o/vitis-run.exe --mode hls --csim --config C:\Users\cfk30\OneDrive\Documents\ECE4910\thesis\flash_attn\hls_config.cfg --work_dir flash_attn 
  Options from -O    : 
  Options from *.ini : 
  Options from Hw Platform : 

==========================================
new:  steps log generated by v++ for new launch 
timestamp: 07 Apr 2025 09:12:16

------------------------------------------
VITIS-RUN command line :
------------------------------------------
C:/Xilinx/Vitis/2024.2/bin/unwrapped/win64.o/vitis-run.exe --mode hls --csim --config C:\Users\cfk30\OneDrive\Documents\ECE4910\thesis\flash_attn\hls_config.cfg --work_dir flash_attn 
  Options from -O    : 
  Options from *.ini : 
  Options from Hw Platform : 

==========================================
new:  steps log generated by v++ for new launch 
timestamp: 07 Apr 2025 09:14:04

------------------------------------------
VITIS-RUN command line :
------------------------------------------
C:/Xilinx/Vitis/2024.2/bin/unwrapped/win64.o/vitis-run.exe --mode hls --csim --config C:\Users\cfk30\OneDrive\Documents\ECE4910\thesis\flash_attn\hls_config.cfg --work_dir flash_attn 
  Options from -O    : 
  Options from *.ini : 
  Options from Hw Platform : 

==========================================
new:  steps log generated by v++ for new launch 
timestamp: 07 Apr 2025 09:17:14

------------------------------------------
VITIS-RUN command line :
------------------------------------------
C:/Xilinx/Vitis/2024.2/bin/unwrapped/win64.o/vitis-run.exe --mode hls --csim --config C:\Users\cfk30\OneDrive\Documents\ECE4910\thesis\flash_attn\hls_config.cfg --work_dir flash_attn 
  Options from -O    : 
  Options from *.ini : 
  Options from Hw Platform : 

==========================================
new:  steps log generated by v++ for new launch 
timestamp: 07 Apr 2025 09:18:22

------------------------------------------
V++ command line :
------------------------------------------
C:/Xilinx/Vitis/2024.2/bin/unwrapped/win64.o/v++.exe -c --mode hls --config C:\Users\cfk30\OneDrive\Documents\ECE4910\thesis\flash_attn\hls_config.cfg --work_dir flash_attn 
  Options from -O    : 
  Options from *.ini : 
  Options from Hw Platform : 

==========================================
new:  steps log generated by v++ for new launch 
timestamp: 07 Apr 2025 09:20:05

------------------------------------------
VITIS-RUN command line :
------------------------------------------
C:/Xilinx/Vitis/2024.2/bin/unwrapped/win64.o/vitis-run.exe --mode hls --cosim --config C:\Users\cfk30\OneDrive\Documents\ECE4910\thesis\flash_attn\hls_config.cfg --work_dir flash_attn 
  Options from -O    : 
  Options from *.ini : 
  Options from Hw Platform : 

==========================================
new:  steps log generated by v++ for new launch 
timestamp: 07 Apr 2025 09:30:16

------------------------------------------
VITIS-RUN command line :
------------------------------------------
C:/Xilinx/Vitis/2024.2/bin/unwrapped/win64.o/vitis-run.exe --mode hls --package --config C:\Users\cfk30\OneDrive\Documents\ECE4910\thesis\flash_attn\hls_config.cfg --work_dir flash_attn 
  Options from -O    : 
  Options from *.ini : 
  Options from Hw Platform : 

==========================================
new:  steps log generated by v++ for new launch 
timestamp: 07 Apr 2025 09:31:21

------------------------------------------
VITIS-RUN command line :
------------------------------------------
C:/Xilinx/Vitis/2024.2/bin/unwrapped/win64.o/vitis-run.exe --mode hls --impl --config C:\Users\cfk30\OneDrive\Documents\ECE4910\thesis\flash_attn\hls_config.cfg --work_dir flash_attn 
  Options from -O    : 
  Options from *.ini : 
  Options from Hw Platform : 

==========================================
new:  steps log generated by v++ for new launch 
timestamp: 07 Apr 2025 09:33:08

------------------------------------------
VITIS-RUN command line :
------------------------------------------
C:/Xilinx/Vitis/2024.2/bin/unwrapped/win64.o/vitis-run.exe --mode hls --csim --config C:\Users\cfk30\OneDrive\Documents\ECE4910\thesis\flash_attn\hls_config.cfg --work_dir flash_attn 
  Options from -O    : 
  Options from *.ini : 
  Options from Hw Platform : 

==========================================
new:  steps log generated by v++ for new launch 
timestamp: 07 Apr 2025 10:51:54

------------------------------------------
V++ command line :
------------------------------------------
C:/Xilinx/Vitis/2024.2/bin/unwrapped/win64.o/v++.exe -c --mode hls --config C:\Users\cfk30\OneDrive\Documents\ECE4910\thesis\flash_attn\hls_config.cfg --work_dir flash_attn 
  Options from -O    : 
  Options from *.ini : 
  Options from Hw Platform : 

==========================================
new:  steps log generated by v++ for new launch 
timestamp: 07 Apr 2025 10:52:13

------------------------------------------
V++ command line :
------------------------------------------
C:/Xilinx/Vitis/2024.2/bin/unwrapped/win64.o/v++.exe -c --mode hls --config C:\Users\cfk30\OneDrive\Documents\ECE4910\thesis\flash_attn\hls_config.cfg --work_dir flash_attn 
  Options from -O    : 
  Options from *.ini : 
  Options from Hw Platform : 

==========================================
new:  steps log generated by v++ for new launch 
timestamp: 07 Apr 2025 10:52:59

------------------------------------------
VITIS-RUN command line :
------------------------------------------
C:/Xilinx/Vitis/2024.2/bin/unwrapped/win64.o/vitis-run.exe --mode hls --cosim --config C:\Users\cfk30\OneDrive\Documents\ECE4910\thesis\flash_attn\hls_config.cfg --work_dir flash_attn 
  Options from -O    : 
  Options from *.ini : 
  Options from Hw Platform : 

==========================================
new:  steps log generated by v++ for new launch 
timestamp: 07 Apr 2025 10:55:11

------------------------------------------
VITIS-RUN command line :
------------------------------------------
C:/Xilinx/Vitis/2024.2/bin/unwrapped/win64.o/vitis-run.exe --mode hls --package --config C:\Users\cfk30\OneDrive\Documents\ECE4910\thesis\flash_attn\hls_config.cfg --work_dir flash_attn 
  Options from -O    : 
  Options from *.ini : 
  Options from Hw Platform : 

==========================================
new:  steps log generated by v++ for new launch 
timestamp: 07 Apr 2025 10:58:23

------------------------------------------
VITIS-RUN command line :
------------------------------------------
C:/Xilinx/Vitis/2024.2/bin/unwrapped/win64.o/vitis-run.exe --mode hls --impl --config C:\Users\cfk30\OneDrive\Documents\ECE4910\thesis\flash_attn\hls_config.cfg --work_dir flash_attn 
  Options from -O    : 
  Options from *.ini : 
  Options from Hw Platform : 

==========================================
new:  steps log generated by v++ for new launch 
timestamp: 07 Apr 2025 10:58:48

------------------------------------------
VITIS-RUN command line :
------------------------------------------
C:/Xilinx/Vitis/2024.2/bin/unwrapped/win64.o/vitis-run.exe --mode hls --csim --config C:\Users\cfk30\OneDrive\Documents\ECE4910\thesis\flash_attn\hls_config.cfg --work_dir flash_attn 
  Options from -O    : 
  Options from *.ini : 
  Options from Hw Platform : 

==========================================
new:  steps log generated by v++ for new launch 
timestamp: 07 Apr 2025 11:29:31

------------------------------------------
VITIS-RUN command line :
------------------------------------------
C:/Xilinx/Vitis/2024.2/bin/unwrapped/win64.o/vitis-run.exe --mode hls --impl --config C:\Users\cfk30\OneDrive\Documents\ECE4910\thesis\flash_attn\hls_config.cfg --work_dir flash_attn 
  Options from -O    : 
  Options from *.ini : 
  Options from Hw Platform : 

==========================================
new:  steps log generated by v++ for new launch 
timestamp: 07 Apr 2025 11:32:45

------------------------------------------
V++ command line :
------------------------------------------
C:/Xilinx/Vitis/2024.2/bin/unwrapped/win64.o/v++.exe -c --mode hls --config C:\Users\cfk30\OneDrive\Documents\ECE4910\thesis\flash_attn\hls_config.cfg --work_dir flash_attn 
  Options from -O    : 
  Options from *.ini : 
  Options from Hw Platform : 

==========================================
new:  steps log generated by v++ for new launch 
timestamp: 07 Apr 2025 11:32:53

------------------------------------------
VITIS-RUN command line :
------------------------------------------
C:/Xilinx/Vitis/2024.2/bin/unwrapped/win64.o/vitis-run.exe --mode hls --cosim --config C:\Users\cfk30\OneDrive\Documents\ECE4910\thesis\flash_attn\hls_config.cfg --work_dir flash_attn 
  Options from -O    : 
  Options from *.ini : 
  Options from Hw Platform : 

==========================================
new:  steps log generated by v++ for new launch 
timestamp: 07 Apr 2025 11:36:38

------------------------------------------
VITIS-RUN command line :
------------------------------------------
C:/Xilinx/Vitis/2024.2/bin/unwrapped/win64.o/vitis-run.exe --mode hls --package --config C:\Users\cfk30\OneDrive\Documents\ECE4910\thesis\flash_attn\hls_config.cfg --work_dir flash_attn 
  Options from -O    : 
  Options from *.ini : 
  Options from Hw Platform : 

==========================================
new:  steps log generated by v++ for new launch 
timestamp: 07 Apr 2025 11:39:35

------------------------------------------
VITIS-RUN command line :
------------------------------------------
C:/Xilinx/Vitis/2024.2/bin/unwrapped/win64.o/vitis-run.exe --mode hls --impl --config C:\Users\cfk30\OneDrive\Documents\ECE4910\thesis\flash_attn\hls_config.cfg --work_dir flash_attn 
  Options from -O    : 
  Options from *.ini : 
  Options from Hw Platform : 

==========================================
new:  steps log generated by v++ for new launch 
timestamp: 07 Apr 2025 11:41:49

------------------------------------------
VITIS-RUN command line :
------------------------------------------
C:/Xilinx/Vitis/2024.2/bin/unwrapped/win64.o/vitis-run.exe --mode hls --csim --config C:\Users\cfk30\OneDrive\Documents\ECE4910\thesis\flash_attn\hls_config.cfg --work_dir flash_attn 
  Options from -O    : 
  Options from *.ini : 
  Options from Hw Platform : 

==========================================
new:  steps log generated by v++ for new launch 
timestamp: 09 Apr 2025 14:18:15

------------------------------------------
VITIS-RUN command line :
------------------------------------------
C:/Xilinx/Vitis/2024.2/bin/unwrapped/win64.o/vitis-run.exe --mode hls --csim --config C:\Users\cfk30\OneDrive\Documents\ECE4910\thesis\flash_attn\hls_config.cfg --work_dir flash_attn 
  Options from -O    : 
  Options from *.ini : 
  Options from Hw Platform : 

==========================================
new:  steps log generated by v++ for new launch 
timestamp: 09 Apr 2025 14:18:42

------------------------------------------
VITIS-RUN command line :
------------------------------------------
C:/Xilinx/Vitis/2024.2/bin/unwrapped/win64.o/vitis-run.exe --mode hls --csim --config C:\Users\cfk30\OneDrive\Documents\ECE4910\thesis\flash_attn\hls_config.cfg --work_dir flash_attn 
  Options from -O    : 
  Options from *.ini : 
  Options from Hw Platform : 

==========================================
new:  steps log generated by v++ for new launch 
timestamp: 09 Apr 2025 14:19:27

------------------------------------------
VITIS-RUN command line :
------------------------------------------
C:/Xilinx/Vitis/2024.2/bin/unwrapped/win64.o/vitis-run.exe --mode hls --csim --config C:\Users\cfk30\OneDrive\Documents\ECE4910\thesis\flash_attn\hls_config.cfg --work_dir flash_attn 
  Options from -O    : 
  Options from *.ini : 
  Options from Hw Platform : 

==========================================
new:  steps log generated by v++ for new launch 
timestamp: 09 Apr 2025 14:19:49

------------------------------------------
VITIS-RUN command line :
------------------------------------------
C:/Xilinx/Vitis/2024.2/bin/unwrapped/win64.o/vitis-run.exe --mode hls --csim --config C:\Users\cfk30\OneDrive\Documents\ECE4910\thesis\flash_attn\hls_config.cfg --work_dir flash_attn 
  Options from -O    : 
  Options from *.ini : 
  Options from Hw Platform : 

==========================================
new:  steps log generated by v++ for new launch 
timestamp: 09 Apr 2025 14:20:35

------------------------------------------
V++ command line :
------------------------------------------
C:/Xilinx/Vitis/2024.2/bin/unwrapped/win64.o/v++.exe -c --mode hls --config C:\Users\cfk30\OneDrive\Documents\ECE4910\thesis\flash_attn\hls_config.cfg --work_dir flash_attn 
  Options from -O    : 
  Options from *.ini : 
  Options from Hw Platform : 

==========================================
new:  steps log generated by v++ for new launch 
timestamp: 09 Apr 2025 14:21:03

------------------------------------------
VITIS-RUN command line :
------------------------------------------
C:/Xilinx/Vitis/2024.2/bin/unwrapped/win64.o/vitis-run.exe --mode hls --cosim --config C:\Users\cfk30\OneDrive\Documents\ECE4910\thesis\flash_attn\hls_config.cfg --work_dir flash_attn 
  Options from -O    : 
  Options from *.ini : 
  Options from Hw Platform : 

==========================================
new:  steps log generated by v++ for new launch 
timestamp: 09 Apr 2025 14:22:11

------------------------------------------
VITIS-RUN command line :
------------------------------------------
C:/Xilinx/Vitis/2024.2/bin/unwrapped/win64.o/vitis-run.exe --mode hls --package --config C:\Users\cfk30\OneDrive\Documents\ECE4910\thesis\flash_attn\hls_config.cfg --work_dir flash_attn 
  Options from -O    : 
  Options from *.ini : 
  Options from Hw Platform : 

==========================================
new:  steps log generated by v++ for new launch 
timestamp: 09 Apr 2025 14:23:47

------------------------------------------
VITIS-RUN command line :
------------------------------------------
C:/Xilinx/Vitis/2024.2/bin/unwrapped/win64.o/vitis-run.exe --mode hls --impl --config C:\Users\cfk30\OneDrive\Documents\ECE4910\thesis\flash_attn\hls_config.cfg --work_dir flash_attn 
  Options from -O    : 
  Options from *.ini : 
  Options from Hw Platform : 

==========================================
new:  steps log generated by v++ for new launch 
timestamp: 09 Apr 2025 14:25:02

------------------------------------------
VITIS-RUN command line :
------------------------------------------
C:/Xilinx/Vitis/2024.2/bin/unwrapped/win64.o/vitis-run.exe --mode hls --csim --config C:\Users\cfk30\OneDrive\Documents\ECE4910\thesis\flash_attn\hls_config.cfg --work_dir flash_attn 
  Options from -O    : 
  Options from *.ini : 
  Options from Hw Platform : 

==========================================
new:  steps log generated by v++ for new launch 
timestamp: 11 Apr 2025 18:00:24

------------------------------------------
VITIS-RUN command line :
------------------------------------------
C:/Xilinx/Vitis/2024.2/bin/unwrapped/win64.o/vitis-run.exe --mode hls --csim --config C:\Users\cfk30\OneDrive\Documents\ECE4910\thesis\flash_attn\hls_config.cfg --work_dir flash_attn 
  Options from -O    : 
  Options from *.ini : 
  Options from Hw Platform : 

==========================================
new:  steps log generated by v++ for new launch 
timestamp: 11 Apr 2025 18:01:37

------------------------------------------
VITIS-RUN command line :
------------------------------------------
C:/Xilinx/Vitis/2024.2/bin/unwrapped/win64.o/vitis-run.exe --mode hls --csim --config C:\Users\cfk30\OneDrive\Documents\ECE4910\thesis\flash_attn\hls_config.cfg --work_dir flash_attn 
  Options from -O    : 
  Options from *.ini : 
  Options from Hw Platform : 

==========================================
new:  steps log generated by v++ for new launch 
timestamp: 11 Apr 2025 18:03:49

------------------------------------------
VITIS-RUN command line :
------------------------------------------
C:/Xilinx/Vitis/2024.2/bin/unwrapped/win64.o/vitis-run.exe --mode hls --csim --config C:\Users\cfk30\OneDrive\Documents\ECE4910\thesis\flash_attn\hls_config.cfg --work_dir flash_attn 
  Options from -O    : 
  Options from *.ini : 
  Options from Hw Platform : 

==========================================
new:  steps log generated by v++ for new launch 
timestamp: 11 Apr 2025 18:05:06

------------------------------------------
VITIS-RUN command line :
------------------------------------------
C:/Xilinx/Vitis/2024.2/bin/unwrapped/win64.o/vitis-run.exe --mode hls --csim --config C:\Users\cfk30\OneDrive\Documents\ECE4910\thesis\flash_attn\hls_config.cfg --work_dir flash_attn 
  Options from -O    : 
  Options from *.ini : 
  Options from Hw Platform : 

==========================================
new:  steps log generated by v++ for new launch 
timestamp: 11 Apr 2025 18:07:36

------------------------------------------
VITIS-RUN command line :
------------------------------------------
C:/Xilinx/Vitis/2024.2/bin/unwrapped/win64.o/vitis-run.exe --mode hls --csim --config C:\Users\cfk30\OneDrive\Documents\ECE4910\thesis\flash_attn\hls_config.cfg --work_dir flash_attn 
  Options from -O    : 
  Options from *.ini : 
  Options from Hw Platform : 

==========================================
new:  steps log generated by v++ for new launch 
timestamp: 11 Apr 2025 18:16:50

------------------------------------------
V++ command line :
------------------------------------------
C:/Xilinx/Vitis/2024.2/bin/unwrapped/win64.o/v++.exe -c --mode hls --config C:\Users\cfk30\OneDrive\Documents\ECE4910\thesis\flash_attn\hls_config.cfg --work_dir flash_attn 
  Options from -O    : 
  Options from *.ini : 
  Options from Hw Platform : 

==========================================
new:  steps log generated by v++ for new launch 
timestamp: 11 Apr 2025 18:17:41

------------------------------------------
VITIS-RUN command line :
------------------------------------------
C:/Xilinx/Vitis/2024.2/bin/unwrapped/win64.o/vitis-run.exe --mode hls --cosim --config C:\Users\cfk30\OneDrive\Documents\ECE4910\thesis\flash_attn\hls_config.cfg --work_dir flash_attn 
  Options from -O    : 
  Options from *.ini : 
  Options from Hw Platform : 

==========================================
new:  steps log generated by v++ for new launch 
timestamp: 11 Apr 2025 18:18:45

------------------------------------------
VITIS-RUN command line :
------------------------------------------
C:/Xilinx/Vitis/2024.2/bin/unwrapped/win64.o/vitis-run.exe --mode hls --package --config C:\Users\cfk30\OneDrive\Documents\ECE4910\thesis\flash_attn\hls_config.cfg --work_dir flash_attn 
  Options from -O    : 
  Options from *.ini : 
  Options from Hw Platform : 

==========================================
new:  steps log generated by v++ for new launch 
timestamp: 11 Apr 2025 18:27:25

------------------------------------------
VITIS-RUN command line :
------------------------------------------
C:/Xilinx/Vitis/2024.2/bin/unwrapped/win64.o/vitis-run.exe --mode hls --csim --config C:\Users\cfk30\OneDrive\Documents\ECE4910\thesis\flash_attn\hls_config.cfg --work_dir flash_attn 
  Options from -O    : 
  Options from *.ini : 
  Options from Hw Platform : 

==========================================
new:  steps log generated by v++ for new launch 
timestamp: 11 Apr 2025 18:44:44

------------------------------------------
V++ command line :
------------------------------------------
C:/Xilinx/Vitis/2024.2/bin/unwrapped/win64.o/v++.exe -c --mode hls --config C:\Users\cfk30\OneDrive\Documents\ECE4910\thesis\flash_attn\hls_config.cfg --work_dir flash_attn 
  Options from -O    : 
  Options from *.ini : 
  Options from Hw Platform : 

==========================================
new:  steps log generated by v++ for new launch 
timestamp: 11 Apr 2025 18:45:12

------------------------------------------
VITIS-RUN command line :
------------------------------------------
C:/Xilinx/Vitis/2024.2/bin/unwrapped/win64.o/vitis-run.exe --mode hls --package --config C:\Users\cfk30\OneDrive\Documents\ECE4910\thesis\flash_attn\hls_config.cfg --work_dir flash_attn 
  Options from -O    : 
  Options from *.ini : 
  Options from Hw Platform : 

==========================================
new:  steps log generated by v++ for new launch 
timestamp: 11 Apr 2025 18:46:54

------------------------------------------
VITIS-RUN command line :
------------------------------------------
C:/Xilinx/Vitis/2024.2/bin/unwrapped/win64.o/vitis-run.exe --mode hls --impl --config C:\Users\cfk30\OneDrive\Documents\ECE4910\thesis\flash_attn\hls_config.cfg --work_dir flash_attn 
  Options from -O    : 
  Options from *.ini : 
  Options from Hw Platform : 

==========================================
new:  steps log generated by v++ for new launch 
timestamp: 11 Apr 2025 18:49:47

------------------------------------------
VITIS-RUN command line :
------------------------------------------
C:/Xilinx/Vitis/2024.2/bin/unwrapped/win64.o/vitis-run.exe --mode hls --csim --config C:\Users\cfk30\OneDrive\Documents\ECE4910\thesis\flash_attn\hls_config.cfg --work_dir flash_attn 
  Options from -O    : 
  Options from *.ini : 
  Options from Hw Platform : 

==========================================
new:  steps log generated by v++ for new launch 
timestamp: 11 Apr 2025 19:09:33

------------------------------------------
VITIS-RUN command line :
------------------------------------------
C:/Xilinx/Vitis/2024.2/bin/unwrapped/win64.o/vitis-run.exe --mode hls --csim --config C:\Users\cfk30\OneDrive\Documents\ECE4910\thesis\flash_attn\hls_config.cfg --work_dir flash_attn 
  Options from -O    : 
  Options from *.ini : 
  Options from Hw Platform : 

==========================================
new:  steps log generated by v++ for new launch 
timestamp: 11 Apr 2025 19:10:48

------------------------------------------
VITIS-RUN command line :
------------------------------------------
C:/Xilinx/Vitis/2024.2/bin/unwrapped/win64.o/vitis-run.exe --mode hls --csim --config C:\Users\cfk30\OneDrive\Documents\ECE4910\thesis\flash_attn\hls_config.cfg --work_dir flash_attn 
  Options from -O    : 
  Options from *.ini : 
  Options from Hw Platform : 

==========================================
new:  steps log generated by v++ for new launch 
timestamp: 11 Apr 2025 19:13:08

------------------------------------------
VITIS-RUN command line :
------------------------------------------
C:/Xilinx/Vitis/2024.2/bin/unwrapped/win64.o/vitis-run.exe --mode hls --csim --config C:\Users\cfk30\OneDrive\Documents\ECE4910\thesis\flash_attn\hls_config.cfg --work_dir flash_attn 
  Options from -O    : 
  Options from *.ini : 
  Options from Hw Platform : 

==========================================
new:  steps log generated by v++ for new launch 
timestamp: 11 Apr 2025 19:13:42

------------------------------------------
VITIS-RUN command line :
------------------------------------------
C:/Xilinx/Vitis/2024.2/bin/unwrapped/win64.o/vitis-run.exe --mode hls --csim --config C:\Users\cfk30\OneDrive\Documents\ECE4910\thesis\flash_attn\hls_config.cfg --work_dir flash_attn 
  Options from -O    : 
  Options from *.ini : 
  Options from Hw Platform : 

==========================================
new:  steps log generated by v++ for new launch 
timestamp: 11 Apr 2025 19:15:28

------------------------------------------
VITIS-RUN command line :
------------------------------------------
C:/Xilinx/Vitis/2024.2/bin/unwrapped/win64.o/vitis-run.exe --mode hls --csim --config C:\Users\cfk30\OneDrive\Documents\ECE4910\thesis\flash_attn\hls_config.cfg --work_dir flash_attn 
  Options from -O    : 
  Options from *.ini : 
  Options from Hw Platform : 

==========================================
new:  steps log generated by v++ for new launch 
timestamp: 11 Apr 2025 19:16:30

------------------------------------------
VITIS-RUN command line :
------------------------------------------
C:/Xilinx/Vitis/2024.2/bin/unwrapped/win64.o/vitis-run.exe --mode hls --csim --config C:\Users\cfk30\OneDrive\Documents\ECE4910\thesis\flash_attn\hls_config.cfg --work_dir flash_attn 
  Options from -O    : 
  Options from *.ini : 
  Options from Hw Platform : 

==========================================
new:  steps log generated by v++ for new launch 
timestamp: 11 Apr 2025 19:18:43

------------------------------------------
VITIS-RUN command line :
------------------------------------------
C:/Xilinx/Vitis/2024.2/bin/unwrapped/win64.o/vitis-run.exe --mode hls --csim --config C:\Users\cfk30\OneDrive\Documents\ECE4910\thesis\flash_attn\hls_config.cfg --work_dir flash_attn 
  Options from -O    : 
  Options from *.ini : 
  Options from Hw Platform : 

==========================================
new:  steps log generated by v++ for new launch 
timestamp: 11 Apr 2025 19:20:02

------------------------------------------
VITIS-RUN command line :
------------------------------------------
C:/Xilinx/Vitis/2024.2/bin/unwrapped/win64.o/vitis-run.exe --mode hls --csim --config C:\Users\cfk30\OneDrive\Documents\ECE4910\thesis\flash_attn\hls_config.cfg --work_dir flash_attn 
  Options from -O    : 
  Options from *.ini : 
  Options from Hw Platform : 

==========================================
new:  steps log generated by v++ for new launch 
timestamp: 11 Apr 2025 19:26:19

------------------------------------------
VITIS-RUN command line :
------------------------------------------
C:/Xilinx/Vitis/2024.2/bin/unwrapped/win64.o/vitis-run.exe --mode hls --csim --config C:\Users\cfk30\OneDrive\Documents\ECE4910\thesis\flash_attn\hls_config.cfg --work_dir flash_attn 
  Options from -O    : 
  Options from *.ini : 
  Options from Hw Platform : 

==========================================
new:  steps log generated by v++ for new launch 
timestamp: 11 Apr 2025 19:27:14

------------------------------------------
VITIS-RUN command line :
------------------------------------------
C:/Xilinx/Vitis/2024.2/bin/unwrapped/win64.o/vitis-run.exe --mode hls --csim --config C:\Users\cfk30\OneDrive\Documents\ECE4910\thesis\flash_attn\hls_config.cfg --work_dir flash_attn 
  Options from -O    : 
  Options from *.ini : 
  Options from Hw Platform : 

==========================================
new:  steps log generated by v++ for new launch 
timestamp: 11 Apr 2025 19:28:30

------------------------------------------
VITIS-RUN command line :
------------------------------------------
C:/Xilinx/Vitis/2024.2/bin/unwrapped/win64.o/vitis-run.exe --mode hls --csim --config C:\Users\cfk30\OneDrive\Documents\ECE4910\thesis\flash_attn\hls_config.cfg --work_dir flash_attn 
  Options from -O    : 
  Options from *.ini : 
  Options from Hw Platform : 

==========================================
new:  steps log generated by v++ for new launch 
timestamp: 11 Apr 2025 19:29:29

------------------------------------------
V++ command line :
------------------------------------------
C:/Xilinx/Vitis/2024.2/bin/unwrapped/win64.o/v++.exe -c --mode hls --config C:\Users\cfk30\OneDrive\Documents\ECE4910\thesis\flash_attn\hls_config.cfg --work_dir flash_attn 
  Options from -O    : 
  Options from *.ini : 
  Options from Hw Platform : 

==========================================
new:  steps log generated by v++ for new launch 
timestamp: 11 Apr 2025 19:29:48

------------------------------------------
VITIS-RUN command line :
------------------------------------------
C:/Xilinx/Vitis/2024.2/bin/unwrapped/win64.o/vitis-run.exe --mode hls --package --config C:\Users\cfk30\OneDrive\Documents\ECE4910\thesis\flash_attn\hls_config.cfg --work_dir flash_attn 
  Options from -O    : 
  Options from *.ini : 
  Options from Hw Platform : 

==========================================
new:  steps log generated by v++ for new launch 
timestamp: 11 Apr 2025 19:31:45
