  **** HLS Build v2024.2 5238294
INFO: [HLS 200-2005] Using work_dir C:/Users/cfk30/OneDrive/Documents/ECE4910/thesis/flash_attn/flash_attn 
INFO: [HLS 200-1611] Setting target device to 'xc7z020-clg400-1'
INFO: [HLS 200-1505] Using default flow_target 'vivado'
Resolution: For help on HLS 200-1505 see docs.xilinx.com/access/sources/dita/topic?Doc_Version=2024.2%20English&url=ug1448-hls-guidance&resourceid=200-1505.html
INFO: [HLS 200-1465] Applying ini 'syn.file=flash_attn.cpp' from C:/Users/cfk30/OneDrive/Documents/ECE4910/thesis/flash_attn/hls_config.cfg(7)
INFO: [HLS 200-10] Adding design file 'C:/Users/cfk30/OneDrive/Documents/ECE4910/thesis/flash_attn/flash_attn.cpp' to the project
INFO: [HLS 200-1465] Applying ini 'syn.file=flash_attn.h' from C:/Users/cfk30/OneDrive/Documents/ECE4910/thesis/flash_attn/hls_config.cfg(8)
INFO: [HLS 200-10] Adding design file 'C:/Users/cfk30/OneDrive/Documents/ECE4910/thesis/flash_attn/flash_attn.h' to the project
INFO: [HLS 200-1465] Applying ini 'tb.file=flash_attn_tb.cpp' from C:/Users/cfk30/OneDrive/Documents/ECE4910/thesis/flash_attn/hls_config.cfg(9)
INFO: [HLS 200-10] Adding test bench file 'C:/Users/cfk30/OneDrive/Documents/ECE4910/thesis/flash_attn/flash_attn_tb.cpp' to the project
INFO: [HLS 200-1465] Applying ini 'syn.top=column_buffer' from C:/Users/cfk30/OneDrive/Documents/ECE4910/thesis/flash_attn/hls_config.cfg(10)
INFO: [HLS 200-1465] Applying ini 'flow_target=vivado' from C:/Users/cfk30/OneDrive/Documents/ECE4910/thesis/flash_attn/hls_config.cfg(4)
INFO: [HLS 200-1505] Using flow_target 'vivado'
Resolution: For help on HLS 200-1505 see docs.xilinx.com/access/sources/dita/topic?Doc_Version=2024.2%20English&url=ug1448-hls-guidance&resourceid=200-1505.html
INFO: [HLS 200-1465] Applying ini 'part=xc7z020clg400-1' from C:/Users/cfk30/OneDrive/Documents/ECE4910/thesis/flash_attn/hls_config.cfg(1)
INFO: [HLS 200-1465] Applying ini 'package.output.format=ip_catalog' from C:/Users/cfk30/OneDrive/Documents/ECE4910/thesis/flash_attn/hls_config.cfg(5)
INFO: [HLS 200-1465] Applying ini 'syn.interface.s_axilite_data64=1' from C:/Users/cfk30/OneDrive/Documents/ECE4910/thesis/flash_attn/hls_config.cfg(11)
INFO: [COSIM 212-47] Using XSIM for RTL simulation.
INFO: [COSIM 212-14] Instrumenting C test bench ...
   Build using "C:/Xilinx/Vitis/2024.2/vcxx/libexec/clang++"
   Compiling apatb_column_buffer.cpp
   Compiling flash_attn.cpp_pre.cpp.tb.cpp
   Compiling apatb_column_buffer_util.cpp
   Compiling flash_attn_tb.cpp_pre.cpp.tb.cpp
   Compiling apatb_column_buffer_ir.ll
   Generating cosim.tv.exe
INFO: [COSIM 212-302] Starting C TB testing ... 
Creating test data with 2 columns and 4 rows
Input[0][0] = 0
Input[0][1] = 1
Input[0][2] = 2
Input[0][3] = 3
Input[1][0] = 100
Input[1][1] = 101
Input[1][2] = 102
Input[1][3] = 103

Checking output data:
Output[0][0] = 0
Output[0][1] = 1
Output[0][2] = 2
Output[0][3] = 3
Output[1][0] = 100
Output[1][1] = 101
Output[1][2] = 102
Output[1][3] = 103

Test PASSED!
INFO [HLS SIM]: The maximum depth reached by any hls::stream() instance in the design is 8
INFO: [COSIM 212-333] Generating C post check test bench ...
INFO: [COSIM 212-12] Generating RTL test bench ...
INFO: [COSIM 212-1] *** C/RTL co-simulation file generation completed. ***
INFO: [COSIM 212-323] Starting verilog simulation. 
INFO: [COSIM 212-15] Starting XSIM ...

C:\Users\cfk30\OneDrive\Documents\ECE4910\thesis\flash_attn\flash_attn\hls\sim\verilog>set PATH= 

C:\Users\cfk30\OneDrive\Documents\ECE4910\thesis\flash_attn\flash_attn\hls\sim\verilog>call C:/Xilinx/Vivado/2024.2/bin/xelab xil_defaultlib.apatb_column_buffer_top glbl -Oenable_linking_all_libraries  -prj column_buffer.prj -L smartconnect_v1_0 -L axi_protocol_checker_v1_1_12 -L axi_protocol_checker_v1_1_13 -L axis_protocol_checker_v1_1_11 -L axis_protocol_checker_v1_1_12 -L xil_defaultlib -L unisims_ver -L xpm  -L floating_point_v7_0_24 -L floating_point_v7_1_19 --lib "ieee_proposed=./ieee_proposed" -s column_buffer  
Vivado Simulator v2024.2.0
Copyright 1986-2022 Xilinx, Inc. All Rights Reserved.
Copyright 2022-2024 Advanced Micro Devices, Inc. All Rights Reserved.
Running: C:/Xilinx/Vivado/2024.2/bin/unwrapped/win64.o/xelab.exe xil_defaultlib.apatb_column_buffer_top glbl -Oenable_linking_all_libraries -prj column_buffer.prj -L smartconnect_v1_0 -L axi_protocol_checker_v1_1_12 -L axi_protocol_checker_v1_1_13 -L axis_protocol_checker_v1_1_11 -L axis_protocol_checker_v1_1_12 -L xil_defaultlib -L unisims_ver -L xpm -L floating_point_v7_0_24 -L floating_point_v7_1_19 --lib ieee_proposed=./ieee_proposed -s column_buffer 
Multi-threading is on. Using 14 slave threads.
INFO: [VRFC 10-2263] Analyzing SystemVerilog file "C:/Users/cfk30/OneDrive/Documents/ECE4910/thesis/flash_attn/flash_attn/hls/sim/verilog/glbl.v" into library work
INFO: [VRFC 10-311] analyzing module glbl
INFO: [VRFC 10-2263] Analyzing SystemVerilog file "C:/Users/cfk30/OneDrive/Documents/ECE4910/thesis/flash_attn/flash_attn/hls/sim/verilog/AESL_axi_slave_control.v" into library xil_defaultlib
INFO: [VRFC 10-311] analyzing module AESL_axi_slave_control
INFO: [VRFC 10-2263] Analyzing SystemVerilog file "C:/Users/cfk30/OneDrive/Documents/ECE4910/thesis/flash_attn/flash_attn/hls/sim/verilog/AESL_axi_s_in_stream.v" into library xil_defaultlib
INFO: [VRFC 10-311] analyzing module AESL_axi_s_in_stream
INFO: [VRFC 10-2263] Analyzing SystemVerilog file "C:/Users/cfk30/OneDrive/Documents/ECE4910/thesis/flash_attn/flash_attn/hls/sim/verilog/AESL_axi_s_out_stream.v" into library xil_defaultlib
INFO: [VRFC 10-311] analyzing module AESL_axi_s_out_stream
INFO: [VRFC 10-2263] Analyzing SystemVerilog file "C:/Users/cfk30/OneDrive/Documents/ECE4910/thesis/flash_attn/flash_attn/hls/sim/verilog/AESL_deadlock_idx0_monitor.v" into library xil_defaultlib
INFO: [VRFC 10-311] analyzing module AESL_deadlock_idx0_monitor
INFO: [VRFC 10-2263] Analyzing SystemVerilog file "C:/Users/cfk30/OneDrive/Documents/ECE4910/thesis/flash_attn/flash_attn/hls/sim/verilog/AESL_deadlock_kernel_monitor_top.v" into library xil_defaultlib
INFO: [VRFC 10-311] analyzing module AESL_deadlock_kernel_monitor_top
INFO: [VRFC 10-2263] Analyzing SystemVerilog file "C:/Users/cfk30/OneDrive/Documents/ECE4910/thesis/flash_attn/flash_attn/hls/sim/verilog/AESL_fifo.v" into library xil_defaultlib
INFO: [VRFC 10-311] analyzing module fifo
INFO: [VRFC 10-2263] Analyzing SystemVerilog file "C:/Users/cfk30/OneDrive/Documents/ECE4910/thesis/flash_attn/flash_attn/hls/sim/verilog/column_buffer.autotb.v" into library xil_defaultlib
INFO: [VRFC 10-311] analyzing module apatb_column_buffer_top
INFO: [VRFC 10-2263] Analyzing SystemVerilog file "C:/Users/cfk30/OneDrive/Documents/ECE4910/thesis/flash_attn/flash_attn/hls/sim/verilog/column_buffer.v" into library xil_defaultlib
INFO: [VRFC 10-311] analyzing module column_buffer
INFO: [VRFC 10-2263] Analyzing SystemVerilog file "C:/Users/cfk30/OneDrive/Documents/ECE4910/thesis/flash_attn/flash_attn/hls/sim/verilog/column_buffer_column_buffer_1_1_RAM_AUTO_1R1W.v" into library xil_defaultlib
INFO: [VRFC 10-311] analyzing module column_buffer_column_buffer_1_1_RAM_AUTO_1R1W
INFO: [VRFC 10-2263] Analyzing SystemVerilog file "C:/Users/cfk30/OneDrive/Documents/ECE4910/thesis/flash_attn/flash_attn/hls/sim/verilog/column_buffer_column_buffer_Pipeline_read_columns.v" into library xil_defaultlib
INFO: [VRFC 10-311] analyzing module column_buffer_column_buffer_Pipeline_read_columns
INFO: [VRFC 10-2263] Analyzing SystemVerilog file "C:/Users/cfk30/OneDrive/Documents/ECE4910/thesis/flash_attn/flash_attn/hls/sim/verilog/column_buffer_column_buffer_Pipeline_write_columns.v" into library xil_defaultlib
INFO: [VRFC 10-311] analyzing module column_buffer_column_buffer_Pipeline_write_columns
INFO: [VRFC 10-2263] Analyzing SystemVerilog file "C:/Users/cfk30/OneDrive/Documents/ECE4910/thesis/flash_attn/flash_attn/hls/sim/verilog/column_buffer_control_s_axi.v" into library xil_defaultlib
INFO: [VRFC 10-311] analyzing module column_buffer_control_s_axi
INFO: [VRFC 10-2263] Analyzing SystemVerilog file "C:/Users/cfk30/OneDrive/Documents/ECE4910/thesis/flash_attn/flash_attn/hls/sim/verilog/column_buffer_flow_control_loop_pipe_sequential_init.v" into library xil_defaultlib
INFO: [VRFC 10-311] analyzing module column_buffer_flow_control_loop_pipe_sequential_init
INFO: [VRFC 10-2263] Analyzing SystemVerilog file "C:/Users/cfk30/OneDrive/Documents/ECE4910/thesis/flash_attn/flash_attn/hls/sim/verilog/column_buffer_mul_32s_32s_32_2_1.v" into library xil_defaultlib
INFO: [VRFC 10-311] analyzing module column_buffer_mul_32s_32s_32_2_1
INFO: [VRFC 10-2263] Analyzing SystemVerilog file "C:/Users/cfk30/OneDrive/Documents/ECE4910/thesis/flash_attn/flash_attn/hls/sim/verilog/column_buffer_regslice_both.v" into library xil_defaultlib
INFO: [VRFC 10-311] analyzing module column_buffer_regslice_both
INFO: [VRFC 10-2263] Analyzing SystemVerilog file "C:/Users/cfk30/OneDrive/Documents/ECE4910/thesis/flash_attn/flash_attn/hls/sim/verilog/column_buffer_sdiv_32ns_32ns_2_36_1.v" into library xil_defaultlib
INFO: [VRFC 10-311] analyzing module column_buffer_sdiv_32ns_32ns_2_36_1_divider
INFO: [VRFC 10-311] analyzing module column_buffer_sdiv_32ns_32ns_2_36_1
INFO: [VRFC 10-2263] Analyzing SystemVerilog file "C:/Users/cfk30/OneDrive/Documents/ECE4910/thesis/flash_attn/flash_attn/hls/sim/verilog/column_buffer_sparsemux_9_2_32_1_1.v" into library xil_defaultlib
INFO: [VRFC 10-311] analyzing module column_buffer_sparsemux_9_2_32_1_1
INFO: [VRFC 10-2263] Analyzing SystemVerilog file "C:/Users/cfk30/OneDrive/Documents/ECE4910/thesis/flash_attn/flash_attn/hls/sim/verilog/column_buffer_srem_32ns_32ns_32_36_1.v" into library xil_defaultlib
INFO: [VRFC 10-311] analyzing module column_buffer_srem_32ns_32ns_32_36_1_divider
INFO: [VRFC 10-311] analyzing module column_buffer_srem_32ns_32ns_32_36_1
INFO: [VRFC 10-2263] Analyzing SystemVerilog file "C:/Users/cfk30/OneDrive/Documents/ECE4910/thesis/flash_attn/flash_attn/hls/sim/verilog/dataflow_monitor.sv" into library xil_defaultlib
INFO: [VRFC 10-311] analyzing module dataflow_monitor
Starting static elaboration
Pass Through NonSizing Optimizer
Completed static elaboration
Starting simulation data flow analysis
Completed simulation data flow analysis
Time Resolution for simulation is 1ps
Compiling package xil_defaultlib.$unit_dataflow_monitor_sv
Compiling module xil_defaultlib.column_buffer_column_buffer_1_1_...
Compiling module xil_defaultlib.column_buffer_sdiv_32ns_32ns_2_3...
Compiling module xil_defaultlib.column_buffer_sdiv_32ns_32ns_2_3...
Compiling module xil_defaultlib.column_buffer_srem_32ns_32ns_32_...
Compiling module xil_defaultlib.column_buffer_srem_32ns_32ns_32_...
Compiling module xil_defaultlib.column_buffer_flow_control_loop_...
Compiling module xil_defaultlib.column_buffer_column_buffer_Pipe...
Compiling module xil_defaultlib.column_buffer_sparsemux_9_2_32_1...
Compiling module xil_defaultlib.column_buffer_column_buffer_Pipe...
Compiling module xil_defaultlib.column_buffer_control_s_axi
Compiling module xil_defaultlib.column_buffer_mul_32s_32s_32_2_1...
Compiling module xil_defaultlib.column_buffer_regslice_both(Data...
Compiling module xil_defaultlib.column_buffer_regslice_both(Data...
Compiling module xil_defaultlib.column_buffer_regslice_both(Data...
Compiling module xil_defaultlib.column_buffer
Compiling module xil_defaultlib.fifo(DEPTH=8,WIDTH=32)
Compiling module xil_defaultlib.fifo(DEPTH=8,WIDTH=4)
Compiling module xil_defaultlib.fifo(DEPTH=8,WIDTH=1)
Compiling module xil_defaultlib.AESL_axi_s_in_stream
Compiling module xil_defaultlib.AESL_axi_s_out_stream
Compiling module xil_defaultlib.AESL_axi_slave_control
Compiling module xil_defaultlib.AESL_deadlock_idx0_monitor
Compiling module xil_defaultlib.AESL_deadlock_kernel_monitor_top...
Compiling module xil_defaultlib.nodf_module_intf_default
Compiling module xil_defaultlib.upc_loop_intf(FSM_WIDTH=1)
Compiling module xil_defaultlib.dataflow_monitor_1
Compiling module xil_defaultlib.apatb_column_buffer_top
Compiling module work.glbl
Built simulation snapshot column_buffer

****** xsim v2024.2 (64-bit)
  **** SW Build 5239630 on Fri Nov 08 22:35:27 MST 2024
  **** IP Build 5239520 on Sun Nov 10 16:12:51 MST 2024
  **** SharedData Build 5239561 on Fri Nov 08 14:39:27 MST 2024
  **** Start of session at: Fri Mar 21 13:44:19 2025
    ** Copyright 1986-2022 Xilinx, Inc. All Rights Reserved.
    ** Copyright 2022-2024 Advanced Micro Devices, Inc. All Rights Reserved.

source xsim.dir/column_buffer/xsim_script.tcl
# xsim {column_buffer} -autoloadwcfg -tclbatch {column_buffer.tcl}
Time resolution is 1 ps
source column_buffer.tcl
## run all
////////////////////////////////////////////////////////////////////////////////////
// Inter-Transaction Progress: Completed Transaction / Total Transaction
// Intra-Transaction Progress: Measured Latency / Latency Estimation * 100%
//
// RTL Simulation : "Inter-Transaction Progress" ["Intra-Transaction Progress"] @ "Simulation Time"
////////////////////////////////////////////////////////////////////////////////////
// RTL Simulation : 0 / 1 [n/a] @ "125000"
// RTL Simulation : 1 / 1 [n/a] @ "1425000"
////////////////////////////////////////////////////////////////////////////////////
$finish called at time : 1485 ns : File "C:/Users/cfk30/OneDrive/Documents/ECE4910/thesis/flash_attn/flash_attn/hls/sim/verilog/column_buffer.autotb.v" Line 412
## quit
INFO: [Common 17-206] Exiting xsim at Fri Mar 21 13:44:21 2025...
INFO: [COSIM 212-316] Starting C post checking ...
Creating test data with 2 columns and 4 rows
Input[0][0] = 0
Input[0][1] = 1
Input[0][2] = 2
Input[0][3] = 3
Input[1][0] = 100
Input[1][1] = 101
Input[1][2] = 102
Input[1][3] = 103

Checking output data:
Output[0][0] = 0
Output[0][1] = 1
Output[0][2] = 2
Output[0][3] = 3
Output[1][0] = 100
Output[1][1] = 101
Output[1][2] = 102
Output[1][3] = 103

Test PASSED!
INFO [HLS SIM]: The maximum depth reached by any hls::stream() instance in the design is 8
INFO: [COSIM 212-1000] *** C/RTL co-simulation finished: PASS ***
INFO: [COSIM 212-211] II is measurable only when transaction number is greater than 1 in RTL simulation. Otherwise, they will be marked as all NA. If user wants to calculate them, please make sure there are at least 2 transactions in RTL simulation.
INFO: [HLS 200-112] Total CPU user time: 3 seconds. Total CPU system time: 1 seconds. Total elapsed time: 32.105 seconds; peak allocated memory: 329.773 MB.
INFO: [vitis-run 60-791] Total elapsed time: 0h 0m 36s
