  **** HLS Build v2024.2 5238294
INFO: [HLS 200-2005] Using work_dir C:/Users/cfk30/OneDrive/Documents/ECE4910/thesis/flash_attn/flash_attn 
INFO: [HLS 200-1505] Using default flow_target 'vivado'
Resolution: For help on HLS 200-1505 see docs.xilinx.com/access/sources/dita/topic?Doc_Version=2024.2%20English&url=ug1448-hls-guidance&resourceid=200-1505.html
INFO: [HLS 200-1465] Applying ini 'syn.file=loop_pipeline.h' from C:/Users/cfk30/OneDrive/Documents/ECE4910/thesis/flash_attn/hls_config.cfg(9)
INFO: [HLS 200-10] Adding design file 'C:/Users/cfk30/OneDrive/Documents/ECE4910/thesis/flash_attn/loop_pipeline.h' to the project
INFO: [HLS 200-1465] Applying ini 'syn.file=loop_pipeline.cpp' from C:/Users/cfk30/OneDrive/Documents/ECE4910/thesis/flash_attn/hls_config.cfg(10)
INFO: [HLS 200-10] Adding design file 'C:/Users/cfk30/OneDrive/Documents/ECE4910/thesis/flash_attn/loop_pipeline.cpp' to the project
INFO: [HLS 200-1465] Applying ini 'tb.file=loop_pipeline_tb.cpp' from C:/Users/cfk30/OneDrive/Documents/ECE4910/thesis/flash_attn/hls_config.cfg(11)
INFO: [HLS 200-10] Adding test bench file 'C:/Users/cfk30/OneDrive/Documents/ECE4910/thesis/flash_attn/loop_pipeline_tb.cpp' to the project
INFO: [HLS 200-1465] Applying ini 'syn.top=loop_pipeline' from C:/Users/cfk30/OneDrive/Documents/ECE4910/thesis/flash_attn/hls_config.cfg(7)
INFO: [HLS 200-1465] Applying ini 'flow_target=vivado' from C:/Users/cfk30/OneDrive/Documents/ECE4910/thesis/flash_attn/hls_config.cfg(4)
INFO: [HLS 200-1505] Using flow_target 'vivado'
Resolution: For help on HLS 200-1505 see docs.xilinx.com/access/sources/dita/topic?Doc_Version=2024.2%20English&url=ug1448-hls-guidance&resourceid=200-1505.html
INFO: [HLS 200-1465] Applying ini 'part=xc7z020clg400-1' from C:/Users/cfk30/OneDrive/Documents/ECE4910/thesis/flash_attn/hls_config.cfg(1)
INFO: [HLS 200-1611] Setting target device to 'xc7z020-clg400-1'
INFO: [HLS 200-1465] Applying ini 'package.output.format=ip_catalog' from C:/Users/cfk30/OneDrive/Documents/ECE4910/thesis/flash_attn/hls_config.cfg(5)
INFO: [HLS 200-1465] Applying ini 'syn.interface.s_axilite_data64=1' from C:/Users/cfk30/OneDrive/Documents/ECE4910/thesis/flash_attn/hls_config.cfg(8)
INFO: [HLS 200-111] Finished File checks and directory preparation: CPU user time: 2 seconds. CPU system time: 1 seconds. Elapsed time: 2.835 seconds; current allocated memory: 259.148 MB.
INFO: [HLS 200-10] Analyzing design file 'loop_pipeline.cpp' ... 
WARNING: [HLS 200-1986] Could not apply TOP directive, invalid function, label, or variable (:0)
INFO: [HLS 200-111] Finished Source Code Analysis and Preprocessing: CPU user time: 0 seconds. CPU system time: 0 seconds. Elapsed time: 3.023 seconds; current allocated memory: 261.891 MB.
ERROR: [HLS 214-157] Top function not found: there is no function named 'loop_pipeline'
error: Top function not found: there is no function named 'loop_pipeline'
ERROR: Error in opt
INFO: [HLS 200-112] Total CPU user time: 2 seconds. Total CPU system time: 1 seconds. Total elapsed time: 7.812 seconds; peak allocated memory: 262.102 MB.
