  **** HLS Build v2024.2 5238294
INFO: [HLS 200-2005] Using work_dir C:/Users/cfk30/OneDrive/Documents/ECE4910/thesis/flash_attn/flash_attn 
INFO: [HLS 200-1505] Using default flow_target 'vivado'
Resolution: For help on HLS 200-1505 see docs.xilinx.com/access/sources/dita/topic?Doc_Version=2024.2%20English&url=ug1448-hls-guidance&resourceid=200-1505.html
INFO: [HLS 200-1465] Applying ini 'syn.file=loop_pipeline.h' from C:/Users/cfk30/OneDrive/Documents/ECE4910/thesis/flash_attn/hls_config.cfg(9)
INFO: [HLS 200-10] Adding design file 'C:/Users/cfk30/OneDrive/Documents/ECE4910/thesis/flash_attn/loop_pipeline.h' to the project
INFO: [HLS 200-1465] Applying ini 'syn.file=loop_pipeline.cpp' from C:/Users/cfk30/OneDrive/Documents/ECE4910/thesis/flash_attn/hls_config.cfg(10)
INFO: [HLS 200-10] Adding design file 'C:/Users/cfk30/OneDrive/Documents/ECE4910/thesis/flash_attn/loop_pipeline.cpp' to the project
INFO: [HLS 200-1465] Applying ini 'tb.file=loop_pipeline_tb.cpp' from C:/Users/cfk30/OneDrive/Documents/ECE4910/thesis/flash_attn/hls_config.cfg(11)
INFO: [HLS 200-10] Adding test bench file 'C:/Users/cfk30/OneDrive/Documents/ECE4910/thesis/flash_attn/loop_pipeline_tb.cpp' to the project
INFO: [HLS 200-1465] Applying ini 'syn.top=matrix_cyclic_block' from C:/Users/cfk30/OneDrive/Documents/ECE4910/thesis/flash_attn/hls_config.cfg(7)
INFO: [HLS 200-1465] Applying ini 'flow_target=vivado' from C:/Users/cfk30/OneDrive/Documents/ECE4910/thesis/flash_attn/hls_config.cfg(4)
INFO: [HLS 200-1505] Using flow_target 'vivado'
Resolution: For help on HLS 200-1505 see docs.xilinx.com/access/sources/dita/topic?Doc_Version=2024.2%20English&url=ug1448-hls-guidance&resourceid=200-1505.html
INFO: [HLS 200-1465] Applying ini 'part=xc7z020clg400-1' from C:/Users/cfk30/OneDrive/Documents/ECE4910/thesis/flash_attn/hls_config.cfg(1)
INFO: [HLS 200-1611] Setting target device to 'xc7z020-clg400-1'
INFO: [HLS 200-1465] Applying ini 'package.output.format=ip_catalog' from C:/Users/cfk30/OneDrive/Documents/ECE4910/thesis/flash_attn/hls_config.cfg(5)
INFO: [HLS 200-1465] Applying ini 'syn.interface.s_axilite_data64=1' from C:/Users/cfk30/OneDrive/Documents/ECE4910/thesis/flash_attn/hls_config.cfg(8)
INFO: [SIM 211-2] *************** CSIM start ***************
INFO: [SIM 211-4] CSIM will launch CLANG as the compiler.
INFO: [HLS 200-2036] Building debug C Simulation binaries
make: 'csim.exe' is up to date.
dataout[0] is 56
dataout[1] is 62
dataout[2] is 68
dataout[3] is 74
dataout[4] is 152
dataout[5] is 174
dataout[6] is 196
dataout[7] is 218
dataout[8] is 248
dataout[9] is 286
dataout[10] is 324
dataout[11] is 362
dataout[12] is 344
dataout[13] is 398
dataout[14] is 452
dataout[15] is 506
INFO [HLS SIM]: The maximum depth reached by any hls::stream() instance in the design is 16
INFO: [SIM 211-1] CSim done with 0 errors.
INFO: [SIM 211-3] *************** CSIM finish ***************
INFO: [HLS 200-112] Total CPU user time: 2 seconds. Total CPU system time: 1 seconds. Total elapsed time: 3.178 seconds; peak allocated memory: 259.812 MB.
INFO: [vitis-run 60-791] Total elapsed time: 0h 0m 7s
