

Implementation tool: Xilinx Vivado v.2024.2
Project:             flash_attn
Solution:            hls
Device target:       xc7z020-clg400-1
Report date:         Wed Apr 09 14:29:04 -0400 2025

#=== Post-Implementation Resource usage ===
SLICE:          256
LUT:            578
FF:             635
DSP:              4
BRAM:            24
URAM:             0
LATCH:            0
SRL:             12
CLB:              0

#=== Final timing ===
CP required:                     10.000
CP achieved post-synthesis:      8.276
CP achieved post-implementation: 8.639
Timing met
