

Implementation tool: Xilinx Vivado v.2024.2
Project:             flash_attn
Solution:            hls
Device target:       xc7z020-clg400-1
Report date:         Mon Apr 07 11:45:13 -0400 2025

#=== Post-Implementation Resource usage ===
SLICE:          147
LUT:            469
FF:             274
DSP:             12
BRAM:             0
URAM:             0
LATCH:            0
SRL:              3
CLB:              0

#=== Final timing ===
CP required:                     10.000
CP achieved post-synthesis:      5.745
CP achieved post-implementation: 6.870
Timing met
