#-----------------------------------------------------------
# Vivado v2024.2 (64-bit)
# SW Build 5239630 on Fri Nov 08 22:35:27 MST 2024
# IP Build 5239520 on Sun Nov 10 16:12:51 MST 2024
# SharedData Build 5239561 on Fri Nov 08 14:39:27 MST 2024
# Start of session at: Wed Apr  9 14:22:33 2025
# Process ID         : 27672
# Current directory  : C:/Users/cfk30/OneDrive/Documents/ECE4910/thesis/flash_attn/flash_attn/hls/.autopilot/db/ip_tmp
# Command line       : vivado.exe -notrace -log vivado.log -mode batch -source run_vivado_gen_ip.tcl
# Log file           : C:/Users/cfk30/OneDrive/Documents/ECE4910/thesis/flash_attn/flash_attn/hls/.autopilot/db/ip_tmp/vivado.log
# Journal file       : C:/Users/cfk30/OneDrive/Documents/ECE4910/thesis/flash_attn/flash_attn/hls/.autopilot/db/ip_tmp\vivado.jou
# Running On         : DESKTOP-I99LGQ1
# Platform           : Windows Server 2016 or Windows 10
# Operating System   : 19045
# Processor Detail   : 11th Gen Intel(R) Core(TM) i7-11700KF @ 3.60GHz
# CPU Frequency      : 3600 MHz
# CPU Physical cores : 8
# CPU Logical cores  : 16
# Host memory        : 34222 MB
# Swap memory        : 5100 MB
# Total Virtual      : 39322 MB
# Available Virtual  : 23398 MB
#-----------------------------------------------------------
source run_vivado_gen_ip.tcl -notrace
INFO: [ProjectBase 1-489] The host OS only allows 260 characters in a normal path. The project is stored in a path with more than 80 characters. If you experience issues with IP, Block Designs, or files not being found, please consider moving the project to a location with a shorter path. Alternately consider using the OS subst command to map part of the path to a drive letter.
Current project path is 'C:/Users/cfk30/OneDrive/Documents/ECE4910/thesis/flash_attn/flash_attn/hls/.autopilot/db/ip_tmp'
create_project: Time (s): cpu = 00:00:05 ; elapsed = 00:00:08 . Memory (MB): peak = 620.223 ; gain = 192.383
INFO: [IP_Flow 19-234] Refreshing IP repositories
INFO: [IP_Flow 19-1704] No user IP repositories specified
INFO: [IP_Flow 19-2313] Loaded Vivado IP repository 'C:/Xilinx/Vivado/2024.2/data/ip'.
WARNING: [IP_Flow 19-4832] The IP name 'flashattn_fadd_32ns_32ns_32_5_full_dsp_1_ip' you have specified is long. The Windows operating system has path length limitations. It is recommended you use shorter names to reduce the likelihood of issues.
INFO: [IP_Flow 19-1686] Generating 'Synthesis' target for IP 'flashattn_fadd_32ns_32ns_32_5_full_dsp_1_ip'...
INFO: [IP_Flow 19-1686] Generating 'Simulation' target for IP 'flashattn_fadd_32ns_32ns_32_5_full_dsp_1_ip'...
INFO: [Common 17-206] Exiting Vivado at Wed Apr  9 14:22:54 2025...
