
*** Running vivado
    with args -log flashattn_bd_axi_interconnect_0_imp_xbar_0.vds -m64 -product Vivado -mode batch -messageDb vivado.pb -notrace -source flashattn_bd_axi_interconnect_0_imp_xbar_0.tcl



****** Vivado v2024.2 (64-bit)
  **** SW Build 5239630 on Fri Nov 08 22:35:27 MST 2024
  **** IP Build 5239520 on Sun Nov 10 16:12:51 MST 2024
  **** SharedData Build 5239561 on Fri Nov 08 14:39:27 MST 2024
  **** Start of session at: Wed Apr  9 14:57:00 2025
    ** Copyright 1986-2022 Xilinx, Inc. All Rights Reserved.
    ** Copyright 2022-2024 Advanced Micro Devices, Inc. All Rights Reserved.

source flashattn_bd_axi_interconnect_0_imp_xbar_0.tcl -notrace
create_project: Time (s): cpu = 00:00:05 ; elapsed = 00:00:05 . Memory (MB): peak = 618.520 ; gain = 190.730
INFO: [IP_Flow 19-234] Refreshing IP repositories
INFO: [IP_Flow 19-1700] Loaded user IP repository 'c:/Users/cfk30/OneDrive/Documents/ECE4910/thesis/flash_attn/flash_attn'.
INFO: [IP_Flow 19-2313] Loaded Vivado IP repository 'C:/Xilinx/Vivado/2024.2/data/ip'.
WARNING: [IP_Flow 19-4995] The host OS only allows 260 characters in a normal path. The IP cache path is more than 80 characters. If you experience issues with IP caching, please consider changing the IP cache to a location with a shorter path. Alternately consider using the OS subst command to map part of the path to a drive letter. 
Current IP cache path is c:/Users/cfk30/OneDrive/Documents/ECE4910/thesis/flash_attn_vivado/flash_attn_vivado.cache/ip 
INFO: [IP_Flow 19-6924] IPCACHE: Running cache check for IP inst: flashattn_bd_axi_interconnect_0_imp_xbar_0
Command: synth_design -top flashattn_bd_axi_interconnect_0_imp_xbar_0 -part xc7z020clg400-1 -incremental_mode off -mode out_of_context
Starting synth_design
Attempting to get a license for feature 'Synthesis' and/or device 'xc7z020'
INFO: [Common 17-349] Got license for feature 'Synthesis' and/or device 'xc7z020'
INFO: [Device 21-403] Loading part xc7z020clg400-1
INFO: [Synth 8-7079] Multithreading enabled for synth_design using a maximum of 2 processes.
INFO: [Synth 8-7078] Launching helper process for spawning children vivado processes
INFO: [Synth 8-7075] Helper process launched with PID 20716
---------------------------------------------------------------------------------
Starting RTL Elaboration : Time (s): cpu = 00:00:07 ; elapsed = 00:00:07 . Memory (MB): peak = 1340.301 ; gain = 468.160
---------------------------------------------------------------------------------
WARNING: [Synth 8-10507] attribute 'X_INTERFACE_MODE' is already specified; last one will take precedence [c:/Users/cfk30/OneDrive/Documents/ECE4910/thesis/flash_attn_vivado/flash_attn_vivado.gen/sources_1/bd/flashattn_bd/ip/flashattn_bd_axi_interconnect_0_imp_xbar_0/synth/flashattn_bd_axi_interconnect_0_imp_xbar_0.v:152]
WARNING: [Synth 8-10507] attribute 'X_INTERFACE_PARAMETER' is already specified; last one will take precedence [c:/Users/cfk30/OneDrive/Documents/ECE4910/thesis/flash_attn_vivado/flash_attn_vivado.gen/sources_1/bd/flashattn_bd/ip/flashattn_bd_axi_interconnect_0_imp_xbar_0/synth/flashattn_bd_axi_interconnect_0_imp_xbar_0.v:154]
WARNING: [Synth 8-10507] attribute 'X_INTERFACE_MODE' is already specified; last one will take precedence [c:/Users/cfk30/OneDrive/Documents/ECE4910/thesis/flash_attn_vivado/flash_attn_vivado.gen/sources_1/bd/flashattn_bd/ip/flashattn_bd_axi_interconnect_0_imp_xbar_0/synth/flashattn_bd_axi_interconnect_0_imp_xbar_0.v:155]
WARNING: [Synth 8-10507] attribute 'X_INTERFACE_PARAMETER' is already specified; last one will take precedence [c:/Users/cfk30/OneDrive/Documents/ECE4910/thesis/flash_attn_vivado/flash_attn_vivado.gen/sources_1/bd/flashattn_bd/ip/flashattn_bd_axi_interconnect_0_imp_xbar_0/synth/flashattn_bd_axi_interconnect_0_imp_xbar_0.v:157]
WARNING: [Synth 8-10507] attribute 'X_INTERFACE_MODE' is already specified; last one will take precedence [c:/Users/cfk30/OneDrive/Documents/ECE4910/thesis/flash_attn_vivado/flash_attn_vivado.gen/sources_1/bd/flashattn_bd/ip/flashattn_bd_axi_interconnect_0_imp_xbar_0/synth/flashattn_bd_axi_interconnect_0_imp_xbar_0.v:158]
WARNING: [Synth 8-10507] attribute 'X_INTERFACE_PARAMETER' is already specified; last one will take precedence [c:/Users/cfk30/OneDrive/Documents/ECE4910/thesis/flash_attn_vivado/flash_attn_vivado.gen/sources_1/bd/flashattn_bd/ip/flashattn_bd_axi_interconnect_0_imp_xbar_0/synth/flashattn_bd_axi_interconnect_0_imp_xbar_0.v:160]
INFO: [Synth 8-6157] synthesizing module 'flashattn_bd_axi_interconnect_0_imp_xbar_0' [c:/Users/cfk30/OneDrive/Documents/ECE4910/thesis/flash_attn_vivado/flash_attn_vivado.gen/sources_1/bd/flashattn_bd/ip/flashattn_bd_axi_interconnect_0_imp_xbar_0/synth/flashattn_bd_axi_interconnect_0_imp_xbar_0.v:53]
INFO: [Synth 8-6157] synthesizing module 'axi_crossbar_v2_1_34_axi_crossbar' [c:/Users/cfk30/OneDrive/Documents/ECE4910/thesis/flash_attn_vivado/flash_attn_vivado.gen/sources_1/bd/flashattn_bd/ipshared/a7e3/hdl/axi_crossbar_v2_1_vl_rfs.v:4871]
INFO: [Synth 8-6157] synthesizing module 'axi_crossbar_v2_1_34_crossbar' [c:/Users/cfk30/OneDrive/Documents/ECE4910/thesis/flash_attn_vivado/flash_attn_vivado.gen/sources_1/bd/flashattn_bd/ipshared/a7e3/hdl/axi_crossbar_v2_1_vl_rfs.v:2232]
INFO: [Synth 8-6157] synthesizing module 'axi_crossbar_v2_1_34_si_transactor' [c:/Users/cfk30/OneDrive/Documents/ECE4910/thesis/flash_attn_vivado/flash_attn_vivado.gen/sources_1/bd/flashattn_bd/ipshared/a7e3/hdl/axi_crossbar_v2_1_vl_rfs.v:3791]
INFO: [Synth 8-6157] synthesizing module 'axi_crossbar_v2_1_34_addr_decoder' [c:/Users/cfk30/OneDrive/Documents/ECE4910/thesis/flash_attn_vivado/flash_attn_vivado.gen/sources_1/bd/flashattn_bd/ipshared/a7e3/hdl/axi_crossbar_v2_1_vl_rfs.v:790]
INFO: [Synth 8-6157] synthesizing module 'generic_baseblocks_v2_1_2_comparator_static' [c:/Users/cfk30/OneDrive/Documents/ECE4910/thesis/flash_attn_vivado/flash_attn_vivado.gen/sources_1/bd/flashattn_bd/ipshared/0c28/hdl/generic_baseblocks_v2_1_vl_rfs.v:2119]
INFO: [Synth 8-6157] synthesizing module 'generic_baseblocks_v2_1_2_carry_and' [c:/Users/cfk30/OneDrive/Documents/ECE4910/thesis/flash_attn_vivado/flash_attn_vivado.gen/sources_1/bd/flashattn_bd/ipshared/0c28/hdl/generic_baseblocks_v2_1_vl_rfs.v:60]
INFO: [Synth 8-6155] done synthesizing module 'generic_baseblocks_v2_1_2_carry_and' (0#1) [c:/Users/cfk30/OneDrive/Documents/ECE4910/thesis/flash_attn_vivado/flash_attn_vivado.gen/sources_1/bd/flashattn_bd/ipshared/0c28/hdl/generic_baseblocks_v2_1_vl_rfs.v:60]
INFO: [Synth 8-6155] done synthesizing module 'generic_baseblocks_v2_1_2_comparator_static' (0#1) [c:/Users/cfk30/OneDrive/Documents/ECE4910/thesis/flash_attn_vivado/flash_attn_vivado.gen/sources_1/bd/flashattn_bd/ipshared/0c28/hdl/generic_baseblocks_v2_1_vl_rfs.v:2119]
INFO: [Synth 8-6155] done synthesizing module 'axi_crossbar_v2_1_34_addr_decoder' (0#1) [c:/Users/cfk30/OneDrive/Documents/ECE4910/thesis/flash_attn_vivado/flash_attn_vivado.gen/sources_1/bd/flashattn_bd/ipshared/a7e3/hdl/axi_crossbar_v2_1_vl_rfs.v:790]
INFO: [Synth 8-6157] synthesizing module 'axi_data_fifo_v2_1_32_axic_srl_fifo' [c:/Users/cfk30/OneDrive/Documents/ECE4910/thesis/flash_attn_vivado/flash_attn_vivado.gen/sources_1/bd/flashattn_bd/ipshared/65ce/hdl/axi_data_fifo_v2_1_vl_rfs.v:694]
INFO: [Synth 8-6157] synthesizing module 'axi_data_fifo_v2_1_32_ndeep_srl' [c:/Users/cfk30/OneDrive/Documents/ECE4910/thesis/flash_attn_vivado/flash_attn_vivado.gen/sources_1/bd/flashattn_bd/ipshared/65ce/hdl/axi_data_fifo_v2_1_vl_rfs.v:1129]
INFO: [Synth 8-6157] synthesizing module 'SRLC32E' [C:/Xilinx/Vivado/2024.2/scripts/rt/data/unisim_comp.v:149195]
INFO: [Synth 8-6155] done synthesizing module 'SRLC32E' (0#1) [C:/Xilinx/Vivado/2024.2/scripts/rt/data/unisim_comp.v:149195]
INFO: [Synth 8-6155] done synthesizing module 'axi_data_fifo_v2_1_32_ndeep_srl' (0#1) [c:/Users/cfk30/OneDrive/Documents/ECE4910/thesis/flash_attn_vivado/flash_attn_vivado.gen/sources_1/bd/flashattn_bd/ipshared/65ce/hdl/axi_data_fifo_v2_1_vl_rfs.v:1129]
INFO: [Synth 8-6155] done synthesizing module 'axi_data_fifo_v2_1_32_axic_srl_fifo' (0#1) [c:/Users/cfk30/OneDrive/Documents/ECE4910/thesis/flash_attn_vivado/flash_attn_vivado.gen/sources_1/bd/flashattn_bd/ipshared/65ce/hdl/axi_data_fifo_v2_1_vl_rfs.v:694]
INFO: [Synth 8-6157] synthesizing module 'generic_baseblocks_v2_1_2_mux_enc' [c:/Users/cfk30/OneDrive/Documents/ECE4910/thesis/flash_attn_vivado/flash_attn_vivado.gen/sources_1/bd/flashattn_bd/ipshared/0c28/hdl/generic_baseblocks_v2_1_vl_rfs.v:2436]
INFO: [Synth 8-6155] done synthesizing module 'generic_baseblocks_v2_1_2_mux_enc' (0#1) [c:/Users/cfk30/OneDrive/Documents/ECE4910/thesis/flash_attn_vivado/flash_attn_vivado.gen/sources_1/bd/flashattn_bd/ipshared/0c28/hdl/generic_baseblocks_v2_1_vl_rfs.v:2436]
INFO: [Synth 8-6155] done synthesizing module 'axi_crossbar_v2_1_34_si_transactor' (0#1) [c:/Users/cfk30/OneDrive/Documents/ECE4910/thesis/flash_attn_vivado/flash_attn_vivado.gen/sources_1/bd/flashattn_bd/ipshared/a7e3/hdl/axi_crossbar_v2_1_vl_rfs.v:3791]
INFO: [Synth 8-6157] synthesizing module 'axi_crossbar_v2_1_34_si_transactor__parameterized0' [c:/Users/cfk30/OneDrive/Documents/ECE4910/thesis/flash_attn_vivado/flash_attn_vivado.gen/sources_1/bd/flashattn_bd/ipshared/a7e3/hdl/axi_crossbar_v2_1_vl_rfs.v:3791]
INFO: [Synth 8-6155] done synthesizing module 'axi_crossbar_v2_1_34_si_transactor__parameterized0' (0#1) [c:/Users/cfk30/OneDrive/Documents/ECE4910/thesis/flash_attn_vivado/flash_attn_vivado.gen/sources_1/bd/flashattn_bd/ipshared/a7e3/hdl/axi_crossbar_v2_1_vl_rfs.v:3791]
INFO: [Synth 8-6157] synthesizing module 'axi_crossbar_v2_1_34_si_transactor__parameterized1' [c:/Users/cfk30/OneDrive/Documents/ECE4910/thesis/flash_attn_vivado/flash_attn_vivado.gen/sources_1/bd/flashattn_bd/ipshared/a7e3/hdl/axi_crossbar_v2_1_vl_rfs.v:3791]
INFO: [Synth 8-6155] done synthesizing module 'axi_crossbar_v2_1_34_si_transactor__parameterized1' (0#1) [c:/Users/cfk30/OneDrive/Documents/ECE4910/thesis/flash_attn_vivado/flash_attn_vivado.gen/sources_1/bd/flashattn_bd/ipshared/a7e3/hdl/axi_crossbar_v2_1_vl_rfs.v:3791]
INFO: [Synth 8-6157] synthesizing module 'axi_crossbar_v2_1_34_si_transactor__parameterized2' [c:/Users/cfk30/OneDrive/Documents/ECE4910/thesis/flash_attn_vivado/flash_attn_vivado.gen/sources_1/bd/flashattn_bd/ipshared/a7e3/hdl/axi_crossbar_v2_1_vl_rfs.v:3791]
INFO: [Synth 8-6157] synthesizing module 'generic_baseblocks_v2_1_2_mux_enc__parameterized0' [c:/Users/cfk30/OneDrive/Documents/ECE4910/thesis/flash_attn_vivado/flash_attn_vivado.gen/sources_1/bd/flashattn_bd/ipshared/0c28/hdl/generic_baseblocks_v2_1_vl_rfs.v:2436]
INFO: [Synth 8-6155] done synthesizing module 'generic_baseblocks_v2_1_2_mux_enc__parameterized0' (0#1) [c:/Users/cfk30/OneDrive/Documents/ECE4910/thesis/flash_attn_vivado/flash_attn_vivado.gen/sources_1/bd/flashattn_bd/ipshared/0c28/hdl/generic_baseblocks_v2_1_vl_rfs.v:2436]
INFO: [Synth 8-6155] done synthesizing module 'axi_crossbar_v2_1_34_si_transactor__parameterized2' (0#1) [c:/Users/cfk30/OneDrive/Documents/ECE4910/thesis/flash_attn_vivado/flash_attn_vivado.gen/sources_1/bd/flashattn_bd/ipshared/a7e3/hdl/axi_crossbar_v2_1_vl_rfs.v:3791]
INFO: [Synth 8-6157] synthesizing module 'axi_crossbar_v2_1_34_splitter' [c:/Users/cfk30/OneDrive/Documents/ECE4910/thesis/flash_attn_vivado/flash_attn_vivado.gen/sources_1/bd/flashattn_bd/ipshared/a7e3/hdl/axi_crossbar_v2_1_vl_rfs.v:4451]
INFO: [Synth 8-6155] done synthesizing module 'axi_crossbar_v2_1_34_splitter' (0#1) [c:/Users/cfk30/OneDrive/Documents/ECE4910/thesis/flash_attn_vivado/flash_attn_vivado.gen/sources_1/bd/flashattn_bd/ipshared/a7e3/hdl/axi_crossbar_v2_1_vl_rfs.v:4451]
INFO: [Synth 8-6157] synthesizing module 'axi_crossbar_v2_1_34_wdata_router' [c:/Users/cfk30/OneDrive/Documents/ECE4910/thesis/flash_attn_vivado/flash_attn_vivado.gen/sources_1/bd/flashattn_bd/ipshared/a7e3/hdl/axi_crossbar_v2_1_vl_rfs.v:4724]
INFO: [Synth 8-6157] synthesizing module 'axi_data_fifo_v2_1_32_axic_reg_srl_fifo' [c:/Users/cfk30/OneDrive/Documents/ECE4910/thesis/flash_attn_vivado/flash_attn_vivado.gen/sources_1/bd/flashattn_bd/ipshared/65ce/hdl/axi_data_fifo_v2_1_vl_rfs.v:884]
INFO: [Synth 8-6157] synthesizing module 'axi_data_fifo_v2_1_32_ndeep_srl__parameterized0' [c:/Users/cfk30/OneDrive/Documents/ECE4910/thesis/flash_attn_vivado/flash_attn_vivado.gen/sources_1/bd/flashattn_bd/ipshared/65ce/hdl/axi_data_fifo_v2_1_vl_rfs.v:1129]
INFO: [Synth 8-6155] done synthesizing module 'axi_data_fifo_v2_1_32_ndeep_srl__parameterized0' (0#1) [c:/Users/cfk30/OneDrive/Documents/ECE4910/thesis/flash_attn_vivado/flash_attn_vivado.gen/sources_1/bd/flashattn_bd/ipshared/65ce/hdl/axi_data_fifo_v2_1_vl_rfs.v:1129]
INFO: [Synth 8-155] case statement is not full and has no default [c:/Users/cfk30/OneDrive/Documents/ECE4910/thesis/flash_attn_vivado/flash_attn_vivado.gen/sources_1/bd/flashattn_bd/ipshared/65ce/hdl/axi_data_fifo_v2_1_vl_rfs.v:982]
INFO: [Synth 8-6155] done synthesizing module 'axi_data_fifo_v2_1_32_axic_reg_srl_fifo' (0#1) [c:/Users/cfk30/OneDrive/Documents/ECE4910/thesis/flash_attn_vivado/flash_attn_vivado.gen/sources_1/bd/flashattn_bd/ipshared/65ce/hdl/axi_data_fifo_v2_1_vl_rfs.v:884]
INFO: [Synth 8-6155] done synthesizing module 'axi_crossbar_v2_1_34_wdata_router' (0#1) [c:/Users/cfk30/OneDrive/Documents/ECE4910/thesis/flash_attn_vivado/flash_attn_vivado.gen/sources_1/bd/flashattn_bd/ipshared/a7e3/hdl/axi_crossbar_v2_1_vl_rfs.v:4724]
INFO: [Synth 8-6157] synthesizing module 'axi_crossbar_v2_1_34_addr_decoder__parameterized0' [c:/Users/cfk30/OneDrive/Documents/ECE4910/thesis/flash_attn_vivado/flash_attn_vivado.gen/sources_1/bd/flashattn_bd/ipshared/a7e3/hdl/axi_crossbar_v2_1_vl_rfs.v:790]
INFO: [Synth 8-6155] done synthesizing module 'axi_crossbar_v2_1_34_addr_decoder__parameterized0' (0#1) [c:/Users/cfk30/OneDrive/Documents/ECE4910/thesis/flash_attn_vivado/flash_attn_vivado.gen/sources_1/bd/flashattn_bd/ipshared/a7e3/hdl/axi_crossbar_v2_1_vl_rfs.v:790]
INFO: [Synth 8-6157] synthesizing module 'axi_crossbar_v2_1_34_addr_decoder__parameterized1' [c:/Users/cfk30/OneDrive/Documents/ECE4910/thesis/flash_attn_vivado/flash_attn_vivado.gen/sources_1/bd/flashattn_bd/ipshared/a7e3/hdl/axi_crossbar_v2_1_vl_rfs.v:790]
INFO: [Synth 8-6155] done synthesizing module 'axi_crossbar_v2_1_34_addr_decoder__parameterized1' (0#1) [c:/Users/cfk30/OneDrive/Documents/ECE4910/thesis/flash_attn_vivado/flash_attn_vivado.gen/sources_1/bd/flashattn_bd/ipshared/a7e3/hdl/axi_crossbar_v2_1_vl_rfs.v:790]
INFO: [Synth 8-6157] synthesizing module 'axi_data_fifo_v2_1_32_axic_srl_fifo__parameterized0' [c:/Users/cfk30/OneDrive/Documents/ECE4910/thesis/flash_attn_vivado/flash_attn_vivado.gen/sources_1/bd/flashattn_bd/ipshared/65ce/hdl/axi_data_fifo_v2_1_vl_rfs.v:694]
INFO: [Synth 8-6157] synthesizing module 'axi_data_fifo_v2_1_32_ndeep_srl__parameterized1' [c:/Users/cfk30/OneDrive/Documents/ECE4910/thesis/flash_attn_vivado/flash_attn_vivado.gen/sources_1/bd/flashattn_bd/ipshared/65ce/hdl/axi_data_fifo_v2_1_vl_rfs.v:1129]
INFO: [Synth 8-6155] done synthesizing module 'axi_data_fifo_v2_1_32_ndeep_srl__parameterized1' (0#1) [c:/Users/cfk30/OneDrive/Documents/ECE4910/thesis/flash_attn_vivado/flash_attn_vivado.gen/sources_1/bd/flashattn_bd/ipshared/65ce/hdl/axi_data_fifo_v2_1_vl_rfs.v:1129]
INFO: [Synth 8-6155] done synthesizing module 'axi_data_fifo_v2_1_32_axic_srl_fifo__parameterized0' (0#1) [c:/Users/cfk30/OneDrive/Documents/ECE4910/thesis/flash_attn_vivado/flash_attn_vivado.gen/sources_1/bd/flashattn_bd/ipshared/65ce/hdl/axi_data_fifo_v2_1_vl_rfs.v:694]
INFO: [Synth 8-6157] synthesizing module 'axi_crossbar_v2_1_34_wdata_mux' [c:/Users/cfk30/OneDrive/Documents/ECE4910/thesis/flash_attn_vivado/flash_attn_vivado.gen/sources_1/bd/flashattn_bd/ipshared/a7e3/hdl/axi_crossbar_v2_1_vl_rfs.v:4550]
INFO: [Synth 8-6157] synthesizing module 'axi_data_fifo_v2_1_32_axic_reg_srl_fifo__parameterized0' [c:/Users/cfk30/OneDrive/Documents/ECE4910/thesis/flash_attn_vivado/flash_attn_vivado.gen/sources_1/bd/flashattn_bd/ipshared/65ce/hdl/axi_data_fifo_v2_1_vl_rfs.v:884]
INFO: [Synth 8-155] case statement is not full and has no default [c:/Users/cfk30/OneDrive/Documents/ECE4910/thesis/flash_attn_vivado/flash_attn_vivado.gen/sources_1/bd/flashattn_bd/ipshared/65ce/hdl/axi_data_fifo_v2_1_vl_rfs.v:982]
INFO: [Synth 8-6155] done synthesizing module 'axi_data_fifo_v2_1_32_axic_reg_srl_fifo__parameterized0' (0#1) [c:/Users/cfk30/OneDrive/Documents/ECE4910/thesis/flash_attn_vivado/flash_attn_vivado.gen/sources_1/bd/flashattn_bd/ipshared/65ce/hdl/axi_data_fifo_v2_1_vl_rfs.v:884]
INFO: [Synth 8-6157] synthesizing module 'generic_baseblocks_v2_1_2_mux_enc__parameterized1' [c:/Users/cfk30/OneDrive/Documents/ECE4910/thesis/flash_attn_vivado/flash_attn_vivado.gen/sources_1/bd/flashattn_bd/ipshared/0c28/hdl/generic_baseblocks_v2_1_vl_rfs.v:2436]
INFO: [Synth 8-6155] done synthesizing module 'generic_baseblocks_v2_1_2_mux_enc__parameterized1' (0#1) [c:/Users/cfk30/OneDrive/Documents/ECE4910/thesis/flash_attn_vivado/flash_attn_vivado.gen/sources_1/bd/flashattn_bd/ipshared/0c28/hdl/generic_baseblocks_v2_1_vl_rfs.v:2436]
INFO: [Synth 8-6155] done synthesizing module 'axi_crossbar_v2_1_34_wdata_mux' (0#1) [c:/Users/cfk30/OneDrive/Documents/ECE4910/thesis/flash_attn_vivado/flash_attn_vivado.gen/sources_1/bd/flashattn_bd/ipshared/a7e3/hdl/axi_crossbar_v2_1_vl_rfs.v:4550]
INFO: [Synth 8-6157] synthesizing module 'axi_register_slice_v2_1_33_axi_register_slice' [c:/Users/cfk30/OneDrive/Documents/ECE4910/thesis/flash_attn_vivado/flash_attn_vivado.gen/sources_1/bd/flashattn_bd/ipshared/3ee4/hdl/axi_register_slice_v2_1_vl_rfs.v:3721]
INFO: [Synth 8-6157] synthesizing module 'axi_infrastructure_v1_1_0_axi2vector' [c:/Users/cfk30/OneDrive/Documents/ECE4910/thesis/flash_attn_vivado/flash_attn_vivado.gen/sources_1/bd/flashattn_bd/ipshared/ec67/hdl/axi_infrastructure_v1_1_vl_rfs.v:59]
INFO: [Synth 8-6155] done synthesizing module 'axi_infrastructure_v1_1_0_axi2vector' (0#1) [c:/Users/cfk30/OneDrive/Documents/ECE4910/thesis/flash_attn_vivado/flash_attn_vivado.gen/sources_1/bd/flashattn_bd/ipshared/ec67/hdl/axi_infrastructure_v1_1_vl_rfs.v:59]
INFO: [Synth 8-6157] synthesizing module 'axi_infrastructure_v1_1_0_vector2axi' [c:/Users/cfk30/OneDrive/Documents/ECE4910/thesis/flash_attn_vivado/flash_attn_vivado.gen/sources_1/bd/flashattn_bd/ipshared/ec67/hdl/axi_infrastructure_v1_1_vl_rfs.v:473]
INFO: [Synth 8-6155] done synthesizing module 'axi_infrastructure_v1_1_0_vector2axi' (0#1) [c:/Users/cfk30/OneDrive/Documents/ECE4910/thesis/flash_attn_vivado/flash_attn_vivado.gen/sources_1/bd/flashattn_bd/ipshared/ec67/hdl/axi_infrastructure_v1_1_vl_rfs.v:473]
INFO: [Synth 8-6157] synthesizing module 'axi_register_slice_v2_1_33_axic_register_slice' [c:/Users/cfk30/OneDrive/Documents/ECE4910/thesis/flash_attn_vivado/flash_attn_vivado.gen/sources_1/bd/flashattn_bd/ipshared/3ee4/hdl/axi_register_slice_v2_1_vl_rfs.v:1492]
INFO: [Synth 8-6155] done synthesizing module 'axi_register_slice_v2_1_33_axic_register_slice' (0#1) [c:/Users/cfk30/OneDrive/Documents/ECE4910/thesis/flash_attn_vivado/flash_attn_vivado.gen/sources_1/bd/flashattn_bd/ipshared/3ee4/hdl/axi_register_slice_v2_1_vl_rfs.v:1492]
INFO: [Synth 8-6157] synthesizing module 'axi_register_slice_v2_1_33_axic_register_slice__parameterized0' [c:/Users/cfk30/OneDrive/Documents/ECE4910/thesis/flash_attn_vivado/flash_attn_vivado.gen/sources_1/bd/flashattn_bd/ipshared/3ee4/hdl/axi_register_slice_v2_1_vl_rfs.v:1492]
INFO: [Synth 8-6155] done synthesizing module 'axi_register_slice_v2_1_33_axic_register_slice__parameterized0' (0#1) [c:/Users/cfk30/OneDrive/Documents/ECE4910/thesis/flash_attn_vivado/flash_attn_vivado.gen/sources_1/bd/flashattn_bd/ipshared/3ee4/hdl/axi_register_slice_v2_1_vl_rfs.v:1492]
INFO: [Synth 8-6157] synthesizing module 'axi_register_slice_v2_1_33_axic_register_slice__parameterized1' [c:/Users/cfk30/OneDrive/Documents/ECE4910/thesis/flash_attn_vivado/flash_attn_vivado.gen/sources_1/bd/flashattn_bd/ipshared/3ee4/hdl/axi_register_slice_v2_1_vl_rfs.v:1492]
INFO: [Synth 8-6155] done synthesizing module 'axi_register_slice_v2_1_33_axic_register_slice__parameterized1' (0#1) [c:/Users/cfk30/OneDrive/Documents/ECE4910/thesis/flash_attn_vivado/flash_attn_vivado.gen/sources_1/bd/flashattn_bd/ipshared/3ee4/hdl/axi_register_slice_v2_1_vl_rfs.v:1492]
INFO: [Synth 8-6157] synthesizing module 'axi_register_slice_v2_1_33_axic_register_slice__parameterized2' [c:/Users/cfk30/OneDrive/Documents/ECE4910/thesis/flash_attn_vivado/flash_attn_vivado.gen/sources_1/bd/flashattn_bd/ipshared/3ee4/hdl/axi_register_slice_v2_1_vl_rfs.v:1492]
INFO: [Synth 8-6155] done synthesizing module 'axi_register_slice_v2_1_33_axic_register_slice__parameterized2' (0#1) [c:/Users/cfk30/OneDrive/Documents/ECE4910/thesis/flash_attn_vivado/flash_attn_vivado.gen/sources_1/bd/flashattn_bd/ipshared/3ee4/hdl/axi_register_slice_v2_1_vl_rfs.v:1492]
INFO: [Synth 8-6155] done synthesizing module 'axi_register_slice_v2_1_33_axi_register_slice' (0#1) [c:/Users/cfk30/OneDrive/Documents/ECE4910/thesis/flash_attn_vivado/flash_attn_vivado.gen/sources_1/bd/flashattn_bd/ipshared/3ee4/hdl/axi_register_slice_v2_1_vl_rfs.v:3721]
WARNING: [Synth 8-7071] port 'aclk2x' of module 'axi_register_slice_v2_1_33_axi_register_slice' is unconnected for instance 'reg_slice_mi' [c:/Users/cfk30/OneDrive/Documents/ECE4910/thesis/flash_attn_vivado/flash_attn_vivado.gen/sources_1/bd/flashattn_bd/ipshared/a7e3/hdl/axi_crossbar_v2_1_vl_rfs.v:3116]
WARNING: [Synth 8-7023] instance 'reg_slice_mi' of module 'axi_register_slice_v2_1_33_axi_register_slice' has 93 connections declared, but only 92 given [c:/Users/cfk30/OneDrive/Documents/ECE4910/thesis/flash_attn_vivado/flash_attn_vivado.gen/sources_1/bd/flashattn_bd/ipshared/a7e3/hdl/axi_crossbar_v2_1_vl_rfs.v:3116]
INFO: [Synth 8-6157] synthesizing module 'axi_crossbar_v2_1_34_addr_decoder__parameterized2' [c:/Users/cfk30/OneDrive/Documents/ECE4910/thesis/flash_attn_vivado/flash_attn_vivado.gen/sources_1/bd/flashattn_bd/ipshared/a7e3/hdl/axi_crossbar_v2_1_vl_rfs.v:790]
INFO: [Synth 8-6155] done synthesizing module 'axi_crossbar_v2_1_34_addr_decoder__parameterized2' (0#1) [c:/Users/cfk30/OneDrive/Documents/ECE4910/thesis/flash_attn_vivado/flash_attn_vivado.gen/sources_1/bd/flashattn_bd/ipshared/a7e3/hdl/axi_crossbar_v2_1_vl_rfs.v:790]
INFO: [Synth 8-6157] synthesizing module 'axi_data_fifo_v2_1_32_axic_srl_fifo__parameterized1' [c:/Users/cfk30/OneDrive/Documents/ECE4910/thesis/flash_attn_vivado/flash_attn_vivado.gen/sources_1/bd/flashattn_bd/ipshared/65ce/hdl/axi_data_fifo_v2_1_vl_rfs.v:694]
INFO: [Synth 8-6157] synthesizing module 'axi_data_fifo_v2_1_32_ndeep_srl__parameterized2' [c:/Users/cfk30/OneDrive/Documents/ECE4910/thesis/flash_attn_vivado/flash_attn_vivado.gen/sources_1/bd/flashattn_bd/ipshared/65ce/hdl/axi_data_fifo_v2_1_vl_rfs.v:1129]
INFO: [Synth 8-6155] done synthesizing module 'axi_data_fifo_v2_1_32_ndeep_srl__parameterized2' (0#1) [c:/Users/cfk30/OneDrive/Documents/ECE4910/thesis/flash_attn_vivado/flash_attn_vivado.gen/sources_1/bd/flashattn_bd/ipshared/65ce/hdl/axi_data_fifo_v2_1_vl_rfs.v:1129]
INFO: [Synth 8-6155] done synthesizing module 'axi_data_fifo_v2_1_32_axic_srl_fifo__parameterized1' (0#1) [c:/Users/cfk30/OneDrive/Documents/ECE4910/thesis/flash_attn_vivado/flash_attn_vivado.gen/sources_1/bd/flashattn_bd/ipshared/65ce/hdl/axi_data_fifo_v2_1_vl_rfs.v:694]
INFO: [Synth 8-6157] synthesizing module 'axi_crossbar_v2_1_34_wdata_mux__parameterized0' [c:/Users/cfk30/OneDrive/Documents/ECE4910/thesis/flash_attn_vivado/flash_attn_vivado.gen/sources_1/bd/flashattn_bd/ipshared/a7e3/hdl/axi_crossbar_v2_1_vl_rfs.v:4550]
INFO: [Synth 8-6157] synthesizing module 'axi_data_fifo_v2_1_32_axic_reg_srl_fifo__parameterized1' [c:/Users/cfk30/OneDrive/Documents/ECE4910/thesis/flash_attn_vivado/flash_attn_vivado.gen/sources_1/bd/flashattn_bd/ipshared/65ce/hdl/axi_data_fifo_v2_1_vl_rfs.v:884]
INFO: [Synth 8-155] case statement is not full and has no default [c:/Users/cfk30/OneDrive/Documents/ECE4910/thesis/flash_attn_vivado/flash_attn_vivado.gen/sources_1/bd/flashattn_bd/ipshared/65ce/hdl/axi_data_fifo_v2_1_vl_rfs.v:982]
INFO: [Synth 8-6155] done synthesizing module 'axi_data_fifo_v2_1_32_axic_reg_srl_fifo__parameterized1' (0#1) [c:/Users/cfk30/OneDrive/Documents/ECE4910/thesis/flash_attn_vivado/flash_attn_vivado.gen/sources_1/bd/flashattn_bd/ipshared/65ce/hdl/axi_data_fifo_v2_1_vl_rfs.v:884]
INFO: [Synth 8-6155] done synthesizing module 'axi_crossbar_v2_1_34_wdata_mux__parameterized0' (0#1) [c:/Users/cfk30/OneDrive/Documents/ECE4910/thesis/flash_attn_vivado/flash_attn_vivado.gen/sources_1/bd/flashattn_bd/ipshared/a7e3/hdl/axi_crossbar_v2_1_vl_rfs.v:4550]
WARNING: [Synth 8-7071] port 'aclk2x' of module 'axi_register_slice_v2_1_33_axi_register_slice' is unconnected for instance 'reg_slice_mi' [c:/Users/cfk30/OneDrive/Documents/ECE4910/thesis/flash_attn_vivado/flash_attn_vivado.gen/sources_1/bd/flashattn_bd/ipshared/a7e3/hdl/axi_crossbar_v2_1_vl_rfs.v:3116]
WARNING: [Synth 8-7023] instance 'reg_slice_mi' of module 'axi_register_slice_v2_1_33_axi_register_slice' has 93 connections declared, but only 92 given [c:/Users/cfk30/OneDrive/Documents/ECE4910/thesis/flash_attn_vivado/flash_attn_vivado.gen/sources_1/bd/flashattn_bd/ipshared/a7e3/hdl/axi_crossbar_v2_1_vl_rfs.v:3116]
INFO: [Synth 8-6157] synthesizing module 'axi_crossbar_v2_1_34_decerr_slave' [c:/Users/cfk30/OneDrive/Documents/ECE4910/thesis/flash_attn_vivado/flash_attn_vivado.gen/sources_1/bd/flashattn_bd/ipshared/a7e3/hdl/axi_crossbar_v2_1_vl_rfs.v:3493]
INFO: [Synth 8-155] case statement is not full and has no default [c:/Users/cfk30/OneDrive/Documents/ECE4910/thesis/flash_attn_vivado/flash_attn_vivado.gen/sources_1/bd/flashattn_bd/ipshared/a7e3/hdl/axi_crossbar_v2_1_vl_rfs.v:3626]
INFO: [Synth 8-6155] done synthesizing module 'axi_crossbar_v2_1_34_decerr_slave' (0#1) [c:/Users/cfk30/OneDrive/Documents/ECE4910/thesis/flash_attn_vivado/flash_attn_vivado.gen/sources_1/bd/flashattn_bd/ipshared/a7e3/hdl/axi_crossbar_v2_1_vl_rfs.v:3493]
INFO: [Synth 8-6157] synthesizing module 'axi_crossbar_v2_1_34_addr_arbiter' [c:/Users/cfk30/OneDrive/Documents/ECE4910/thesis/flash_attn_vivado/flash_attn_vivado.gen/sources_1/bd/flashattn_bd/ipshared/a7e3/hdl/axi_crossbar_v2_1_vl_rfs.v:420]
INFO: [Synth 8-6157] synthesizing module 'generic_baseblocks_v2_1_2_mux_enc__parameterized2' [c:/Users/cfk30/OneDrive/Documents/ECE4910/thesis/flash_attn_vivado/flash_attn_vivado.gen/sources_1/bd/flashattn_bd/ipshared/0c28/hdl/generic_baseblocks_v2_1_vl_rfs.v:2436]
INFO: [Synth 8-6155] done synthesizing module 'generic_baseblocks_v2_1_2_mux_enc__parameterized2' (0#1) [c:/Users/cfk30/OneDrive/Documents/ECE4910/thesis/flash_attn_vivado/flash_attn_vivado.gen/sources_1/bd/flashattn_bd/ipshared/0c28/hdl/generic_baseblocks_v2_1_vl_rfs.v:2436]
INFO: [Synth 8-6157] synthesizing module 'generic_baseblocks_v2_1_2_mux_enc__parameterized3' [c:/Users/cfk30/OneDrive/Documents/ECE4910/thesis/flash_attn_vivado/flash_attn_vivado.gen/sources_1/bd/flashattn_bd/ipshared/0c28/hdl/generic_baseblocks_v2_1_vl_rfs.v:2436]
INFO: [Synth 8-6155] done synthesizing module 'generic_baseblocks_v2_1_2_mux_enc__parameterized3' (0#1) [c:/Users/cfk30/OneDrive/Documents/ECE4910/thesis/flash_attn_vivado/flash_attn_vivado.gen/sources_1/bd/flashattn_bd/ipshared/0c28/hdl/generic_baseblocks_v2_1_vl_rfs.v:2436]
INFO: [Synth 8-6155] done synthesizing module 'axi_crossbar_v2_1_34_addr_arbiter' (0#1) [c:/Users/cfk30/OneDrive/Documents/ECE4910/thesis/flash_attn_vivado/flash_attn_vivado.gen/sources_1/bd/flashattn_bd/ipshared/a7e3/hdl/axi_crossbar_v2_1_vl_rfs.v:420]
INFO: [Synth 8-6155] done synthesizing module 'axi_crossbar_v2_1_34_crossbar' (0#1) [c:/Users/cfk30/OneDrive/Documents/ECE4910/thesis/flash_attn_vivado/flash_attn_vivado.gen/sources_1/bd/flashattn_bd/ipshared/a7e3/hdl/axi_crossbar_v2_1_vl_rfs.v:2232]
INFO: [Synth 8-6155] done synthesizing module 'axi_crossbar_v2_1_34_axi_crossbar' (0#1) [c:/Users/cfk30/OneDrive/Documents/ECE4910/thesis/flash_attn_vivado/flash_attn_vivado.gen/sources_1/bd/flashattn_bd/ipshared/a7e3/hdl/axi_crossbar_v2_1_vl_rfs.v:4871]
INFO: [Synth 8-6155] done synthesizing module 'flashattn_bd_axi_interconnect_0_imp_xbar_0' (0#1) [c:/Users/cfk30/OneDrive/Documents/ECE4910/thesis/flash_attn_vivado/flash_attn_vivado.gen/sources_1/bd/flashattn_bd/ip/flashattn_bd_axi_interconnect_0_imp_xbar_0/synth/flashattn_bd_axi_interconnect_0_imp_xbar_0.v:53]
WARNING: [Synth 8-6014] Unused sequential element areset_d1_reg was removed.  [c:/Users/cfk30/OneDrive/Documents/ECE4910/thesis/flash_attn_vivado/flash_attn_vivado.gen/sources_1/bd/flashattn_bd/ipshared/65ce/hdl/axi_data_fifo_v2_1_vl_rfs.v:747]
WARNING: [Synth 8-6014] Unused sequential element S_READY_i_reg was removed.  [c:/Users/cfk30/OneDrive/Documents/ECE4910/thesis/flash_attn_vivado/flash_attn_vivado.gen/sources_1/bd/flashattn_bd/ipshared/65ce/hdl/axi_data_fifo_v2_1_vl_rfs.v:786]
WARNING: [Synth 8-6014] Unused sequential element gen_single_thread.gen_debug_r_single_thread.debug_r_beat_cnt_i_reg was removed.  [c:/Users/cfk30/OneDrive/Documents/ECE4910/thesis/flash_attn_vivado/flash_attn_vivado.gen/sources_1/bd/flashattn_bd/ipshared/a7e3/hdl/axi_crossbar_v2_1_vl_rfs.v:4184]
WARNING: [Synth 8-6014] Unused sequential element gen_single_thread.active_id_reg was removed.  [c:/Users/cfk30/OneDrive/Documents/ECE4910/thesis/flash_attn_vivado/flash_attn_vivado.gen/sources_1/bd/flashattn_bd/ipshared/a7e3/hdl/axi_crossbar_v2_1_vl_rfs.v:4142]
WARNING: [Synth 8-6014] Unused sequential element gen_single_thread.gen_debug_r_single_thread.debug_r_beat_cnt_i_reg was removed.  [c:/Users/cfk30/OneDrive/Documents/ECE4910/thesis/flash_attn_vivado/flash_attn_vivado.gen/sources_1/bd/flashattn_bd/ipshared/a7e3/hdl/axi_crossbar_v2_1_vl_rfs.v:4184]
WARNING: [Synth 8-6014] Unused sequential element gen_single_thread.active_id_reg was removed.  [c:/Users/cfk30/OneDrive/Documents/ECE4910/thesis/flash_attn_vivado/flash_attn_vivado.gen/sources_1/bd/flashattn_bd/ipshared/a7e3/hdl/axi_crossbar_v2_1_vl_rfs.v:4142]
WARNING: [Synth 8-6014] Unused sequential element areset_d1_reg was removed.  [c:/Users/cfk30/OneDrive/Documents/ECE4910/thesis/flash_attn_vivado/flash_attn_vivado.gen/sources_1/bd/flashattn_bd/ipshared/65ce/hdl/axi_data_fifo_v2_1_vl_rfs.v:747]
WARNING: [Synth 8-6014] Unused sequential element S_READY_i_reg was removed.  [c:/Users/cfk30/OneDrive/Documents/ECE4910/thesis/flash_attn_vivado/flash_attn_vivado.gen/sources_1/bd/flashattn_bd/ipshared/65ce/hdl/axi_data_fifo_v2_1_vl_rfs.v:786]
WARNING: [Synth 8-6014] Unused sequential element s_ready_i_reg was removed.  [c:/Users/cfk30/OneDrive/Documents/ECE4910/thesis/flash_attn_vivado/flash_attn_vivado.gen/sources_1/bd/flashattn_bd/ipshared/65ce/hdl/axi_data_fifo_v2_1_vl_rfs.v:1034]
WARNING: [Synth 8-6014] Unused sequential element areset_d1_reg was removed.  [c:/Users/cfk30/OneDrive/Documents/ECE4910/thesis/flash_attn_vivado/flash_attn_vivado.gen/sources_1/bd/flashattn_bd/ipshared/65ce/hdl/axi_data_fifo_v2_1_vl_rfs.v:747]
WARNING: [Synth 8-6014] Unused sequential element S_READY_i_reg was removed.  [c:/Users/cfk30/OneDrive/Documents/ECE4910/thesis/flash_attn_vivado/flash_attn_vivado.gen/sources_1/bd/flashattn_bd/ipshared/65ce/hdl/axi_data_fifo_v2_1_vl_rfs.v:786]
WARNING: [Synth 8-6014] Unused sequential element s_ready_i_reg was removed.  [c:/Users/cfk30/OneDrive/Documents/ECE4910/thesis/flash_attn_vivado/flash_attn_vivado.gen/sources_1/bd/flashattn_bd/ipshared/65ce/hdl/axi_data_fifo_v2_1_vl_rfs.v:1034]
WARNING: [Synth 8-6014] Unused sequential element gen_master_slots[0].gen_mi_write.gen_debug_w.debug_w_beat_cnt_i_reg was removed.  [c:/Users/cfk30/OneDrive/Documents/ECE4910/thesis/flash_attn_vivado/flash_attn_vivado.gen/sources_1/bd/flashattn_bd/ipshared/a7e3/hdl/axi_crossbar_v2_1_vl_rfs.v:2991]
WARNING: [Synth 8-6014] Unused sequential element gen_master_slots[1].gen_mi_write.gen_debug_w.debug_w_beat_cnt_i_reg was removed.  [c:/Users/cfk30/OneDrive/Documents/ECE4910/thesis/flash_attn_vivado/flash_attn_vivado.gen/sources_1/bd/flashattn_bd/ipshared/a7e3/hdl/axi_crossbar_v2_1_vl_rfs.v:2991]
WARNING: [Synth 8-7129] Port ACLK in module axi_register_slice_v2_1_33_axic_register_slice is either unconnected or has no load
WARNING: [Synth 8-7129] Port ARESET in module axi_register_slice_v2_1_33_axic_register_slice is either unconnected or has no load
WARNING: [Synth 8-7129] Port ACLK in module axi_register_slice_v2_1_33_axic_register_slice__parameterized0 is either unconnected or has no load
WARNING: [Synth 8-7129] Port ARESET in module axi_register_slice_v2_1_33_axic_register_slice__parameterized0 is either unconnected or has no load
WARNING: [Synth 8-7129] Port m_axi_buser[0] in module axi_infrastructure_v1_1_0_vector2axi is either unconnected or has no load
WARNING: [Synth 8-7129] Port m_axi_ruser[0] in module axi_infrastructure_v1_1_0_vector2axi is either unconnected or has no load
WARNING: [Synth 8-7129] Port s_axi_awuser[0] in module axi_infrastructure_v1_1_0_axi2vector is either unconnected or has no load
WARNING: [Synth 8-7129] Port s_axi_wid[1] in module axi_infrastructure_v1_1_0_axi2vector is either unconnected or has no load
WARNING: [Synth 8-7129] Port s_axi_wid[0] in module axi_infrastructure_v1_1_0_axi2vector is either unconnected or has no load
WARNING: [Synth 8-7129] Port s_axi_wuser[0] in module axi_infrastructure_v1_1_0_axi2vector is either unconnected or has no load
WARNING: [Synth 8-7129] Port s_axi_aruser[0] in module axi_infrastructure_v1_1_0_axi2vector is either unconnected or has no load
WARNING: [Synth 8-7129] Port aclk2x in module axi_register_slice_v2_1_33_axi_register_slice is either unconnected or has no load
WARNING: [Synth 8-7129] Port ADDR[1] in module axi_crossbar_v2_1_34_addr_decoder is either unconnected or has no load
WARNING: [Synth 8-7129] Port ADDR[0] in module axi_crossbar_v2_1_34_addr_decoder is either unconnected or has no load
WARNING: [Synth 8-7129] Port S_ABURST[1] in module axi_crossbar_v2_1_34_si_transactor__parameterized2 is either unconnected or has no load
WARNING: [Synth 8-7129] Port S_ABURST[0] in module axi_crossbar_v2_1_34_si_transactor__parameterized2 is either unconnected or has no load
WARNING: [Synth 8-7129] Port S_ABURST[1] in module axi_crossbar_v2_1_34_si_transactor is either unconnected or has no load
WARNING: [Synth 8-7129] Port S_ABURST[0] in module axi_crossbar_v2_1_34_si_transactor is either unconnected or has no load
WARNING: [Synth 8-7129] Port S_AXI_AWID[7] in module axi_crossbar_v2_1_34_crossbar is either unconnected or has no load
WARNING: [Synth 8-7129] Port S_AXI_AWID[6] in module axi_crossbar_v2_1_34_crossbar is either unconnected or has no load
WARNING: [Synth 8-7129] Port S_AXI_AWID[5] in module axi_crossbar_v2_1_34_crossbar is either unconnected or has no load
WARNING: [Synth 8-7129] Port S_AXI_AWID[4] in module axi_crossbar_v2_1_34_crossbar is either unconnected or has no load
WARNING: [Synth 8-7129] Port S_AXI_AWID[3] in module axi_crossbar_v2_1_34_crossbar is either unconnected or has no load
WARNING: [Synth 8-7129] Port S_AXI_AWID[2] in module axi_crossbar_v2_1_34_crossbar is either unconnected or has no load
WARNING: [Synth 8-7129] Port S_AXI_AWID[1] in module axi_crossbar_v2_1_34_crossbar is either unconnected or has no load
WARNING: [Synth 8-7129] Port S_AXI_AWID[0] in module axi_crossbar_v2_1_34_crossbar is either unconnected or has no load
WARNING: [Synth 8-7129] Port S_AXI_AWADDR[95] in module axi_crossbar_v2_1_34_crossbar is either unconnected or has no load
WARNING: [Synth 8-7129] Port S_AXI_AWADDR[94] in module axi_crossbar_v2_1_34_crossbar is either unconnected or has no load
WARNING: [Synth 8-7129] Port S_AXI_AWADDR[93] in module axi_crossbar_v2_1_34_crossbar is either unconnected or has no load
WARNING: [Synth 8-7129] Port S_AXI_AWADDR[92] in module axi_crossbar_v2_1_34_crossbar is either unconnected or has no load
WARNING: [Synth 8-7129] Port S_AXI_AWADDR[91] in module axi_crossbar_v2_1_34_crossbar is either unconnected or has no load
WARNING: [Synth 8-7129] Port S_AXI_AWADDR[90] in module axi_crossbar_v2_1_34_crossbar is either unconnected or has no load
WARNING: [Synth 8-7129] Port S_AXI_AWADDR[89] in module axi_crossbar_v2_1_34_crossbar is either unconnected or has no load
WARNING: [Synth 8-7129] Port S_AXI_AWADDR[88] in module axi_crossbar_v2_1_34_crossbar is either unconnected or has no load
WARNING: [Synth 8-7129] Port S_AXI_AWADDR[87] in module axi_crossbar_v2_1_34_crossbar is either unconnected or has no load
WARNING: [Synth 8-7129] Port S_AXI_AWADDR[86] in module axi_crossbar_v2_1_34_crossbar is either unconnected or has no load
WARNING: [Synth 8-7129] Port S_AXI_AWADDR[85] in module axi_crossbar_v2_1_34_crossbar is either unconnected or has no load
WARNING: [Synth 8-7129] Port S_AXI_AWADDR[84] in module axi_crossbar_v2_1_34_crossbar is either unconnected or has no load
WARNING: [Synth 8-7129] Port S_AXI_AWADDR[83] in module axi_crossbar_v2_1_34_crossbar is either unconnected or has no load
WARNING: [Synth 8-7129] Port S_AXI_AWADDR[82] in module axi_crossbar_v2_1_34_crossbar is either unconnected or has no load
WARNING: [Synth 8-7129] Port S_AXI_AWADDR[81] in module axi_crossbar_v2_1_34_crossbar is either unconnected or has no load
WARNING: [Synth 8-7129] Port S_AXI_AWADDR[80] in module axi_crossbar_v2_1_34_crossbar is either unconnected or has no load
WARNING: [Synth 8-7129] Port S_AXI_AWADDR[79] in module axi_crossbar_v2_1_34_crossbar is either unconnected or has no load
WARNING: [Synth 8-7129] Port S_AXI_AWADDR[78] in module axi_crossbar_v2_1_34_crossbar is either unconnected or has no load
WARNING: [Synth 8-7129] Port S_AXI_AWADDR[77] in module axi_crossbar_v2_1_34_crossbar is either unconnected or has no load
WARNING: [Synth 8-7129] Port S_AXI_AWADDR[76] in module axi_crossbar_v2_1_34_crossbar is either unconnected or has no load
WARNING: [Synth 8-7129] Port S_AXI_AWADDR[75] in module axi_crossbar_v2_1_34_crossbar is either unconnected or has no load
WARNING: [Synth 8-7129] Port S_AXI_AWADDR[74] in module axi_crossbar_v2_1_34_crossbar is either unconnected or has no load
WARNING: [Synth 8-7129] Port S_AXI_AWADDR[73] in module axi_crossbar_v2_1_34_crossbar is either unconnected or has no load
WARNING: [Synth 8-7129] Port S_AXI_AWADDR[72] in module axi_crossbar_v2_1_34_crossbar is either unconnected or has no load
WARNING: [Synth 8-7129] Port S_AXI_AWADDR[71] in module axi_crossbar_v2_1_34_crossbar is either unconnected or has no load
WARNING: [Synth 8-7129] Port S_AXI_AWADDR[70] in module axi_crossbar_v2_1_34_crossbar is either unconnected or has no load
WARNING: [Synth 8-7129] Port S_AXI_AWADDR[69] in module axi_crossbar_v2_1_34_crossbar is either unconnected or has no load
WARNING: [Synth 8-7129] Port S_AXI_AWADDR[68] in module axi_crossbar_v2_1_34_crossbar is either unconnected or has no load
WARNING: [Synth 8-7129] Port S_AXI_AWADDR[67] in module axi_crossbar_v2_1_34_crossbar is either unconnected or has no load
WARNING: [Synth 8-7129] Port S_AXI_AWADDR[66] in module axi_crossbar_v2_1_34_crossbar is either unconnected or has no load
WARNING: [Synth 8-7129] Port S_AXI_AWADDR[65] in module axi_crossbar_v2_1_34_crossbar is either unconnected or has no load
WARNING: [Synth 8-7129] Port S_AXI_AWADDR[64] in module axi_crossbar_v2_1_34_crossbar is either unconnected or has no load
WARNING: [Synth 8-7129] Port S_AXI_AWADDR[63] in module axi_crossbar_v2_1_34_crossbar is either unconnected or has no load
WARNING: [Synth 8-7129] Port S_AXI_AWADDR[62] in module axi_crossbar_v2_1_34_crossbar is either unconnected or has no load
WARNING: [Synth 8-7129] Port S_AXI_AWADDR[61] in module axi_crossbar_v2_1_34_crossbar is either unconnected or has no load
WARNING: [Synth 8-7129] Port S_AXI_AWADDR[60] in module axi_crossbar_v2_1_34_crossbar is either unconnected or has no load
WARNING: [Synth 8-7129] Port S_AXI_AWADDR[59] in module axi_crossbar_v2_1_34_crossbar is either unconnected or has no load
WARNING: [Synth 8-7129] Port S_AXI_AWADDR[58] in module axi_crossbar_v2_1_34_crossbar is either unconnected or has no load
WARNING: [Synth 8-7129] Port S_AXI_AWADDR[57] in module axi_crossbar_v2_1_34_crossbar is either unconnected or has no load
WARNING: [Synth 8-7129] Port S_AXI_AWADDR[56] in module axi_crossbar_v2_1_34_crossbar is either unconnected or has no load
WARNING: [Synth 8-7129] Port S_AXI_AWADDR[55] in module axi_crossbar_v2_1_34_crossbar is either unconnected or has no load
WARNING: [Synth 8-7129] Port S_AXI_AWADDR[54] in module axi_crossbar_v2_1_34_crossbar is either unconnected or has no load
WARNING: [Synth 8-7129] Port S_AXI_AWADDR[53] in module axi_crossbar_v2_1_34_crossbar is either unconnected or has no load
WARNING: [Synth 8-7129] Port S_AXI_AWADDR[52] in module axi_crossbar_v2_1_34_crossbar is either unconnected or has no load
WARNING: [Synth 8-7129] Port S_AXI_AWADDR[51] in module axi_crossbar_v2_1_34_crossbar is either unconnected or has no load
WARNING: [Synth 8-7129] Port S_AXI_AWADDR[50] in module axi_crossbar_v2_1_34_crossbar is either unconnected or has no load
WARNING: [Synth 8-7129] Port S_AXI_AWADDR[49] in module axi_crossbar_v2_1_34_crossbar is either unconnected or has no load
WARNING: [Synth 8-7129] Port S_AXI_AWADDR[48] in module axi_crossbar_v2_1_34_crossbar is either unconnected or has no load
WARNING: [Synth 8-7129] Port S_AXI_AWADDR[47] in module axi_crossbar_v2_1_34_crossbar is either unconnected or has no load
WARNING: [Synth 8-7129] Port S_AXI_AWADDR[46] in module axi_crossbar_v2_1_34_crossbar is either unconnected or has no load
WARNING: [Synth 8-7129] Port S_AXI_AWADDR[45] in module axi_crossbar_v2_1_34_crossbar is either unconnected or has no load
WARNING: [Synth 8-7129] Port S_AXI_AWADDR[44] in module axi_crossbar_v2_1_34_crossbar is either unconnected or has no load
WARNING: [Synth 8-7129] Port S_AXI_AWADDR[43] in module axi_crossbar_v2_1_34_crossbar is either unconnected or has no load
WARNING: [Synth 8-7129] Port S_AXI_AWADDR[42] in module axi_crossbar_v2_1_34_crossbar is either unconnected or has no load
WARNING: [Synth 8-7129] Port S_AXI_AWADDR[41] in module axi_crossbar_v2_1_34_crossbar is either unconnected or has no load
WARNING: [Synth 8-7129] Port S_AXI_AWADDR[40] in module axi_crossbar_v2_1_34_crossbar is either unconnected or has no load
WARNING: [Synth 8-7129] Port S_AXI_AWADDR[39] in module axi_crossbar_v2_1_34_crossbar is either unconnected or has no load
WARNING: [Synth 8-7129] Port S_AXI_AWADDR[38] in module axi_crossbar_v2_1_34_crossbar is either unconnected or has no load
WARNING: [Synth 8-7129] Port S_AXI_AWADDR[37] in module axi_crossbar_v2_1_34_crossbar is either unconnected or has no load
WARNING: [Synth 8-7129] Port S_AXI_AWADDR[36] in module axi_crossbar_v2_1_34_crossbar is either unconnected or has no load
WARNING: [Synth 8-7129] Port S_AXI_AWADDR[35] in module axi_crossbar_v2_1_34_crossbar is either unconnected or has no load
WARNING: [Synth 8-7129] Port S_AXI_AWADDR[34] in module axi_crossbar_v2_1_34_crossbar is either unconnected or has no load
WARNING: [Synth 8-7129] Port S_AXI_AWADDR[33] in module axi_crossbar_v2_1_34_crossbar is either unconnected or has no load
WARNING: [Synth 8-7129] Port S_AXI_AWADDR[32] in module axi_crossbar_v2_1_34_crossbar is either unconnected or has no load
WARNING: [Synth 8-7129] Port S_AXI_AWADDR[31] in module axi_crossbar_v2_1_34_crossbar is either unconnected or has no load
WARNING: [Synth 8-7129] Port S_AXI_AWADDR[30] in module axi_crossbar_v2_1_34_crossbar is either unconnected or has no load
WARNING: [Synth 8-7129] Port S_AXI_AWADDR[29] in module axi_crossbar_v2_1_34_crossbar is either unconnected or has no load
WARNING: [Synth 8-7129] Port S_AXI_AWADDR[28] in module axi_crossbar_v2_1_34_crossbar is either unconnected or has no load
WARNING: [Synth 8-7129] Port S_AXI_AWADDR[27] in module axi_crossbar_v2_1_34_crossbar is either unconnected or has no load
WARNING: [Synth 8-7129] Port S_AXI_AWADDR[26] in module axi_crossbar_v2_1_34_crossbar is either unconnected or has no load
WARNING: [Synth 8-7129] Port S_AXI_AWADDR[25] in module axi_crossbar_v2_1_34_crossbar is either unconnected or has no load
WARNING: [Synth 8-7129] Port S_AXI_AWADDR[24] in module axi_crossbar_v2_1_34_crossbar is either unconnected or has no load
WARNING: [Synth 8-7129] Port S_AXI_AWADDR[23] in module axi_crossbar_v2_1_34_crossbar is either unconnected or has no load
WARNING: [Synth 8-7129] Port S_AXI_AWADDR[22] in module axi_crossbar_v2_1_34_crossbar is either unconnected or has no load
INFO: [Common 17-14] Message 'Synth 8-7129' appears 100 times and further instances of the messages will be disabled. Use the Tcl command set_msg_config to change the current settings.
---------------------------------------------------------------------------------
Finished RTL Elaboration : Time (s): cpu = 00:00:12 ; elapsed = 00:00:13 . Memory (MB): peak = 1594.738 ; gain = 722.598
---------------------------------------------------------------------------------
---------------------------------------------------------------------------------
Start Handling Custom Attributes
---------------------------------------------------------------------------------
---------------------------------------------------------------------------------
Finished Handling Custom Attributes : Time (s): cpu = 00:00:12 ; elapsed = 00:00:13 . Memory (MB): peak = 1594.738 ; gain = 722.598
---------------------------------------------------------------------------------
---------------------------------------------------------------------------------
Finished RTL Optimization Phase 1 : Time (s): cpu = 00:00:12 ; elapsed = 00:00:13 . Memory (MB): peak = 1594.738 ; gain = 722.598
---------------------------------------------------------------------------------
Netlist sorting complete. Time (s): cpu = 00:00:01 ; elapsed = 00:00:00.083 . Memory (MB): peak = 1594.738 ; gain = 0.000
INFO: [Project 1-570] Preparing netlist for logic optimization

Processing XDC Constraints
Initializing timing engine
Parsing XDC File [c:/Users/cfk30/OneDrive/Documents/ECE4910/thesis/flash_attn_vivado/flash_attn_vivado.gen/sources_1/bd/flashattn_bd/ip/flashattn_bd_axi_interconnect_0_imp_xbar_0/flashattn_bd_axi_interconnect_0_imp_xbar_0_ooc.xdc] for cell 'inst'
Finished Parsing XDC File [c:/Users/cfk30/OneDrive/Documents/ECE4910/thesis/flash_attn_vivado/flash_attn_vivado.gen/sources_1/bd/flashattn_bd/ip/flashattn_bd_axi_interconnect_0_imp_xbar_0/flashattn_bd_axi_interconnect_0_imp_xbar_0_ooc.xdc] for cell 'inst'
Parsing XDC File [C:/Users/cfk30/OneDrive/Documents/ECE4910/thesis/flash_attn_vivado/flash_attn_vivado.runs/flashattn_bd_axi_interconnect_0_imp_xbar_0_synth_1/dont_touch.xdc]
Finished Parsing XDC File [C:/Users/cfk30/OneDrive/Documents/ECE4910/thesis/flash_attn_vivado/flash_attn_vivado.runs/flashattn_bd_axi_interconnect_0_imp_xbar_0_synth_1/dont_touch.xdc]
Completed Processing XDC Constraints

Netlist sorting complete. Time (s): cpu = 00:00:00 ; elapsed = 00:00:00.001 . Memory (MB): peak = 1685.820 ; gain = 0.000
INFO: [Project 1-111] Unisim Transformation Summary:
No Unisim elements were transformed.

Constraint Validation Runtime : Time (s): cpu = 00:00:00 ; elapsed = 00:00:00.056 . Memory (MB): peak = 1686.051 ; gain = 0.230
INFO: [Designutils 20-5008] Incremental synthesis strategy off
---------------------------------------------------------------------------------
Finished Constraint Validation : Time (s): cpu = 00:00:19 ; elapsed = 00:00:20 . Memory (MB): peak = 1686.051 ; gain = 813.910
---------------------------------------------------------------------------------
---------------------------------------------------------------------------------
Start Loading Part and Timing Information
---------------------------------------------------------------------------------
Loading part: xc7z020clg400-1
---------------------------------------------------------------------------------
Finished Loading Part and Timing Information : Time (s): cpu = 00:00:19 ; elapsed = 00:00:20 . Memory (MB): peak = 1686.051 ; gain = 813.910
---------------------------------------------------------------------------------
---------------------------------------------------------------------------------
Start Applying 'set_property' XDC Constraints
---------------------------------------------------------------------------------
Applied set_property KEEP_HIERARCHY = SOFT for inst. (constraint file  C:/Users/cfk30/OneDrive/Documents/ECE4910/thesis/flash_attn_vivado/flash_attn_vivado.runs/flashattn_bd_axi_interconnect_0_imp_xbar_0_synth_1/dont_touch.xdc, line 9).
---------------------------------------------------------------------------------
Finished applying 'set_property' XDC Constraints : Time (s): cpu = 00:00:19 ; elapsed = 00:00:20 . Memory (MB): peak = 1686.051 ; gain = 813.910
---------------------------------------------------------------------------------
INFO: [Synth 8-802] inferred FSM for state register 'state_reg' in module 'axi_data_fifo_v2_1_32_axic_reg_srl_fifo'
INFO: [Synth 8-802] inferred FSM for state register 'state_reg' in module 'axi_data_fifo_v2_1_32_axic_reg_srl_fifo__parameterized0'
INFO: [Synth 8-802] inferred FSM for state register 'state_reg' in module 'axi_data_fifo_v2_1_32_axic_reg_srl_fifo__parameterized1'
INFO: [Synth 8-802] inferred FSM for state register 'gen_axi.write_cs_reg' in module 'axi_crossbar_v2_1_34_decerr_slave'
---------------------------------------------------------------------------------------------------
                   State |                     New Encoding |                Previous Encoding 
---------------------------------------------------------------------------------------------------
                    ZERO |                              100 |                               10
                     ONE |                              010 |                               11
                     TWO |                              001 |                               01
---------------------------------------------------------------------------------------------------
INFO: [Synth 8-3354] encoded FSM with state register 'state_reg' using encoding 'one-hot' in module 'axi_data_fifo_v2_1_32_axic_reg_srl_fifo'
---------------------------------------------------------------------------------------------------
                   State |                     New Encoding |                Previous Encoding 
---------------------------------------------------------------------------------------------------
                    ZERO |                              100 |                               10
                     ONE |                              010 |                               11
                     TWO |                              001 |                               01
---------------------------------------------------------------------------------------------------
INFO: [Synth 8-3354] encoded FSM with state register 'state_reg' using encoding 'one-hot' in module 'axi_data_fifo_v2_1_32_axic_reg_srl_fifo__parameterized0'
---------------------------------------------------------------------------------------------------
                   State |                     New Encoding |                Previous Encoding 
---------------------------------------------------------------------------------------------------
                    ZERO |                              100 |                               10
                     ONE |                              010 |                               11
                     TWO |                              001 |                               01
---------------------------------------------------------------------------------------------------
INFO: [Synth 8-3354] encoded FSM with state register 'state_reg' using encoding 'one-hot' in module 'axi_data_fifo_v2_1_32_axic_reg_srl_fifo__parameterized1'
---------------------------------------------------------------------------------------------------
                   State |                     New Encoding |                Previous Encoding 
---------------------------------------------------------------------------------------------------
            P_WRITE_IDLE |                              001 |                               00
            P_WRITE_DATA |                              010 |                               01
            P_WRITE_RESP |                              100 |                               10
---------------------------------------------------------------------------------------------------
INFO: [Synth 8-3354] encoded FSM with state register 'gen_axi.write_cs_reg' using encoding 'one-hot' in module 'axi_crossbar_v2_1_34_decerr_slave'
---------------------------------------------------------------------------------
Finished RTL Optimization Phase 2 : Time (s): cpu = 00:00:19 ; elapsed = 00:00:20 . Memory (MB): peak = 1686.051 ; gain = 813.910
---------------------------------------------------------------------------------
---------------------------------------------------------------------------------
Start RTL Component Statistics 
---------------------------------------------------------------------------------
Detailed RTL Component Info : 
+---Adders : 
	   2 Input    8 Bit       Adders := 3     
	   2 Input    5 Bit       Adders := 8     
	   2 Input    4 Bit       Adders := 3     
	   2 Input    3 Bit       Adders := 3     
	   2 Input    2 Bit       Adders := 3     
	   2 Input    1 Bit       Adders := 4     
+---XORs : 
	   2 Input      1 Bit         XORs := 9     
+---Registers : 
	               69 Bit    Registers := 4     
	               65 Bit    Registers := 2     
	                8 Bit    Registers := 3     
	                5 Bit    Registers := 8     
	                4 Bit    Registers := 15    
	                3 Bit    Registers := 2     
	                2 Bit    Registers := 20    
	                1 Bit    Registers := 37    
+---Muxes : 
	   2 Input   69 Bit        Muxes := 4     
	   2 Input   16 Bit        Muxes := 4     
	   2 Input    8 Bit        Muxes := 1     
	   2 Input    4 Bit        Muxes := 6     
	   3 Input    3 Bit        Muxes := 3     
	   2 Input    3 Bit        Muxes := 10    
	   2 Input    2 Bit        Muxes := 20    
	   2 Input    1 Bit        Muxes := 92    
	   3 Input    1 Bit        Muxes := 17    
---------------------------------------------------------------------------------
Finished RTL Component Statistics 
---------------------------------------------------------------------------------
---------------------------------------------------------------------------------
Start Part Resource Summary
---------------------------------------------------------------------------------
Part Resources:
DSPs: 220 (col length:60)
BRAMs: 280 (col length: RAMB18 60 RAMB36 30)
---------------------------------------------------------------------------------
Finished Part Resource Summary
---------------------------------------------------------------------------------
---------------------------------------------------------------------------------
Start Cross Boundary and Area Optimization
---------------------------------------------------------------------------------
WARNING: [Synth 8-7080] Parallel synthesis criteria is not met
---------------------------------------------------------------------------------
Finished Cross Boundary and Area Optimization : Time (s): cpu = 00:00:22 ; elapsed = 00:00:24 . Memory (MB): peak = 1686.051 ; gain = 813.910
---------------------------------------------------------------------------------
---------------------------------------------------------------------------------
Start Applying XDC Timing Constraints
---------------------------------------------------------------------------------
---------------------------------------------------------------------------------
Finished Applying XDC Timing Constraints : Time (s): cpu = 00:00:27 ; elapsed = 00:00:28 . Memory (MB): peak = 1686.051 ; gain = 813.910
---------------------------------------------------------------------------------
---------------------------------------------------------------------------------
Start Timing Optimization
---------------------------------------------------------------------------------
---------------------------------------------------------------------------------
Finished Timing Optimization : Time (s): cpu = 00:00:29 ; elapsed = 00:00:30 . Memory (MB): peak = 1748.672 ; gain = 876.531
---------------------------------------------------------------------------------
---------------------------------------------------------------------------------
Start Technology Mapping
---------------------------------------------------------------------------------
---------------------------------------------------------------------------------
Finished Technology Mapping : Time (s): cpu = 00:00:29 ; elapsed = 00:00:30 . Memory (MB): peak = 1756.141 ; gain = 884.000
---------------------------------------------------------------------------------
---------------------------------------------------------------------------------
Start IO Insertion
---------------------------------------------------------------------------------
---------------------------------------------------------------------------------
Start Flattening Before IO Insertion
---------------------------------------------------------------------------------
---------------------------------------------------------------------------------
Finished Flattening Before IO Insertion
---------------------------------------------------------------------------------
---------------------------------------------------------------------------------
Start Final Netlist Cleanup
---------------------------------------------------------------------------------
---------------------------------------------------------------------------------
Finished Final Netlist Cleanup
---------------------------------------------------------------------------------
---------------------------------------------------------------------------------
Finished IO Insertion : Time (s): cpu = 00:00:32 ; elapsed = 00:00:33 . Memory (MB): peak = 1930.102 ; gain = 1057.961
---------------------------------------------------------------------------------
---------------------------------------------------------------------------------
Start Renaming Generated Instances
---------------------------------------------------------------------------------
---------------------------------------------------------------------------------
Finished Renaming Generated Instances : Time (s): cpu = 00:00:32 ; elapsed = 00:00:33 . Memory (MB): peak = 1930.102 ; gain = 1057.961
---------------------------------------------------------------------------------
---------------------------------------------------------------------------------
Start Rebuilding User Hierarchy
---------------------------------------------------------------------------------
---------------------------------------------------------------------------------
Finished Rebuilding User Hierarchy : Time (s): cpu = 00:00:32 ; elapsed = 00:00:33 . Memory (MB): peak = 1930.102 ; gain = 1057.961
---------------------------------------------------------------------------------
---------------------------------------------------------------------------------
Start Renaming Generated Ports
---------------------------------------------------------------------------------
---------------------------------------------------------------------------------
Finished Renaming Generated Ports : Time (s): cpu = 00:00:32 ; elapsed = 00:00:33 . Memory (MB): peak = 1930.102 ; gain = 1057.961
---------------------------------------------------------------------------------
---------------------------------------------------------------------------------
Start Handling Custom Attributes
---------------------------------------------------------------------------------
---------------------------------------------------------------------------------
Finished Handling Custom Attributes : Time (s): cpu = 00:00:32 ; elapsed = 00:00:33 . Memory (MB): peak = 1930.102 ; gain = 1057.961
---------------------------------------------------------------------------------
---------------------------------------------------------------------------------
Start Renaming Generated Nets
---------------------------------------------------------------------------------
---------------------------------------------------------------------------------
Finished Renaming Generated Nets : Time (s): cpu = 00:00:32 ; elapsed = 00:00:33 . Memory (MB): peak = 1930.102 ; gain = 1057.961
---------------------------------------------------------------------------------
---------------------------------------------------------------------------------
Start Writing Synthesis Report
---------------------------------------------------------------------------------

Report BlackBoxes: 
+-+--------------+----------+
| |BlackBox name |Instances |
+-+--------------+----------+
+-+--------------+----------+

Report Cell Usage: 
+------+--------+------+
|      |Cell    |Count |
+------+--------+------+
|1     |LUT1    |    11|
|2     |LUT2    |   275|
|3     |LUT3    |   187|
|4     |LUT4    |    44|
|5     |LUT5    |   125|
|6     |LUT6    |    71|
|7     |SRLC32E |     5|
|8     |FDRE    |   375|
|9     |FDSE    |    18|
+------+--------+------+
---------------------------------------------------------------------------------
Finished Writing Synthesis Report : Time (s): cpu = 00:00:32 ; elapsed = 00:00:33 . Memory (MB): peak = 1930.102 ; gain = 1057.961
---------------------------------------------------------------------------------
Synthesis finished with 0 errors, 0 critical warnings and 1002 warnings.
Synthesis Optimization Runtime : Time (s): cpu = 00:00:18 ; elapsed = 00:00:31 . Memory (MB): peak = 1930.102 ; gain = 966.648
Synthesis Optimization Complete : Time (s): cpu = 00:00:32 ; elapsed = 00:00:33 . Memory (MB): peak = 1930.102 ; gain = 1057.961
INFO: [Project 1-571] Translating synthesized netlist
Netlist sorting complete. Time (s): cpu = 00:00:00 ; elapsed = 00:00:00.026 . Memory (MB): peak = 1930.102 ; gain = 0.000
INFO: [Project 1-570] Preparing netlist for logic optimization
INFO: [Opt 31-138] Pushed 0 inverter(s) to 0 load pin(s).
Netlist sorting complete. Time (s): cpu = 00:00:00 ; elapsed = 00:00:00 . Memory (MB): peak = 1934.684 ; gain = 0.000
INFO: [Project 1-111] Unisim Transformation Summary:
No Unisim elements were transformed.

Synth Design complete | Checksum: 674119b2
INFO: [Common 17-83] Releasing license: Synthesis
114 Infos, 126 Warnings, 0 Critical Warnings and 0 Errors encountered.
synth_design completed successfully
synth_design: Time (s): cpu = 00:00:36 ; elapsed = 00:00:37 . Memory (MB): peak = 1934.684 ; gain = 1295.547
Write ShapeDB Complete: Time (s): cpu = 00:00:00 ; elapsed = 00:00:00.003 . Memory (MB): peak = 1934.684 ; gain = 0.000
INFO: [Common 17-1381] The checkpoint 'C:/Users/cfk30/OneDrive/Documents/ECE4910/thesis/flash_attn_vivado/flash_attn_vivado.runs/flashattn_bd_axi_interconnect_0_imp_xbar_0_synth_1/flashattn_bd_axi_interconnect_0_imp_xbar_0.dcp' has been generated.
INFO: [Coretcl 2-1648] Added synthesis output to IP cache for IP flashattn_bd_axi_interconnect_0_imp_xbar_0, cache-ID = b7c0625168993f4b
INFO: [Coretcl 2-1174] Renamed 28 cell refs.
Write ShapeDB Complete: Time (s): cpu = 00:00:00 ; elapsed = 00:00:00.002 . Memory (MB): peak = 1934.684 ; gain = 0.000
INFO: [Common 17-1381] The checkpoint 'C:/Users/cfk30/OneDrive/Documents/ECE4910/thesis/flash_attn_vivado/flash_attn_vivado.runs/flashattn_bd_axi_interconnect_0_imp_xbar_0_synth_1/flashattn_bd_axi_interconnect_0_imp_xbar_0.dcp' has been generated.
INFO: [Vivado 12-24828] Executing command : report_utilization -file flashattn_bd_axi_interconnect_0_imp_xbar_0_utilization_synth.rpt -pb flashattn_bd_axi_interconnect_0_imp_xbar_0_utilization_synth.pb
INFO: [Common 17-206] Exiting Vivado at Wed Apr  9 14:57:48 2025...
